{"C:\\Users\\Asus\\Project_Clone\\finalProject2-Muhammad-Rofi-Dailamy\\day-edu-tech-be\\src\\controllers\\auth.controller.js": {"path":"C:\\Users\\Asus\\Project_Clone\\finalProject2-Muhammad-Rofi-Dailamy\\day-edu-tech-be\\src\\controllers\\auth.controller.js","statementMap":{"0":{"start":{"line":2,"column":0},"end":{"line":2,"column":16}},"1":{"start":{"line":4,"column":53},"end":{"line":4,"column":55}},"2":{"start":{"line":15,"column":19},"end":{"line":15,"column":49}},"3":{"start":{"line":16,"column":18},"end":{"line":16,"column":42}},"4":{"start":{"line":18,"column":24},"end":{"line":105,"column":1}},"5":{"start":{"line":19,"column":20},"end":{"line":19,"column":49}},"6":{"start":{"line":20,"column":2},"end":{"line":104,"column":3}},"7":{"start":{"line":21,"column":4},"end":{"line":21,"column":65}},"8":{"start":{"line":22,"column":17},"end":{"line":29,"column":5}},"9":{"start":{"line":30,"column":17},"end":{"line":33,"column":6}},"10":{"start":{"line":34,"column":4},"end":{"line":39,"column":5}},"11":{"start":{"line":35,"column":6},"end":{"line":38,"column":9}},"12":{"start":{"line":40,"column":4},"end":{"line":46,"column":6}},"13":{"start":{"line":47,"column":4},"end":{"line":58,"column":6}},"14":{"start":{"line":59,"column":18},"end":{"line":68,"column":5}},"15":{"start":{"line":69,"column":24},"end":{"line":75,"column":6}},"16":{"start":{"line":76,"column":32},"end":{"line":79,"column":5}},"17":{"start":{"line":80,"column":21},"end":{"line":80,"column":60}},"18":{"start":{"line":81,"column":23},"end":{"line":86,"column":6}},"19":{"start":{"line":87,"column":24},"end":{"line":92,"column":5}},"20":{"start":{"line":93,"column":4},"end":{"line":93,"column":44}},"21":{"start":{"line":94,"column":4},"end":{"line":94,"column":31}},"22":{"start":{"line":95,"column":4},"end":{"line":99,"column":7}},"23":{"start":{"line":101,"column":4},"end":{"line":101,"column":33}},"24":{"start":{"line":102,"column":4},"end":{"line":102,"column":33}},"25":{"start":{"line":103,"column":4},"end":{"line":103,"column":40}},"26":{"start":{"line":106,"column":21},"end":{"line":158,"column":1}},"27":{"start":{"line":107,"column":30},"end":{"line":107,"column":38}},"28":{"start":{"line":108,"column":2},"end":{"line":157,"column":3}},"29":{"start":{"line":109,"column":17},"end":{"line":119,"column":6}},"30":{"start":{"line":120,"column":4},"end":{"line":125,"column":5}},"31":{"start":{"line":121,"column":6},"end":{"line":124,"column":9}},"32":{"start":{"line":126,"column":4},"end":{"line":126,"column":70}},"33":{"start":{"line":127,"column":4},"end":{"line":132,"column":5}},"34":{"start":{"line":128,"column":6},"end":{"line":131,"column":9}},"35":{"start":{"line":134,"column":18},"end":{"line":142,"column":5}},"36":{"start":{"line":143,"column":4},"end":{"line":148,"column":7}},"37":{"start":{"line":149,"column":4},"end":{"line":153,"column":7}},"38":{"start":{"line":155,"column":4},"end":{"line":155,"column":33}},"39":{"start":{"line":156,"column":4},"end":{"line":156,"column":40}},"40":{"start":{"line":159,"column":34},"end":{"line":251,"column":1}},"41":{"start":{"line":160,"column":22},"end":{"line":160,"column":30}},"42":{"start":{"line":161,"column":20},"end":{"line":161,"column":49}},"43":{"start":{"line":162,"column":2},"end":{"line":250,"column":3}},"44":{"start":{"line":164,"column":25},"end":{"line":164,"column":66}},"45":{"start":{"line":165,"column":15},"end":{"line":183,"column":6}},"46":{"start":{"line":185,"column":4},"end":{"line":222,"column":5}},"47":{"start":{"line":186,"column":6},"end":{"line":196,"column":8}},"48":{"start":{"line":197,"column":6},"end":{"line":208,"column":8}},"49":{"start":{"line":209,"column":6},"end":{"line":220,"column":8}},"50":{"start":{"line":221,"column":6},"end":{"line":221,"column":56}},"51":{"start":{"line":223,"column":4},"end":{"line":223,"column":31}},"52":{"start":{"line":224,"column":18},"end":{"line":232,"column":5}},"53":{"start":{"line":233,"column":4},"end":{"line":233,"column":32}},"54":{"start":{"line":234,"column":4},"end":{"line":234,"column":28}},"55":{"start":{"line":235,"column":4},"end":{"line":240,"column":7}},"56":{"start":{"line":241,"column":4},"end":{"line":245,"column":7}},"57":{"start":{"line":247,"column":4},"end":{"line":247,"column":33}},"58":{"start":{"line":248,"column":4},"end":{"line":248,"column":33}},"59":{"start":{"line":249,"column":4},"end":{"line":249,"column":40}},"60":{"start":{"line":253,"column":22},"end":{"line":264,"column":1}},"61":{"start":{"line":254,"column":2},"end":{"line":263,"column":3}},"62":{"start":{"line":255,"column":4},"end":{"line":255,"column":35}},"63":{"start":{"line":256,"column":4},"end":{"line":259,"column":7}},"64":{"start":{"line":261,"column":4},"end":{"line":261,"column":33}},"65":{"start":{"line":262,"column":4},"end":{"line":262,"column":40}},"66":{"start":{"line":265,"column":30},"end":{"line":321,"column":1}},"67":{"start":{"line":266,"column":20},"end":{"line":266,"column":28}},"68":{"start":{"line":267,"column":2},"end":{"line":320,"column":3}},"69":{"start":{"line":268,"column":17},"end":{"line":270,"column":6}},"70":{"start":{"line":271,"column":4},"end":{"line":276,"column":5}},"71":{"start":{"line":272,"column":6},"end":{"line":275,"column":9}},"72":{"start":{"line":277,"column":18},"end":{"line":286,"column":5}},"73":{"start":{"line":287,"column":24},"end":{"line":293,"column":6}},"74":{"start":{"line":294,"column":32},"end":{"line":297,"column":5}},"75":{"start":{"line":298,"column":21},"end":{"line":298,"column":60}},"76":{"start":{"line":299,"column":23},"end":{"line":304,"column":6}},"77":{"start":{"line":305,"column":24},"end":{"line":310,"column":5}},"78":{"start":{"line":311,"column":4},"end":{"line":311,"column":44}},"79":{"start":{"line":312,"column":4},"end":{"line":316,"column":7}},"80":{"start":{"line":318,"column":4},"end":{"line":318,"column":33}},"81":{"start":{"line":319,"column":4},"end":{"line":319,"column":40}},"82":{"start":{"line":323,"column":27},"end":{"line":355,"column":1}},"83":{"start":{"line":324,"column":2},"end":{"line":354,"column":3}},"84":{"start":{"line":325,"column":22},"end":{"line":325,"column":31}},"85":{"start":{"line":326,"column":4},"end":{"line":331,"column":5}},"86":{"start":{"line":327,"column":6},"end":{"line":330,"column":9}},"87":{"start":{"line":332,"column":25},"end":{"line":332,"column":66}},"88":{"start":{"line":333,"column":4},"end":{"line":338,"column":5}},"89":{"start":{"line":334,"column":6},"end":{"line":337,"column":9}},"90":{"start":{"line":339,"column":17},"end":{"line":341,"column":6}},"91":{"start":{"line":342,"column":4},"end":{"line":347,"column":5}},"92":{"start":{"line":343,"column":6},"end":{"line":346,"column":9}},"93":{"start":{"line":348,"column":4},"end":{"line":348,"column":25}},"94":{"start":{"line":349,"column":4},"end":{"line":349,"column":22}},"95":{"start":{"line":350,"column":4},"end":{"line":350,"column":49}},"96":{"start":{"line":352,"column":4},"end":{"line":352,"column":33}},"97":{"start":{"line":353,"column":4},"end":{"line":353,"column":40}},"98":{"start":{"line":357,"column":29},"end":{"line":393,"column":1}},"99":{"start":{"line":358,"column":2},"end":{"line":392,"column":3}},"100":{"start":{"line":359,"column":25},"end":{"line":359,"column":33}},"101":{"start":{"line":360,"column":22},"end":{"line":360,"column":31}},"102":{"start":{"line":361,"column":4},"end":{"line":366,"column":5}},"103":{"start":{"line":362,"column":6},"end":{"line":365,"column":9}},"104":{"start":{"line":367,"column":25},"end":{"line":367,"column":66}},"105":{"start":{"line":368,"column":4},"end":{"line":373,"column":5}},"106":{"start":{"line":369,"column":6},"end":{"line":372,"column":9}},"107":{"start":{"line":374,"column":17},"end":{"line":376,"column":6}},"108":{"start":{"line":377,"column":4},"end":{"line":382,"column":5}},"109":{"start":{"line":378,"column":6},"end":{"line":381,"column":9}},"110":{"start":{"line":383,"column":4},"end":{"line":383,"column":52}},"111":{"start":{"line":384,"column":4},"end":{"line":384,"column":22}},"112":{"start":{"line":385,"column":4},"end":{"line":388,"column":7}},"113":{"start":{"line":390,"column":4},"end":{"line":390,"column":33}},"114":{"start":{"line":391,"column":4},"end":{"line":391,"column":40}}},"fnMap":{"0":{"name":"(anonymous_0)","decl":{"start":{"line":18,"column":24},"end":{"line":18,"column":25}},"loc":{"start":{"line":18,"column":44},"end":{"line":105,"column":1}},"line":18},"1":{"name":"(anonymous_1)","decl":{"start":{"line":106,"column":21},"end":{"line":106,"column":22}},"loc":{"start":{"line":106,"column":41},"end":{"line":158,"column":1}},"line":106},"2":{"name":"(anonymous_2)","decl":{"start":{"line":159,"column":34},"end":{"line":159,"column":35}},"loc":{"start":{"line":159,"column":54},"end":{"line":251,"column":1}},"line":159},"3":{"name":"(anonymous_3)","decl":{"start":{"line":253,"column":22},"end":{"line":253,"column":23}},"loc":{"start":{"line":253,"column":42},"end":{"line":264,"column":1}},"line":253},"4":{"name":"(anonymous_4)","decl":{"start":{"line":265,"column":30},"end":{"line":265,"column":31}},"loc":{"start":{"line":265,"column":50},"end":{"line":321,"column":1}},"line":265},"5":{"name":"(anonymous_5)","decl":{"start":{"line":323,"column":27},"end":{"line":323,"column":28}},"loc":{"start":{"line":323,"column":47},"end":{"line":355,"column":1}},"line":323},"6":{"name":"(anonymous_6)","decl":{"start":{"line":357,"column":29},"end":{"line":357,"column":30}},"loc":{"start":{"line":357,"column":49},"end":{"line":393,"column":1}},"line":357}},"branchMap":{"0":{"loc":{"start":{"line":34,"column":4},"end":{"line":39,"column":5}},"type":"if","locations":[{"start":{"line":34,"column":4},"end":{"line":39,"column":5}},{"start":{},"end":{}}],"line":34},"1":{"loc":{"start":{"line":120,"column":4},"end":{"line":125,"column":5}},"type":"if","locations":[{"start":{"line":120,"column":4},"end":{"line":125,"column":5}},{"start":{},"end":{}}],"line":120},"2":{"loc":{"start":{"line":120,"column":8},"end":{"line":120,"column":31}},"type":"binary-expr","locations":[{"start":{"line":120,"column":8},"end":{"line":120,"column":13}},{"start":{"line":120,"column":17},"end":{"line":120,"column":31}}],"line":120},"3":{"loc":{"start":{"line":127,"column":4},"end":{"line":132,"column":5}},"type":"if","locations":[{"start":{"line":127,"column":4},"end":{"line":132,"column":5}},{"start":{},"end":{}}],"line":127},"4":{"loc":{"start":{"line":185,"column":4},"end":{"line":222,"column":5}},"type":"if","locations":[{"start":{"line":185,"column":4},"end":{"line":222,"column":5}},{"start":{},"end":{}}],"line":185},"5":{"loc":{"start":{"line":271,"column":4},"end":{"line":276,"column":5}},"type":"if","locations":[{"start":{"line":271,"column":4},"end":{"line":276,"column":5}},{"start":{},"end":{}}],"line":271},"6":{"loc":{"start":{"line":326,"column":4},"end":{"line":331,"column":5}},"type":"if","locations":[{"start":{"line":326,"column":4},"end":{"line":331,"column":5}},{"start":{},"end":{}}],"line":326},"7":{"loc":{"start":{"line":333,"column":4},"end":{"line":338,"column":5}},"type":"if","locations":[{"start":{"line":333,"column":4},"end":{"line":338,"column":5}},{"start":{},"end":{}}],"line":333},"8":{"loc":{"start":{"line":342,"column":4},"end":{"line":347,"column":5}},"type":"if","locations":[{"start":{"line":342,"column":4},"end":{"line":347,"column":5}},{"start":{},"end":{}}],"line":342},"9":{"loc":{"start":{"line":361,"column":4},"end":{"line":366,"column":5}},"type":"if","locations":[{"start":{"line":361,"column":4},"end":{"line":366,"column":5}},{"start":{},"end":{}}],"line":361},"10":{"loc":{"start":{"line":368,"column":4},"end":{"line":373,"column":5}},"type":"if","locations":[{"start":{"line":368,"column":4},"end":{"line":373,"column":5}},{"start":{},"end":{}}],"line":368},"11":{"loc":{"start":{"line":377,"column":4},"end":{"line":382,"column":5}},"type":"if","locations":[{"start":{"line":377,"column":4},"end":{"line":382,"column":5}},{"start":{},"end":{}}],"line":377}},"s":{"0":1,"1":1,"2":1,"3":1,"4":1,"5":3,"6":3,"7":3,"8":3,"9":2,"10":2,"11":1,"12":1,"13":1,"14":1,"15":1,"16":1,"17":1,"18":1,"19":1,"20":1,"21":1,"22":1,"23":1,"24":1,"25":1,"26":1,"27":5,"28":5,"29":5,"30":4,"31":2,"32":2,"33":2,"34":1,"35":1,"36":1,"37":1,"38":1,"39":1,"40":1,"41":0,"42":0,"43":0,"44":0,"45":0,"46":0,"47":0,"48":0,"49":0,"50":0,"51":0,"52":0,"53":0,"54":0,"55":0,"56":0,"57":0,"58":0,"59":0,"60":1,"61":0,"62":0,"63":0,"64":0,"65":0,"66":1,"67":0,"68":0,"69":0,"70":0,"71":0,"72":0,"73":0,"74":0,"75":0,"76":0,"77":0,"78":0,"79":0,"80":0,"81":0,"82":1,"83":0,"84":0,"85":0,"86":0,"87":0,"88":0,"89":0,"90":0,"91":0,"92":0,"93":0,"94":0,"95":0,"96":0,"97":0,"98":1,"99":0,"100":0,"101":0,"102":0,"103":0,"104":0,"105":0,"106":0,"107":0,"108":0,"109":0,"110":0,"111":0,"112":0,"113":0,"114":0},"f":{"0":3,"1":5,"2":0,"3":0,"4":0,"5":0,"6":0},"b":{"0":[1,1],"1":[2,2],"2":[4,3],"3":[1,1],"4":[0,0],"5":[0,0],"6":[0,0],"7":[0,0],"8":[0,0],"9":[0,0],"10":[0,0],"11":[0,0]},"inputSourceMap":null,"_coverageSchema":"1a1c01bbd47fc00a2c39e90264f33305004495a9","hash":"2ce1991b95cc3fbb831277c94a0bded5ca4cdecf"}
,"C:\\Users\\Asus\\Project_Clone\\finalProject2-Muhammad-Rofi-Dailamy\\day-edu-tech-be\\src\\controllers\\cart.controller.js": {"path":"C:\\Users\\Asus\\Project_Clone\\finalProject2-Muhammad-Rofi-Dailamy\\day-edu-tech-be\\src\\controllers\\cart.controller.js","statementMap":{"0":{"start":{"line":3,"column":31},"end":{"line":3,"column":33}},"1":{"start":{"line":5,"column":36},"end":{"line":32,"column":1}},"2":{"start":{"line":6,"column":17},"end":{"line":6,"column":25}},"3":{"start":{"line":7,"column":2},"end":{"line":31,"column":3}},"4":{"start":{"line":8,"column":17},"end":{"line":22,"column":6}},"5":{"start":{"line":23,"column":4},"end":{"line":27,"column":7}},"6":{"start":{"line":29,"column":4},"end":{"line":29,"column":33}},"7":{"start":{"line":30,"column":4},"end":{"line":30,"column":40}},"8":{"start":{"line":34,"column":31},"end":{"line":59,"column":1}},"9":{"start":{"line":35,"column":17},"end":{"line":35,"column":25}},"10":{"start":{"line":36,"column":2},"end":{"line":58,"column":3}},"11":{"start":{"line":37,"column":17},"end":{"line":39,"column":6}},"12":{"start":{"line":40,"column":4},"end":{"line":45,"column":5}},"13":{"start":{"line":41,"column":6},"end":{"line":44,"column":9}},"14":{"start":{"line":46,"column":4},"end":{"line":50,"column":7}},"15":{"start":{"line":51,"column":4},"end":{"line":54,"column":7}},"16":{"start":{"line":56,"column":4},"end":{"line":56,"column":33}},"17":{"start":{"line":57,"column":4},"end":{"line":57,"column":40}},"18":{"start":{"line":61,"column":36},"end":{"line":82,"column":1}},"19":{"start":{"line":62,"column":17},"end":{"line":62,"column":25}},"20":{"start":{"line":63,"column":2},"end":{"line":81,"column":3}},"21":{"start":{"line":64,"column":17},"end":{"line":66,"column":6}},"22":{"start":{"line":67,"column":4},"end":{"line":72,"column":5}},"23":{"start":{"line":68,"column":6},"end":{"line":71,"column":9}},"24":{"start":{"line":73,"column":4},"end":{"line":73,"column":25}},"25":{"start":{"line":74,"column":4},"end":{"line":77,"column":7}},"26":{"start":{"line":79,"column":4},"end":{"line":79,"column":33}},"27":{"start":{"line":80,"column":4},"end":{"line":80,"column":40}}},"fnMap":{"0":{"name":"(anonymous_0)","decl":{"start":{"line":5,"column":36},"end":{"line":5,"column":37}},"loc":{"start":{"line":5,"column":56},"end":{"line":32,"column":1}},"line":5},"1":{"name":"(anonymous_1)","decl":{"start":{"line":34,"column":31},"end":{"line":34,"column":32}},"loc":{"start":{"line":34,"column":51},"end":{"line":59,"column":1}},"line":34},"2":{"name":"(anonymous_2)","decl":{"start":{"line":61,"column":36},"end":{"line":61,"column":37}},"loc":{"start":{"line":61,"column":56},"end":{"line":82,"column":1}},"line":61}},"branchMap":{"0":{"loc":{"start":{"line":40,"column":4},"end":{"line":45,"column":5}},"type":"if","locations":[{"start":{"line":40,"column":4},"end":{"line":45,"column":5}},{"start":{},"end":{}}],"line":40},"1":{"loc":{"start":{"line":67,"column":4},"end":{"line":72,"column":5}},"type":"if","locations":[{"start":{"line":67,"column":4},"end":{"line":72,"column":5}},{"start":{},"end":{}}],"line":67}},"s":{"0":1,"1":1,"2":2,"3":2,"4":2,"5":1,"6":1,"7":1,"8":1,"9":3,"10":3,"11":3,"12":2,"13":1,"14":1,"15":1,"16":1,"17":1,"18":1,"19":3,"20":3,"21":3,"22":2,"23":1,"24":1,"25":1,"26":1,"27":1},"f":{"0":2,"1":3,"2":3},"b":{"0":[1,1],"1":[1,1]},"inputSourceMap":null,"_coverageSchema":"1a1c01bbd47fc00a2c39e90264f33305004495a9","hash":"1911fcdd2a612ae24e41078666fd8c539197cac0"}
,"C:\\Users\\Asus\\Project_Clone\\finalProject2-Muhammad-Rofi-Dailamy\\day-edu-tech-be\\src\\controllers\\course.controller.js": {"path":"C:\\Users\\Asus\\Project_Clone\\finalProject2-Muhammad-Rofi-Dailamy\\day-edu-tech-be\\src\\controllers\\course.controller.js","statementMap":{"0":{"start":{"line":2,"column":58},"end":{"line":2,"column":60}},"1":{"start":{"line":5,"column":38},"end":{"line":25,"column":1}},"2":{"start":{"line":6,"column":16},"end":{"line":6,"column":25}},"3":{"start":{"line":7,"column":2},"end":{"line":24,"column":3}},"4":{"start":{"line":8,"column":20},"end":{"line":14,"column":6}},"5":{"start":{"line":15,"column":4},"end":{"line":20,"column":7}},"6":{"start":{"line":22,"column":4},"end":{"line":22,"column":33}},"7":{"start":{"line":23,"column":4},"end":{"line":23,"column":40}},"8":{"start":{"line":27,"column":30},"end":{"line":56,"column":1}},"9":{"start":{"line":28,"column":17},"end":{"line":28,"column":25}},"10":{"start":{"line":29,"column":2},"end":{"line":55,"column":3}},"11":{"start":{"line":30,"column":17},"end":{"line":46,"column":6}},"12":{"start":{"line":47,"column":4},"end":{"line":51,"column":7}},"13":{"start":{"line":53,"column":4},"end":{"line":53,"column":33}},"14":{"start":{"line":54,"column":4},"end":{"line":54,"column":40}},"15":{"start":{"line":57,"column":28},"end":{"line":80,"column":1}},"16":{"start":{"line":58,"column":50},"end":{"line":58,"column":59}},"17":{"start":{"line":59,"column":2},"end":{"line":79,"column":3}},"18":{"start":{"line":60,"column":20},"end":{"line":68,"column":6}},"19":{"start":{"line":69,"column":4},"end":{"line":75,"column":7}},"20":{"start":{"line":77,"column":4},"end":{"line":77,"column":33}},"21":{"start":{"line":78,"column":4},"end":{"line":78,"column":40}},"22":{"start":{"line":82,"column":29},"end":{"line":119,"column":1}},"23":{"start":{"line":83,"column":17},"end":{"line":83,"column":27}},"24":{"start":{"line":84,"column":2},"end":{"line":118,"column":3}},"25":{"start":{"line":85,"column":4},"end":{"line":85,"column":26}},"26":{"start":{"line":86,"column":19},"end":{"line":102,"column":6}},"27":{"start":{"line":104,"column":4},"end":{"line":109,"column":5}},"28":{"start":{"line":105,"column":6},"end":{"line":108,"column":9}},"29":{"start":{"line":110,"column":4},"end":{"line":114,"column":7}},"30":{"start":{"line":116,"column":4},"end":{"line":116,"column":33}},"31":{"start":{"line":117,"column":4},"end":{"line":117,"column":40}},"32":{"start":{"line":121,"column":32},"end":{"line":163,"column":1}},"33":{"start":{"line":122,"column":17},"end":{"line":122,"column":27}},"34":{"start":{"line":123,"column":2},"end":{"line":162,"column":3}},"35":{"start":{"line":124,"column":24},"end":{"line":127,"column":6}},"36":{"start":{"line":128,"column":4},"end":{"line":128,"column":44}},"37":{"start":{"line":129,"column":4},"end":{"line":129,"column":26}},"38":{"start":{"line":130,"column":24},"end":{"line":130,"column":76}},"39":{"start":{"line":130,"column":53},"end":{"line":130,"column":75}},"40":{"start":{"line":131,"column":4},"end":{"line":136,"column":5}},"41":{"start":{"line":132,"column":6},"end":{"line":135,"column":9}},"42":{"start":{"line":137,"column":19},"end":{"line":153,"column":6}},"43":{"start":{"line":154,"column":4},"end":{"line":158,"column":7}},"44":{"start":{"line":160,"column":4},"end":{"line":160,"column":33}},"45":{"start":{"line":161,"column":4},"end":{"line":161,"column":40}},"46":{"start":{"line":165,"column":28},"end":{"line":184,"column":1}},"47":{"start":{"line":166,"column":2},"end":{"line":183,"column":3}},"48":{"start":{"line":167,"column":4},"end":{"line":169,"column":5}},"49":{"start":{"line":168,"column":6},"end":{"line":168,"column":68}},"50":{"start":{"line":170,"column":19},"end":{"line":174,"column":6}},"51":{"start":{"line":175,"column":4},"end":{"line":179,"column":7}},"52":{"start":{"line":181,"column":4},"end":{"line":181,"column":33}},"53":{"start":{"line":182,"column":4},"end":{"line":182,"column":40}},"54":{"start":{"line":186,"column":32},"end":{"line":219,"column":1}},"55":{"start":{"line":187,"column":17},"end":{"line":187,"column":27}},"56":{"start":{"line":188,"column":2},"end":{"line":188,"column":24}},"57":{"start":{"line":189,"column":2},"end":{"line":218,"column":3}},"58":{"start":{"line":190,"column":4},"end":{"line":190,"column":23}},"59":{"start":{"line":191,"column":19},"end":{"line":193,"column":6}},"60":{"start":{"line":194,"column":4},"end":{"line":199,"column":5}},"61":{"start":{"line":195,"column":6},"end":{"line":198,"column":9}},"62":{"start":{"line":200,"column":4},"end":{"line":209,"column":5}},"63":{"start":{"line":201,"column":6},"end":{"line":204,"column":9}},"64":{"start":{"line":206,"column":6},"end":{"line":208,"column":9}},"65":{"start":{"line":210,"column":4},"end":{"line":214,"column":7}},"66":{"start":{"line":216,"column":4},"end":{"line":216,"column":33}},"67":{"start":{"line":217,"column":4},"end":{"line":217,"column":40}},"68":{"start":{"line":221,"column":32},"end":{"line":243,"column":1}},"69":{"start":{"line":222,"column":17},"end":{"line":222,"column":27}},"70":{"start":{"line":223,"column":2},"end":{"line":242,"column":3}},"71":{"start":{"line":224,"column":4},"end":{"line":224,"column":26}},"72":{"start":{"line":225,"column":19},"end":{"line":227,"column":6}},"73":{"start":{"line":228,"column":4},"end":{"line":233,"column":5}},"74":{"start":{"line":229,"column":6},"end":{"line":232,"column":9}},"75":{"start":{"line":234,"column":4},"end":{"line":234,"column":27}},"76":{"start":{"line":235,"column":4},"end":{"line":238,"column":7}},"77":{"start":{"line":240,"column":4},"end":{"line":240,"column":33}},"78":{"start":{"line":241,"column":4},"end":{"line":241,"column":40}}},"fnMap":{"0":{"name":"(anonymous_0)","decl":{"start":{"line":5,"column":38},"end":{"line":5,"column":39}},"loc":{"start":{"line":5,"column":58},"end":{"line":25,"column":1}},"line":5},"1":{"name":"(anonymous_1)","decl":{"start":{"line":27,"column":30},"end":{"line":27,"column":31}},"loc":{"start":{"line":27,"column":50},"end":{"line":56,"column":1}},"line":27},"2":{"name":"(anonymous_2)","decl":{"start":{"line":57,"column":28},"end":{"line":57,"column":29}},"loc":{"start":{"line":57,"column":48},"end":{"line":80,"column":1}},"line":57},"3":{"name":"(anonymous_3)","decl":{"start":{"line":82,"column":29},"end":{"line":82,"column":30}},"loc":{"start":{"line":82,"column":49},"end":{"line":119,"column":1}},"line":82},"4":{"name":"(anonymous_4)","decl":{"start":{"line":121,"column":32},"end":{"line":121,"column":33}},"loc":{"start":{"line":121,"column":52},"end":{"line":163,"column":1}},"line":121},"5":{"name":"(anonymous_5)","decl":{"start":{"line":130,"column":41},"end":{"line":130,"column":42}},"loc":{"start":{"line":130,"column":53},"end":{"line":130,"column":75}},"line":130},"6":{"name":"(anonymous_6)","decl":{"start":{"line":165,"column":28},"end":{"line":165,"column":29}},"loc":{"start":{"line":165,"column":48},"end":{"line":184,"column":1}},"line":165},"7":{"name":"(anonymous_7)","decl":{"start":{"line":186,"column":32},"end":{"line":186,"column":33}},"loc":{"start":{"line":186,"column":52},"end":{"line":219,"column":1}},"line":186},"8":{"name":"(anonymous_8)","decl":{"start":{"line":221,"column":32},"end":{"line":221,"column":33}},"loc":{"start":{"line":221,"column":52},"end":{"line":243,"column":1}},"line":221}},"branchMap":{"0":{"loc":{"start":{"line":58,"column":10},"end":{"line":58,"column":20}},"type":"default-arg","locations":[{"start":{"line":58,"column":18},"end":{"line":58,"column":20}}],"line":58},"1":{"loc":{"start":{"line":58,"column":22},"end":{"line":58,"column":32}},"type":"default-arg","locations":[{"start":{"line":58,"column":31},"end":{"line":58,"column":32}}],"line":58},"2":{"loc":{"start":{"line":58,"column":34},"end":{"line":58,"column":45}},"type":"default-arg","locations":[{"start":{"line":58,"column":43},"end":{"line":58,"column":45}}],"line":58},"3":{"loc":{"start":{"line":104,"column":4},"end":{"line":109,"column":5}},"type":"if","locations":[{"start":{"line":104,"column":4},"end":{"line":109,"column":5}},{"start":{},"end":{}}],"line":104},"4":{"loc":{"start":{"line":131,"column":4},"end":{"line":136,"column":5}},"type":"if","locations":[{"start":{"line":131,"column":4},"end":{"line":136,"column":5}},{"start":{},"end":{}}],"line":131},"5":{"loc":{"start":{"line":167,"column":4},"end":{"line":169,"column":5}},"type":"if","locations":[{"start":{"line":167,"column":4},"end":{"line":169,"column":5}},{"start":{},"end":{}}],"line":167},"6":{"loc":{"start":{"line":194,"column":4},"end":{"line":199,"column":5}},"type":"if","locations":[{"start":{"line":194,"column":4},"end":{"line":199,"column":5}},{"start":{},"end":{}}],"line":194},"7":{"loc":{"start":{"line":200,"column":4},"end":{"line":209,"column":5}},"type":"if","locations":[{"start":{"line":200,"column":4},"end":{"line":209,"column":5}},{"start":{"line":205,"column":11},"end":{"line":209,"column":5}}],"line":200},"8":{"loc":{"start":{"line":228,"column":4},"end":{"line":233,"column":5}},"type":"if","locations":[{"start":{"line":228,"column":4},"end":{"line":233,"column":5}},{"start":{},"end":{}}],"line":228}},"s":{"0":0,"1":0,"2":0,"3":0,"4":0,"5":0,"6":0,"7":0,"8":0,"9":0,"10":0,"11":0,"12":0,"13":0,"14":0,"15":0,"16":0,"17":0,"18":0,"19":0,"20":0,"21":0,"22":0,"23":0,"24":0,"25":0,"26":0,"27":0,"28":0,"29":0,"30":0,"31":0,"32":0,"33":0,"34":0,"35":0,"36":0,"37":0,"38":0,"39":0,"40":0,"41":0,"42":0,"43":0,"44":0,"45":0,"46":0,"47":0,"48":0,"49":0,"50":0,"51":0,"52":0,"53":0,"54":0,"55":0,"56":0,"57":0,"58":0,"59":0,"60":0,"61":0,"62":0,"63":0,"64":0,"65":0,"66":0,"67":0,"68":0,"69":0,"70":0,"71":0,"72":0,"73":0,"74":0,"75":0,"76":0,"77":0,"78":0},"f":{"0":0,"1":0,"2":0,"3":0,"4":0,"5":0,"6":0,"7":0,"8":0},"b":{"0":[0],"1":[0],"2":[0],"3":[0,0],"4":[0,0],"5":[0,0],"6":[0,0],"7":[0,0],"8":[0,0]},"inputSourceMap":null}
,"C:\\Users\\Asus\\Project_Clone\\finalProject2-Muhammad-Rofi-Dailamy\\day-edu-tech-be\\src\\controllers\\curriculum.controller.js": {"path":"C:\\Users\\Asus\\Project_Clone\\finalProject2-Muhammad-Rofi-Dailamy\\day-edu-tech-be\\src\\controllers\\curriculum.controller.js","statementMap":{"0":{"start":{"line":2,"column":32},"end":{"line":2,"column":34}},"1":{"start":{"line":6,"column":32},"end":{"line":36,"column":1}},"2":{"start":{"line":7,"column":50},"end":{"line":7,"column":59}},"3":{"start":{"line":8,"column":2},"end":{"line":35,"column":3}},"4":{"start":{"line":9,"column":24},"end":{"line":23,"column":6}},"5":{"start":{"line":24,"column":4},"end":{"line":31,"column":7}},"6":{"start":{"line":33,"column":4},"end":{"line":33,"column":33}},"7":{"start":{"line":34,"column":4},"end":{"line":34,"column":40}},"8":{"start":{"line":38,"column":33},"end":{"line":60,"column":1}},"9":{"start":{"line":39,"column":17},"end":{"line":39,"column":27}},"10":{"start":{"line":40,"column":2},"end":{"line":59,"column":3}},"11":{"start":{"line":41,"column":23},"end":{"line":50,"column":6}},"12":{"start":{"line":51,"column":4},"end":{"line":55,"column":7}},"13":{"start":{"line":57,"column":4},"end":{"line":57,"column":33}},"14":{"start":{"line":58,"column":4},"end":{"line":58,"column":40}},"15":{"start":{"line":62,"column":32},"end":{"line":77,"column":1}},"16":{"start":{"line":63,"column":2},"end":{"line":76,"column":3}},"17":{"start":{"line":64,"column":23},"end":{"line":67,"column":6}},"18":{"start":{"line":68,"column":4},"end":{"line":72,"column":7}},"19":{"start":{"line":74,"column":4},"end":{"line":74,"column":33}},"20":{"start":{"line":75,"column":4},"end":{"line":75,"column":40}},"21":{"start":{"line":79,"column":36},"end":{"line":101,"column":1}},"22":{"start":{"line":80,"column":17},"end":{"line":80,"column":27}},"23":{"start":{"line":81,"column":2},"end":{"line":100,"column":3}},"24":{"start":{"line":82,"column":23},"end":{"line":84,"column":6}},"25":{"start":{"line":85,"column":4},"end":{"line":90,"column":5}},"26":{"start":{"line":86,"column":6},"end":{"line":89,"column":9}},"27":{"start":{"line":91,"column":4},"end":{"line":91,"column":38}},"28":{"start":{"line":92,"column":4},"end":{"line":96,"column":7}},"29":{"start":{"line":98,"column":4},"end":{"line":98,"column":33}},"30":{"start":{"line":99,"column":4},"end":{"line":99,"column":40}},"31":{"start":{"line":103,"column":36},"end":{"line":124,"column":1}},"32":{"start":{"line":104,"column":17},"end":{"line":104,"column":27}},"33":{"start":{"line":105,"column":2},"end":{"line":123,"column":3}},"34":{"start":{"line":106,"column":23},"end":{"line":108,"column":6}},"35":{"start":{"line":109,"column":4},"end":{"line":114,"column":5}},"36":{"start":{"line":110,"column":6},"end":{"line":113,"column":9}},"37":{"start":{"line":115,"column":4},"end":{"line":115,"column":31}},"38":{"start":{"line":116,"column":4},"end":{"line":119,"column":7}},"39":{"start":{"line":121,"column":4},"end":{"line":121,"column":33}},"40":{"start":{"line":122,"column":4},"end":{"line":122,"column":40}}},"fnMap":{"0":{"name":"(anonymous_0)","decl":{"start":{"line":6,"column":32},"end":{"line":6,"column":33}},"loc":{"start":{"line":6,"column":52},"end":{"line":36,"column":1}},"line":6},"1":{"name":"(anonymous_1)","decl":{"start":{"line":38,"column":33},"end":{"line":38,"column":34}},"loc":{"start":{"line":38,"column":53},"end":{"line":60,"column":1}},"line":38},"2":{"name":"(anonymous_2)","decl":{"start":{"line":62,"column":32},"end":{"line":62,"column":33}},"loc":{"start":{"line":62,"column":52},"end":{"line":77,"column":1}},"line":62},"3":{"name":"(anonymous_3)","decl":{"start":{"line":79,"column":36},"end":{"line":79,"column":37}},"loc":{"start":{"line":79,"column":56},"end":{"line":101,"column":1}},"line":79},"4":{"name":"(anonymous_4)","decl":{"start":{"line":103,"column":36},"end":{"line":103,"column":37}},"loc":{"start":{"line":103,"column":56},"end":{"line":124,"column":1}},"line":103}},"branchMap":{"0":{"loc":{"start":{"line":7,"column":10},"end":{"line":7,"column":20}},"type":"default-arg","locations":[{"start":{"line":7,"column":18},"end":{"line":7,"column":20}}],"line":7},"1":{"loc":{"start":{"line":7,"column":22},"end":{"line":7,"column":32}},"type":"default-arg","locations":[{"start":{"line":7,"column":31},"end":{"line":7,"column":32}}],"line":7},"2":{"loc":{"start":{"line":7,"column":34},"end":{"line":7,"column":45}},"type":"default-arg","locations":[{"start":{"line":7,"column":43},"end":{"line":7,"column":45}}],"line":7},"3":{"loc":{"start":{"line":85,"column":4},"end":{"line":90,"column":5}},"type":"if","locations":[{"start":{"line":85,"column":4},"end":{"line":90,"column":5}},{"start":{},"end":{}}],"line":85},"4":{"loc":{"start":{"line":109,"column":4},"end":{"line":114,"column":5}},"type":"if","locations":[{"start":{"line":109,"column":4},"end":{"line":114,"column":5}},{"start":{},"end":{}}],"line":109}},"s":{"0":1,"1":1,"2":4,"3":4,"4":4,"5":3,"6":1,"7":1,"8":1,"9":2,"10":2,"11":2,"12":1,"13":1,"14":1,"15":1,"16":2,"17":2,"18":1,"19":1,"20":1,"21":1,"22":3,"23":3,"24":3,"25":2,"26":1,"27":1,"28":1,"29":1,"30":1,"31":1,"32":3,"33":3,"34":3,"35":2,"36":1,"37":1,"38":1,"39":1,"40":1},"f":{"0":4,"1":2,"2":2,"3":3,"4":3},"b":{"0":[3],"1":[3],"2":[3],"3":[1,1],"4":[1,1]},"inputSourceMap":null,"_coverageSchema":"1a1c01bbd47fc00a2c39e90264f33305004495a9","hash":"d625045598f85f8e130448c1aeb3de4d22f2772d"}
,"C:\\Users\\Asus\\Project_Clone\\finalProject2-Muhammad-Rofi-Dailamy\\day-edu-tech-be\\src\\controllers\\order.controller.js": {"path":"C:\\Users\\Asus\\Project_Clone\\finalProject2-Muhammad-Rofi-Dailamy\\day-edu-tech-be\\src\\controllers\\order.controller.js","statementMap":{"0":{"start":{"line":2,"column":24},"end":{"line":2,"column":26}},"1":{"start":{"line":5,"column":28},"end":{"line":36,"column":1}},"2":{"start":{"line":6,"column":17},"end":{"line":6,"column":25}},"3":{"start":{"line":7,"column":50},"end":{"line":7,"column":59}},"4":{"start":{"line":8,"column":2},"end":{"line":35,"column":3}},"5":{"start":{"line":9,"column":19},"end":{"line":24,"column":6}},"6":{"start":{"line":25,"column":4},"end":{"line":31,"column":7}},"7":{"start":{"line":33,"column":4},"end":{"line":33,"column":33}},"8":{"start":{"line":34,"column":4},"end":{"line":34,"column":40}},"9":{"start":{"line":38,"column":28},"end":{"line":67,"column":1}},"10":{"start":{"line":39,"column":50},"end":{"line":39,"column":59}},"11":{"start":{"line":40,"column":2},"end":{"line":66,"column":3}},"12":{"start":{"line":41,"column":19},"end":{"line":55,"column":6}},"13":{"start":{"line":56,"column":4},"end":{"line":62,"column":7}},"14":{"start":{"line":64,"column":4},"end":{"line":64,"column":33}},"15":{"start":{"line":65,"column":4},"end":{"line":65,"column":40}}},"fnMap":{"0":{"name":"(anonymous_0)","decl":{"start":{"line":5,"column":28},"end":{"line":5,"column":29}},"loc":{"start":{"line":5,"column":48},"end":{"line":36,"column":1}},"line":5},"1":{"name":"(anonymous_1)","decl":{"start":{"line":38,"column":28},"end":{"line":38,"column":29}},"loc":{"start":{"line":38,"column":48},"end":{"line":67,"column":1}},"line":38}},"branchMap":{"0":{"loc":{"start":{"line":7,"column":10},"end":{"line":7,"column":20}},"type":"default-arg","locations":[{"start":{"line":7,"column":18},"end":{"line":7,"column":20}}],"line":7},"1":{"loc":{"start":{"line":7,"column":22},"end":{"line":7,"column":32}},"type":"default-arg","locations":[{"start":{"line":7,"column":31},"end":{"line":7,"column":32}}],"line":7},"2":{"loc":{"start":{"line":7,"column":34},"end":{"line":7,"column":45}},"type":"default-arg","locations":[{"start":{"line":7,"column":43},"end":{"line":7,"column":45}}],"line":7},"3":{"loc":{"start":{"line":39,"column":10},"end":{"line":39,"column":20}},"type":"default-arg","locations":[{"start":{"line":39,"column":18},"end":{"line":39,"column":20}}],"line":39},"4":{"loc":{"start":{"line":39,"column":22},"end":{"line":39,"column":32}},"type":"default-arg","locations":[{"start":{"line":39,"column":31},"end":{"line":39,"column":32}}],"line":39},"5":{"loc":{"start":{"line":39,"column":34},"end":{"line":39,"column":45}},"type":"default-arg","locations":[{"start":{"line":39,"column":43},"end":{"line":39,"column":45}}],"line":39}},"s":{"0":0,"1":0,"2":0,"3":0,"4":0,"5":0,"6":0,"7":0,"8":0,"9":0,"10":0,"11":0,"12":0,"13":0,"14":0,"15":0},"f":{"0":0,"1":0},"b":{"0":[0],"1":[0],"2":[0],"3":[0],"4":[0],"5":[0]},"inputSourceMap":null}
,"C:\\Users\\Asus\\Project_Clone\\finalProject2-Muhammad-Rofi-Dailamy\\day-edu-tech-be\\src\\controllers\\profile.controller.js": {"path":"C:\\Users\\Asus\\Project_Clone\\finalProject2-Muhammad-Rofi-Dailamy\\day-edu-tech-be\\src\\controllers\\profile.controller.js","statementMap":{"0":{"start":{"line":2,"column":26},"end":{"line":2,"column":28}},"1":{"start":{"line":4,"column":29},"end":{"line":25,"column":1}},"2":{"start":{"line":5,"column":2},"end":{"line":24,"column":3}},"3":{"start":{"line":6,"column":21},"end":{"line":14,"column":6}},"4":{"start":{"line":16,"column":4},"end":{"line":20,"column":7}},"5":{"start":{"line":22,"column":4},"end":{"line":22,"column":33}},"6":{"start":{"line":23,"column":4},"end":{"line":23,"column":40}},"7":{"start":{"line":27,"column":30},"end":{"line":53,"column":1}},"8":{"start":{"line":28,"column":17},"end":{"line":28,"column":25}},"9":{"start":{"line":29,"column":2},"end":{"line":52,"column":3}},"10":{"start":{"line":30,"column":20},"end":{"line":39,"column":6}},"11":{"start":{"line":40,"column":4},"end":{"line":43,"column":65}},"12":{"start":{"line":41,"column":6},"end":{"line":43,"column":65}},"13":{"start":{"line":44,"column":4},"end":{"line":48,"column":7}},"14":{"start":{"line":50,"column":4},"end":{"line":50,"column":33}},"15":{"start":{"line":51,"column":4},"end":{"line":51,"column":40}},"16":{"start":{"line":55,"column":29},"end":{"line":70,"column":1}},"17":{"start":{"line":56,"column":2},"end":{"line":69,"column":3}},"18":{"start":{"line":57,"column":20},"end":{"line":60,"column":6}},"19":{"start":{"line":61,"column":4},"end":{"line":65,"column":7}},"20":{"start":{"line":67,"column":4},"end":{"line":67,"column":33}},"21":{"start":{"line":68,"column":4},"end":{"line":68,"column":40}},"22":{"start":{"line":72,"column":33},"end":{"line":100,"column":1}},"23":{"start":{"line":73,"column":17},"end":{"line":73,"column":25}},"24":{"start":{"line":74,"column":2},"end":{"line":99,"column":3}},"25":{"start":{"line":75,"column":20},"end":{"line":77,"column":6}},"26":{"start":{"line":78,"column":4},"end":{"line":80,"column":5}},"27":{"start":{"line":79,"column":6},"end":{"line":79,"column":62}},"28":{"start":{"line":81,"column":4},"end":{"line":90,"column":5}},"29":{"start":{"line":82,"column":6},"end":{"line":85,"column":9}},"30":{"start":{"line":87,"column":6},"end":{"line":89,"column":9}},"31":{"start":{"line":91,"column":4},"end":{"line":95,"column":7}},"32":{"start":{"line":97,"column":4},"end":{"line":97,"column":33}},"33":{"start":{"line":98,"column":4},"end":{"line":98,"column":40}},"34":{"start":{"line":102,"column":33},"end":{"line":117,"column":1}},"35":{"start":{"line":103,"column":17},"end":{"line":103,"column":27}},"36":{"start":{"line":104,"column":2},"end":{"line":116,"column":3}},"37":{"start":{"line":105,"column":20},"end":{"line":107,"column":6}},"38":{"start":{"line":108,"column":4},"end":{"line":108,"column":28}},"39":{"start":{"line":109,"column":4},"end":{"line":112,"column":7}},"40":{"start":{"line":114,"column":4},"end":{"line":114,"column":33}},"41":{"start":{"line":115,"column":4},"end":{"line":115,"column":40}}},"fnMap":{"0":{"name":"(anonymous_0)","decl":{"start":{"line":4,"column":29},"end":{"line":4,"column":30}},"loc":{"start":{"line":4,"column":49},"end":{"line":25,"column":1}},"line":4},"1":{"name":"(anonymous_1)","decl":{"start":{"line":27,"column":30},"end":{"line":27,"column":31}},"loc":{"start":{"line":27,"column":50},"end":{"line":53,"column":1}},"line":27},"2":{"name":"(anonymous_2)","decl":{"start":{"line":55,"column":29},"end":{"line":55,"column":30}},"loc":{"start":{"line":55,"column":49},"end":{"line":70,"column":1}},"line":55},"3":{"name":"(anonymous_3)","decl":{"start":{"line":72,"column":33},"end":{"line":72,"column":34}},"loc":{"start":{"line":72,"column":53},"end":{"line":100,"column":1}},"line":72},"4":{"name":"(anonymous_4)","decl":{"start":{"line":102,"column":33},"end":{"line":102,"column":34}},"loc":{"start":{"line":102,"column":53},"end":{"line":117,"column":1}},"line":102}},"branchMap":{"0":{"loc":{"start":{"line":40,"column":4},"end":{"line":43,"column":65}},"type":"if","locations":[{"start":{"line":40,"column":4},"end":{"line":43,"column":65}},{"start":{},"end":{}}],"line":40},"1":{"loc":{"start":{"line":78,"column":4},"end":{"line":80,"column":5}},"type":"if","locations":[{"start":{"line":78,"column":4},"end":{"line":80,"column":5}},{"start":{},"end":{}}],"line":78},"2":{"loc":{"start":{"line":81,"column":4},"end":{"line":90,"column":5}},"type":"if","locations":[{"start":{"line":81,"column":4},"end":{"line":90,"column":5}},{"start":{"line":86,"column":11},"end":{"line":90,"column":5}}],"line":81}},"s":{"0":0,"1":0,"2":0,"3":0,"4":0,"5":0,"6":0,"7":0,"8":0,"9":0,"10":0,"11":0,"12":0,"13":0,"14":0,"15":0,"16":0,"17":0,"18":0,"19":0,"20":0,"21":0,"22":0,"23":0,"24":0,"25":0,"26":0,"27":0,"28":0,"29":0,"30":0,"31":0,"32":0,"33":0,"34":0,"35":0,"36":0,"37":0,"38":0,"39":0,"40":0,"41":0},"f":{"0":0,"1":0,"2":0,"3":0,"4":0},"b":{"0":[0,0],"1":[0,0],"2":[0,0]},"inputSourceMap":null}
,"C:\\Users\\Asus\\Project_Clone\\finalProject2-Muhammad-Rofi-Dailamy\\day-edu-tech-be\\src\\controllers\\section.controller.js": {"path":"C:\\Users\\Asus\\Project_Clone\\finalProject2-Muhammad-Rofi-Dailamy\\day-edu-tech-be\\src\\controllers\\section.controller.js","statementMap":{"0":{"start":{"line":2,"column":28},"end":{"line":2,"column":30}},"1":{"start":{"line":6,"column":39},"end":{"line":33,"column":1}},"2":{"start":{"line":7,"column":16},"end":{"line":7,"column":25}},"3":{"start":{"line":8,"column":2},"end":{"line":32,"column":3}},"4":{"start":{"line":9,"column":21},"end":{"line":22,"column":6}},"5":{"start":{"line":23,"column":4},"end":{"line":28,"column":7}},"6":{"start":{"line":30,"column":4},"end":{"line":30,"column":33}},"7":{"start":{"line":31,"column":4},"end":{"line":31,"column":40}},"8":{"start":{"line":34,"column":29},"end":{"line":66,"column":1}},"9":{"start":{"line":35,"column":50},"end":{"line":35,"column":59}},"10":{"start":{"line":36,"column":2},"end":{"line":65,"column":3}},"11":{"start":{"line":37,"column":21},"end":{"line":54,"column":6}},"12":{"start":{"line":55,"column":4},"end":{"line":61,"column":7}},"13":{"start":{"line":63,"column":4},"end":{"line":63,"column":33}},"14":{"start":{"line":64,"column":4},"end":{"line":64,"column":40}},"15":{"start":{"line":68,"column":30},"end":{"line":87,"column":1}},"16":{"start":{"line":69,"column":17},"end":{"line":69,"column":27}},"17":{"start":{"line":70,"column":2},"end":{"line":86,"column":3}},"18":{"start":{"line":71,"column":20},"end":{"line":71,"column":60}},"19":{"start":{"line":72,"column":4},"end":{"line":77,"column":5}},"20":{"start":{"line":73,"column":6},"end":{"line":76,"column":9}},"21":{"start":{"line":78,"column":4},"end":{"line":82,"column":7}},"22":{"start":{"line":84,"column":4},"end":{"line":84,"column":33}},"23":{"start":{"line":85,"column":4},"end":{"line":85,"column":40}},"24":{"start":{"line":89,"column":29},"end":{"line":105,"column":1}},"25":{"start":{"line":90,"column":2},"end":{"line":104,"column":3}},"26":{"start":{"line":91,"column":20},"end":{"line":95,"column":6}},"27":{"start":{"line":96,"column":4},"end":{"line":100,"column":7}},"28":{"start":{"line":102,"column":4},"end":{"line":102,"column":33}},"29":{"start":{"line":103,"column":4},"end":{"line":103,"column":40}},"30":{"start":{"line":107,"column":33},"end":{"line":127,"column":1}},"31":{"start":{"line":108,"column":17},"end":{"line":108,"column":27}},"32":{"start":{"line":109,"column":2},"end":{"line":126,"column":3}},"33":{"start":{"line":110,"column":20},"end":{"line":110,"column":60}},"34":{"start":{"line":111,"column":4},"end":{"line":116,"column":5}},"35":{"start":{"line":112,"column":6},"end":{"line":115,"column":9}},"36":{"start":{"line":117,"column":4},"end":{"line":117,"column":35}},"37":{"start":{"line":118,"column":4},"end":{"line":122,"column":7}},"38":{"start":{"line":124,"column":4},"end":{"line":124,"column":33}},"39":{"start":{"line":125,"column":4},"end":{"line":125,"column":40}},"40":{"start":{"line":129,"column":33},"end":{"line":149,"column":1}},"41":{"start":{"line":130,"column":17},"end":{"line":130,"column":27}},"42":{"start":{"line":131,"column":2},"end":{"line":148,"column":3}},"43":{"start":{"line":132,"column":20},"end":{"line":132,"column":60}},"44":{"start":{"line":133,"column":4},"end":{"line":133,"column":25}},"45":{"start":{"line":134,"column":4},"end":{"line":139,"column":5}},"46":{"start":{"line":135,"column":6},"end":{"line":138,"column":9}},"47":{"start":{"line":140,"column":4},"end":{"line":140,"column":28}},"48":{"start":{"line":141,"column":4},"end":{"line":144,"column":7}},"49":{"start":{"line":146,"column":4},"end":{"line":146,"column":33}},"50":{"start":{"line":147,"column":4},"end":{"line":147,"column":40}}},"fnMap":{"0":{"name":"(anonymous_0)","decl":{"start":{"line":6,"column":39},"end":{"line":6,"column":40}},"loc":{"start":{"line":6,"column":59},"end":{"line":33,"column":1}},"line":6},"1":{"name":"(anonymous_1)","decl":{"start":{"line":34,"column":29},"end":{"line":34,"column":30}},"loc":{"start":{"line":34,"column":49},"end":{"line":66,"column":1}},"line":34},"2":{"name":"(anonymous_2)","decl":{"start":{"line":68,"column":30},"end":{"line":68,"column":31}},"loc":{"start":{"line":68,"column":50},"end":{"line":87,"column":1}},"line":68},"3":{"name":"(anonymous_3)","decl":{"start":{"line":89,"column":29},"end":{"line":89,"column":30}},"loc":{"start":{"line":89,"column":49},"end":{"line":105,"column":1}},"line":89},"4":{"name":"(anonymous_4)","decl":{"start":{"line":107,"column":33},"end":{"line":107,"column":34}},"loc":{"start":{"line":107,"column":53},"end":{"line":127,"column":1}},"line":107},"5":{"name":"(anonymous_5)","decl":{"start":{"line":129,"column":33},"end":{"line":129,"column":34}},"loc":{"start":{"line":129,"column":53},"end":{"line":149,"column":1}},"line":129}},"branchMap":{"0":{"loc":{"start":{"line":35,"column":10},"end":{"line":35,"column":20}},"type":"default-arg","locations":[{"start":{"line":35,"column":18},"end":{"line":35,"column":20}}],"line":35},"1":{"loc":{"start":{"line":35,"column":22},"end":{"line":35,"column":32}},"type":"default-arg","locations":[{"start":{"line":35,"column":31},"end":{"line":35,"column":32}}],"line":35},"2":{"loc":{"start":{"line":35,"column":34},"end":{"line":35,"column":45}},"type":"default-arg","locations":[{"start":{"line":35,"column":43},"end":{"line":35,"column":45}}],"line":35},"3":{"loc":{"start":{"line":72,"column":4},"end":{"line":77,"column":5}},"type":"if","locations":[{"start":{"line":72,"column":4},"end":{"line":77,"column":5}},{"start":{},"end":{}}],"line":72},"4":{"loc":{"start":{"line":111,"column":4},"end":{"line":116,"column":5}},"type":"if","locations":[{"start":{"line":111,"column":4},"end":{"line":116,"column":5}},{"start":{},"end":{}}],"line":111},"5":{"loc":{"start":{"line":134,"column":4},"end":{"line":139,"column":5}},"type":"if","locations":[{"start":{"line":134,"column":4},"end":{"line":139,"column":5}},{"start":{},"end":{}}],"line":134}},"s":{"0":0,"1":0,"2":0,"3":0,"4":0,"5":0,"6":0,"7":0,"8":0,"9":0,"10":0,"11":0,"12":0,"13":0,"14":0,"15":0,"16":0,"17":0,"18":0,"19":0,"20":0,"21":0,"22":0,"23":0,"24":0,"25":0,"26":0,"27":0,"28":0,"29":0,"30":0,"31":0,"32":0,"33":0,"34":0,"35":0,"36":0,"37":0,"38":0,"39":0,"40":0,"41":0,"42":0,"43":0,"44":0,"45":0,"46":0,"47":0,"48":0,"49":0,"50":0},"f":{"0":0,"1":0,"2":0,"3":0,"4":0,"5":0},"b":{"0":[0],"1":[0],"2":[0],"3":[0,0],"4":[0,0],"5":[0,0]},"inputSourceMap":null}
,"C:\\Users\\Asus\\Project_Clone\\finalProject2-Muhammad-Rofi-Dailamy\\day-edu-tech-be\\src\\controllers\\test.controller.js": {"path":"C:\\Users\\Asus\\Project_Clone\\finalProject2-Muhammad-Rofi-Dailamy\\day-edu-tech-be\\src\\controllers\\test.controller.js","statementMap":{"0":{"start":{"line":2,"column":20},"end":{"line":7,"column":1}},"1":{"start":{"line":3,"column":2},"end":{"line":3,"column":18}},"2":{"start":{"line":4,"column":16},"end":{"line":4,"column":39}},"3":{"start":{"line":5,"column":2},"end":{"line":5,"column":21}},"4":{"start":{"line":6,"column":2},"end":{"line":6,"column":27}}},"fnMap":{"0":{"name":"(anonymous_0)","decl":{"start":{"line":2,"column":20},"end":{"line":2,"column":21}},"loc":{"start":{"line":2,"column":40},"end":{"line":7,"column":1}},"line":2}},"branchMap":{},"s":{"0":0,"1":0,"2":0,"3":0,"4":0},"f":{"0":0},"b":{},"inputSourceMap":null}
,"C:\\Users\\Asus\\Project_Clone\\finalProject2-Muhammad-Rofi-Dailamy\\day-edu-tech-be\\src\\controllers\\transaction.controller.js": {"path":"C:\\Users\\Asus\\Project_Clone\\finalProject2-Muhammad-Rofi-Dailamy\\day-edu-tech-be\\src\\controllers\\transaction.controller.js","statementMap":{"0":{"start":{"line":6,"column":38},"end":{"line":6,"column":40}},"1":{"start":{"line":9,"column":37},"end":{"line":73,"column":1}},"2":{"start":{"line":10,"column":24},"end":{"line":10,"column":32}},"3":{"start":{"line":11,"column":18},"end":{"line":11,"column":59}},"4":{"start":{"line":12,"column":2},"end":{"line":72,"column":3}},"5":{"start":{"line":13,"column":17},"end":{"line":25,"column":6}},"6":{"start":{"line":26,"column":4},"end":{"line":26,"column":47}},"7":{"start":{"line":27,"column":23},"end":{"line":30,"column":5}},"8":{"start":{"line":28,"column":25},"end":{"line":28,"column":45}},"9":{"start":{"line":31,"column":4},"end":{"line":31,"column":44}},"10":{"start":{"line":32,"column":24},"end":{"line":38,"column":7}},"11":{"start":{"line":32,"column":54},"end":{"line":38,"column":5}},"12":{"start":{"line":39,"column":31},"end":{"line":48,"column":5}},"13":{"start":{"line":50,"column":24},"end":{"line":50,"column":79}},"14":{"start":{"line":51,"column":18},"end":{"line":62,"column":6}},"15":{"start":{"line":63,"column":4},"end":{"line":63,"column":47}},"16":{"start":{"line":64,"column":4},"end":{"line":68,"column":7}},"17":{"start":{"line":70,"column":4},"end":{"line":70,"column":33}},"18":{"start":{"line":71,"column":4},"end":{"line":71,"column":40}},"19":{"start":{"line":75,"column":37},"end":{"line":92,"column":1}},"20":{"start":{"line":76,"column":17},"end":{"line":76,"column":25}},"21":{"start":{"line":77,"column":2},"end":{"line":91,"column":3}},"22":{"start":{"line":78,"column":19},"end":{"line":82,"column":6}},"23":{"start":{"line":83,"column":4},"end":{"line":83,"column":62}},"24":{"start":{"line":83,"column":44},"end":{"line":83,"column":59}},"25":{"start":{"line":84,"column":4},"end":{"line":87,"column":7}},"26":{"start":{"line":89,"column":4},"end":{"line":89,"column":33}},"27":{"start":{"line":90,"column":4},"end":{"line":90,"column":40}},"28":{"start":{"line":95,"column":36},"end":{"line":141,"column":1}},"29":{"start":{"line":96,"column":17},"end":{"line":96,"column":25}},"30":{"start":{"line":97,"column":22},"end":{"line":97,"column":32}},"31":{"start":{"line":98,"column":2},"end":{"line":140,"column":3}},"32":{"start":{"line":99,"column":24},"end":{"line":99,"column":63}},"33":{"start":{"line":100,"column":18},"end":{"line":102,"column":6}},"34":{"start":{"line":103,"column":4},"end":{"line":103,"column":25}},"35":{"start":{"line":104,"column":4},"end":{"line":109,"column":5}},"36":{"start":{"line":105,"column":6},"end":{"line":108,"column":9}},"37":{"start":{"line":111,"column":17},"end":{"line":111,"column":26}},"38":{"start":{"line":112,"column":4},"end":{"line":117,"column":5}},"39":{"start":{"line":116,"column":6},"end":{"line":116,"column":22}},"40":{"start":{"line":118,"column":4},"end":{"line":118,"column":74}},"41":{"start":{"line":118,"column":53},"end":{"line":118,"column":74}},"42":{"start":{"line":119,"column":4},"end":{"line":119,"column":72}},"43":{"start":{"line":119,"column":53},"end":{"line":119,"column":72}},"44":{"start":{"line":121,"column":4},"end":{"line":121,"column":34}},"45":{"start":{"line":122,"column":4},"end":{"line":122,"column":36}},"46":{"start":{"line":123,"column":4},"end":{"line":126,"column":6}},"47":{"start":{"line":127,"column":4},"end":{"line":131,"column":7}},"48":{"start":{"line":132,"column":4},"end":{"line":136,"column":7}},"49":{"start":{"line":138,"column":4},"end":{"line":138,"column":33}},"50":{"start":{"line":139,"column":4},"end":{"line":139,"column":40}},"51":{"start":{"line":143,"column":38},"end":{"line":188,"column":1}},"52":{"start":{"line":144,"column":17},"end":{"line":144,"column":25}},"53":{"start":{"line":145,"column":50},"end":{"line":145,"column":59}},"54":{"start":{"line":146,"column":2},"end":{"line":187,"column":3}},"55":{"start":{"line":147,"column":19},"end":{"line":154,"column":6}},"56":{"start":{"line":155,"column":4},"end":{"line":155,"column":34}},"57":{"start":{"line":156,"column":4},"end":{"line":176,"column":5}},"58":{"start":{"line":157,"column":6},"end":{"line":175,"column":8}},"59":{"start":{"line":159,"column":30},"end":{"line":159,"column":75}},"60":{"start":{"line":160,"column":10},"end":{"line":160,"column":35}},"61":{"start":{"line":161,"column":23},"end":{"line":161,"column":32}},"62":{"start":{"line":162,"column":10},"end":{"line":167,"column":11}},"63":{"start":{"line":166,"column":12},"end":{"line":166,"column":28}},"64":{"start":{"line":168,"column":10},"end":{"line":168,"column":80}},"65":{"start":{"line":168,"column":59},"end":{"line":168,"column":80}},"66":{"start":{"line":169,"column":10},"end":{"line":169,"column":78}},"67":{"start":{"line":169,"column":59},"end":{"line":169,"column":78}},"68":{"start":{"line":170,"column":10},"end":{"line":173,"column":12}},"69":{"start":{"line":177,"column":4},"end":{"line":183,"column":7}},"70":{"start":{"line":185,"column":4},"end":{"line":185,"column":33}},"71":{"start":{"line":186,"column":4},"end":{"line":186,"column":40}},"72":{"start":{"line":191,"column":36},"end":{"line":213,"column":1}},"73":{"start":{"line":192,"column":17},"end":{"line":192,"column":25}},"74":{"start":{"line":193,"column":2},"end":{"line":212,"column":3}},"75":{"start":{"line":194,"column":4},"end":{"line":194,"column":32}},"76":{"start":{"line":195,"column":18},"end":{"line":197,"column":6}},"77":{"start":{"line":199,"column":4},"end":{"line":205,"column":5}},"78":{"start":{"line":200,"column":6},"end":{"line":204,"column":8}},"79":{"start":{"line":202,"column":10},"end":{"line":202,"column":31}},"80":{"start":{"line":206,"column":4},"end":{"line":208,"column":63}},"81":{"start":{"line":210,"column":4},"end":{"line":210,"column":57}},"82":{"start":{"line":211,"column":4},"end":{"line":211,"column":51}}},"fnMap":{"0":{"name":"(anonymous_0)","decl":{"start":{"line":9,"column":37},"end":{"line":9,"column":38}},"loc":{"start":{"line":9,"column":57},"end":{"line":73,"column":1}},"line":9},"1":{"name":"(anonymous_1)","decl":{"start":{"line":28,"column":6},"end":{"line":28,"column":7}},"loc":{"start":{"line":28,"column":25},"end":{"line":28,"column":45}},"line":28},"2":{"name":"(anonymous_2)","decl":{"start":{"line":32,"column":41},"end":{"line":32,"column":42}},"loc":{"start":{"line":32,"column":54},"end":{"line":38,"column":5}},"line":32},"3":{"name":"(anonymous_3)","decl":{"start":{"line":75,"column":37},"end":{"line":75,"column":38}},"loc":{"start":{"line":75,"column":57},"end":{"line":92,"column":1}},"line":75},"4":{"name":"(anonymous_4)","decl":{"start":{"line":83,"column":33},"end":{"line":83,"column":34}},"loc":{"start":{"line":83,"column":44},"end":{"line":83,"column":59}},"line":83},"5":{"name":"(anonymous_5)","decl":{"start":{"line":95,"column":36},"end":{"line":95,"column":37}},"loc":{"start":{"line":95,"column":56},"end":{"line":141,"column":1}},"line":95},"6":{"name":"(anonymous_6)","decl":{"start":{"line":143,"column":38},"end":{"line":143,"column":39}},"loc":{"start":{"line":143,"column":58},"end":{"line":188,"column":1}},"line":143},"7":{"name":"(anonymous_7)","decl":{"start":{"line":158,"column":24},"end":{"line":158,"column":25}},"loc":{"start":{"line":158,"column":41},"end":{"line":174,"column":9}},"line":158},"8":{"name":"(anonymous_8)","decl":{"start":{"line":191,"column":36},"end":{"line":191,"column":37}},"loc":{"start":{"line":191,"column":56},"end":{"line":213,"column":1}},"line":191},"9":{"name":"(anonymous_9)","decl":{"start":{"line":201,"column":18},"end":{"line":201,"column":19}},"loc":{"start":{"line":201,"column":34},"end":{"line":203,"column":9}},"line":201}},"branchMap":{"0":{"loc":{"start":{"line":104,"column":4},"end":{"line":109,"column":5}},"type":"if","locations":[{"start":{"line":104,"column":4},"end":{"line":109,"column":5}},{"start":{},"end":{}}],"line":104},"1":{"loc":{"start":{"line":112,"column":4},"end":{"line":117,"column":5}},"type":"if","locations":[{"start":{"line":112,"column":4},"end":{"line":117,"column":5}},{"start":{},"end":{}}],"line":112},"2":{"loc":{"start":{"line":113,"column":6},"end":{"line":114,"column":50}},"type":"binary-expr","locations":[{"start":{"line":113,"column":6},"end":{"line":113,"column":53}},{"start":{"line":114,"column":6},"end":{"line":114,"column":50}}],"line":113},"3":{"loc":{"start":{"line":118,"column":4},"end":{"line":118,"column":74}},"type":"if","locations":[{"start":{"line":118,"column":4},"end":{"line":118,"column":74}},{"start":{},"end":{}}],"line":118},"4":{"loc":{"start":{"line":119,"column":4},"end":{"line":119,"column":72}},"type":"if","locations":[{"start":{"line":119,"column":4},"end":{"line":119,"column":72}},{"start":{},"end":{}}],"line":119},"5":{"loc":{"start":{"line":145,"column":10},"end":{"line":145,"column":20}},"type":"default-arg","locations":[{"start":{"line":145,"column":18},"end":{"line":145,"column":20}}],"line":145},"6":{"loc":{"start":{"line":145,"column":22},"end":{"line":145,"column":32}},"type":"default-arg","locations":[{"start":{"line":145,"column":31},"end":{"line":145,"column":32}}],"line":145},"7":{"loc":{"start":{"line":145,"column":34},"end":{"line":145,"column":45}},"type":"default-arg","locations":[{"start":{"line":145,"column":43},"end":{"line":145,"column":45}}],"line":145},"8":{"loc":{"start":{"line":156,"column":4},"end":{"line":176,"column":5}},"type":"if","locations":[{"start":{"line":156,"column":4},"end":{"line":176,"column":5}},{"start":{},"end":{}}],"line":156},"9":{"loc":{"start":{"line":162,"column":10},"end":{"line":167,"column":11}},"type":"if","locations":[{"start":{"line":162,"column":10},"end":{"line":167,"column":11}},{"start":{},"end":{}}],"line":162},"10":{"loc":{"start":{"line":163,"column":12},"end":{"line":164,"column":56}},"type":"binary-expr","locations":[{"start":{"line":163,"column":12},"end":{"line":163,"column":59}},{"start":{"line":164,"column":12},"end":{"line":164,"column":56}}],"line":163},"11":{"loc":{"start":{"line":168,"column":10},"end":{"line":168,"column":80}},"type":"if","locations":[{"start":{"line":168,"column":10},"end":{"line":168,"column":80}},{"start":{},"end":{}}],"line":168},"12":{"loc":{"start":{"line":169,"column":10},"end":{"line":169,"column":78}},"type":"if","locations":[{"start":{"line":169,"column":10},"end":{"line":169,"column":78}},{"start":{},"end":{}}],"line":169},"13":{"loc":{"start":{"line":199,"column":4},"end":{"line":205,"column":5}},"type":"if","locations":[{"start":{"line":199,"column":4},"end":{"line":205,"column":5}},{"start":{},"end":{}}],"line":199}},"s":{"0":0,"1":0,"2":0,"3":0,"4":0,"5":0,"6":0,"7":0,"8":0,"9":0,"10":0,"11":0,"12":0,"13":0,"14":0,"15":0,"16":0,"17":0,"18":0,"19":0,"20":0,"21":0,"22":0,"23":0,"24":0,"25":0,"26":0,"27":0,"28":0,"29":0,"30":0,"31":0,"32":0,"33":0,"34":0,"35":0,"36":0,"37":0,"38":0,"39":0,"40":0,"41":0,"42":0,"43":0,"44":0,"45":0,"46":0,"47":0,"48":0,"49":0,"50":0,"51":0,"52":0,"53":0,"54":0,"55":0,"56":0,"57":0,"58":0,"59":0,"60":0,"61":0,"62":0,"63":0,"64":0,"65":0,"66":0,"67":0,"68":0,"69":0,"70":0,"71":0,"72":0,"73":0,"74":0,"75":0,"76":0,"77":0,"78":0,"79":0,"80":0,"81":0,"82":0},"f":{"0":0,"1":0,"2":0,"3":0,"4":0,"5":0,"6":0,"7":0,"8":0,"9":0},"b":{"0":[0,0],"1":[0,0],"2":[0,0],"3":[0,0],"4":[0,0],"5":[0],"6":[0],"7":[0],"8":[0,0],"9":[0,0],"10":[0,0],"11":[0,0],"12":[0,0],"13":[0,0]},"inputSourceMap":null}
,"C:\\Users\\Asus\\Project_Clone\\finalProject2-Muhammad-Rofi-Dailamy\\day-edu-tech-be\\src\\controllers\\user.controller.js": {"path":"C:\\Users\\Asus\\Project_Clone\\finalProject2-Muhammad-Rofi-Dailamy\\day-edu-tech-be\\src\\controllers\\user.controller.js","statementMap":{"0":{"start":{"line":2,"column":73},"end":{"line":2,"column":75}},"1":{"start":{"line":13,"column":19},"end":{"line":13,"column":49}},"2":{"start":{"line":14,"column":18},"end":{"line":14,"column":42}},"3":{"start":{"line":16,"column":26},"end":{"line":58,"column":1}},"4":{"start":{"line":17,"column":50},"end":{"line":17,"column":59}},"5":{"start":{"line":18,"column":2},"end":{"line":57,"column":3}},"6":{"start":{"line":19,"column":18},"end":{"line":45,"column":6}},"7":{"start":{"line":46,"column":4},"end":{"line":53,"column":7}},"8":{"start":{"line":55,"column":4},"end":{"line":55,"column":33}},"9":{"start":{"line":56,"column":4},"end":{"line":56,"column":40}},"10":{"start":{"line":60,"column":27},"end":{"line":75,"column":1}},"11":{"start":{"line":61,"column":17},"end":{"line":61,"column":27}},"12":{"start":{"line":62,"column":2},"end":{"line":74,"column":3}},"13":{"start":{"line":63,"column":17},"end":{"line":65,"column":6}},"14":{"start":{"line":66,"column":4},"end":{"line":70,"column":7}},"15":{"start":{"line":72,"column":4},"end":{"line":72,"column":33}},"16":{"start":{"line":73,"column":4},"end":{"line":73,"column":40}},"17":{"start":{"line":76,"column":26},"end":{"line":181,"column":1}},"18":{"start":{"line":77,"column":53},"end":{"line":77,"column":61}},"19":{"start":{"line":78,"column":20},"end":{"line":78,"column":49}},"20":{"start":{"line":79,"column":2},"end":{"line":180,"column":3}},"21":{"start":{"line":80,"column":21},"end":{"line":80,"column":49}},"22":{"start":{"line":82,"column":23},"end":{"line":82,"column":54}},"23":{"start":{"line":84,"column":17},"end":{"line":95,"column":5}},"24":{"start":{"line":97,"column":4},"end":{"line":108,"column":6}},"25":{"start":{"line":99,"column":8},"end":{"line":106,"column":10}},"26":{"start":{"line":109,"column":17},"end":{"line":112,"column":6}},"27":{"start":{"line":113,"column":4},"end":{"line":115,"column":5}},"28":{"start":{"line":114,"column":6},"end":{"line":114,"column":52}},"29":{"start":{"line":116,"column":4},"end":{"line":122,"column":6}},"30":{"start":{"line":123,"column":4},"end":{"line":134,"column":6}},"31":{"start":{"line":135,"column":18},"end":{"line":144,"column":5}},"32":{"start":{"line":145,"column":24},"end":{"line":151,"column":6}},"33":{"start":{"line":152,"column":32},"end":{"line":155,"column":5}},"34":{"start":{"line":156,"column":21},"end":{"line":156,"column":60}},"35":{"start":{"line":157,"column":23},"end":{"line":162,"column":6}},"36":{"start":{"line":163,"column":24},"end":{"line":168,"column":5}},"37":{"start":{"line":169,"column":4},"end":{"line":169,"column":44}},"38":{"start":{"line":170,"column":4},"end":{"line":170,"column":31}},"39":{"start":{"line":171,"column":4},"end":{"line":175,"column":7}},"40":{"start":{"line":177,"column":4},"end":{"line":177,"column":33}},"41":{"start":{"line":178,"column":4},"end":{"line":178,"column":33}},"42":{"start":{"line":179,"column":4},"end":{"line":179,"column":40}},"43":{"start":{"line":183,"column":30},"end":{"line":228,"column":1}},"44":{"start":{"line":184,"column":17},"end":{"line":184,"column":27}},"45":{"start":{"line":185,"column":63},"end":{"line":185,"column":71}},"46":{"start":{"line":186,"column":2},"end":{"line":227,"column":3}},"47":{"start":{"line":187,"column":17},"end":{"line":189,"column":6}},"48":{"start":{"line":190,"column":24},"end":{"line":192,"column":6}},"49":{"start":{"line":193,"column":4},"end":{"line":197,"column":6}},"50":{"start":{"line":195,"column":8},"end":{"line":195,"column":31}},"51":{"start":{"line":198,"column":4},"end":{"line":207,"column":6}},"52":{"start":{"line":200,"column":8},"end":{"line":205,"column":11}},"53":{"start":{"line":208,"column":23},"end":{"line":208,"column":36}},"54":{"start":{"line":209,"column":4},"end":{"line":211,"column":5}},"55":{"start":{"line":210,"column":6},"end":{"line":210,"column":53}},"56":{"start":{"line":212,"column":4},"end":{"line":218,"column":7}},"57":{"start":{"line":219,"column":4},"end":{"line":223,"column":7}},"58":{"start":{"line":225,"column":4},"end":{"line":225,"column":33}},"59":{"start":{"line":226,"column":4},"end":{"line":226,"column":40}},"60":{"start":{"line":230,"column":30},"end":{"line":245,"column":1}},"61":{"start":{"line":231,"column":17},"end":{"line":231,"column":27}},"62":{"start":{"line":232,"column":2},"end":{"line":244,"column":3}},"63":{"start":{"line":233,"column":17},"end":{"line":235,"column":6}},"64":{"start":{"line":236,"column":4},"end":{"line":236,"column":25}},"65":{"start":{"line":237,"column":4},"end":{"line":240,"column":7}},"66":{"start":{"line":242,"column":4},"end":{"line":242,"column":33}},"67":{"start":{"line":243,"column":4},"end":{"line":243,"column":40}}},"fnMap":{"0":{"name":"(anonymous_0)","decl":{"start":{"line":16,"column":26},"end":{"line":16,"column":27}},"loc":{"start":{"line":16,"column":46},"end":{"line":58,"column":1}},"line":16},"1":{"name":"(anonymous_1)","decl":{"start":{"line":60,"column":27},"end":{"line":60,"column":28}},"loc":{"start":{"line":60,"column":47},"end":{"line":75,"column":1}},"line":60},"2":{"name":"(anonymous_2)","decl":{"start":{"line":76,"column":26},"end":{"line":76,"column":27}},"loc":{"start":{"line":76,"column":46},"end":{"line":181,"column":1}},"line":76},"3":{"name":"(anonymous_3)","decl":{"start":{"line":98,"column":27},"end":{"line":98,"column":28}},"loc":{"start":{"line":98,"column":45},"end":{"line":107,"column":7}},"line":98},"4":{"name":"(anonymous_4)","decl":{"start":{"line":183,"column":30},"end":{"line":183,"column":31}},"loc":{"start":{"line":183,"column":50},"end":{"line":228,"column":1}},"line":183},"5":{"name":"(anonymous_5)","decl":{"start":{"line":194,"column":22},"end":{"line":194,"column":23}},"loc":{"start":{"line":194,"column":40},"end":{"line":196,"column":7}},"line":194},"6":{"name":"(anonymous_6)","decl":{"start":{"line":199,"column":28},"end":{"line":199,"column":29}},"loc":{"start":{"line":199,"column":46},"end":{"line":206,"column":7}},"line":199},"7":{"name":"(anonymous_7)","decl":{"start":{"line":230,"column":30},"end":{"line":230,"column":31}},"loc":{"start":{"line":230,"column":50},"end":{"line":245,"column":1}},"line":230}},"branchMap":{"0":{"loc":{"start":{"line":17,"column":10},"end":{"line":17,"column":20}},"type":"default-arg","locations":[{"start":{"line":17,"column":18},"end":{"line":17,"column":20}}],"line":17},"1":{"loc":{"start":{"line":17,"column":22},"end":{"line":17,"column":32}},"type":"default-arg","locations":[{"start":{"line":17,"column":31},"end":{"line":17,"column":32}}],"line":17},"2":{"loc":{"start":{"line":17,"column":34},"end":{"line":17,"column":45}},"type":"default-arg","locations":[{"start":{"line":17,"column":43},"end":{"line":17,"column":45}}],"line":17},"3":{"loc":{"start":{"line":113,"column":4},"end":{"line":115,"column":5}},"type":"if","locations":[{"start":{"line":113,"column":4},"end":{"line":115,"column":5}},{"start":{},"end":{}}],"line":113},"4":{"loc":{"start":{"line":209,"column":4},"end":{"line":211,"column":5}},"type":"if","locations":[{"start":{"line":209,"column":4},"end":{"line":211,"column":5}},{"start":{},"end":{}}],"line":209},"5":{"loc":{"start":{"line":213,"column":16},"end":{"line":213,"column":41}},"type":"binary-expr","locations":[{"start":{"line":213,"column":16},"end":{"line":213,"column":24}},{"start":{"line":213,"column":28},"end":{"line":213,"column":41}}],"line":213},"6":{"loc":{"start":{"line":214,"column":16},"end":{"line":214,"column":41}},"type":"binary-expr","locations":[{"start":{"line":214,"column":16},"end":{"line":214,"column":24}},{"start":{"line":214,"column":28},"end":{"line":214,"column":41}}],"line":214},"7":{"loc":{"start":{"line":215,"column":19},"end":{"line":215,"column":50}},"type":"binary-expr","locations":[{"start":{"line":215,"column":19},"end":{"line":215,"column":30}},{"start":{"line":215,"column":34},"end":{"line":215,"column":50}}],"line":215},"8":{"loc":{"start":{"line":216,"column":13},"end":{"line":216,"column":32}},"type":"binary-expr","locations":[{"start":{"line":216,"column":13},"end":{"line":216,"column":18}},{"start":{"line":216,"column":22},"end":{"line":216,"column":32}}],"line":216}},"s":{"0":1,"1":1,"2":1,"3":1,"4":4,"5":4,"6":4,"7":3,"8":1,"9":1,"10":1,"11":3,"12":3,"13":3,"14":2,"15":1,"16":1,"17":1,"18":3,"19":3,"20":3,"21":3,"22":3,"23":3,"24":2,"25":4,"26":2,"27":2,"28":1,"29":1,"30":1,"31":1,"32":1,"33":1,"34":1,"35":1,"36":1,"37":1,"38":1,"39":1,"40":1,"41":1,"42":1,"43":1,"44":3,"45":3,"46":3,"47":3,"48":2,"49":2,"50":2,"51":2,"52":4,"53":2,"54":2,"55":1,"56":2,"57":2,"58":1,"59":1,"60":1,"61":2,"62":2,"63":2,"64":1,"65":1,"66":1,"67":1},"f":{"0":4,"1":3,"2":3,"3":4,"4":3,"5":2,"6":4,"7":2},"b":{"0":[3],"1":[3],"2":[3],"3":[1,1],"4":[1,1],"5":[2,0],"6":[2,0],"7":[2,0],"8":[2,0]},"inputSourceMap":null,"_coverageSchema":"1a1c01bbd47fc00a2c39e90264f33305004495a9","hash":"86100e7d3aeb953675882011d90967952052fdb6"}
,"C:\\Users\\Asus\\Project_Clone\\finalProject2-Muhammad-Rofi-Dailamy\\day-edu-tech-be\\src\\services\\firebase.service.js": {"path":"C:\\Users\\Asus\\Project_Clone\\finalProject2-Muhammad-Rofi-Dailamy\\day-edu-tech-be\\src\\services\\firebase.service.js","statementMap":{"0":{"start":{"line":2,"column":23},"end":{"line":14,"column":1}},"1":{"start":{"line":16,"column":0},"end":{"line":18,"column":3}}},"fnMap":{},"branchMap":{},"s":{"0":1,"1":1},"f":{},"b":{},"inputSourceMap":null,"_coverageSchema":"1a1c01bbd47fc00a2c39e90264f33305004495a9","hash":"10d4ab3561c72ca75ae6ff4fc6bc5fa4134fc4fd"}
,"C:\\Users\\Asus\\Project_Clone\\finalProject2-Muhammad-Rofi-Dailamy\\day-edu-tech-be\\src\\services\\generateCharacter.js": {"path":"C:\\Users\\Asus\\Project_Clone\\finalProject2-Muhammad-Rofi-Dailamy\\day-edu-tech-be\\src\\services\\generateCharacter.js","statementMap":{"0":{"start":{"line":1,"column":32},"end":{"line":13,"column":1}},"1":{"start":{"line":3,"column":4},"end":{"line":3,"column":68}},"2":{"start":{"line":4,"column":17},"end":{"line":4,"column":19}},"3":{"start":{"line":6,"column":2},"end":{"line":10,"column":3}},"4":{"start":{"line":6,"column":15},"end":{"line":6,"column":16}},"5":{"start":{"line":7,"column":4},"end":{"line":9,"column":6}},"6":{"start":{"line":12,"column":2},"end":{"line":12,"column":18}}},"fnMap":{"0":{"name":"(anonymous_0)","decl":{"start":{"line":1,"column":32},"end":{"line":1,"column":33}},"loc":{"start":{"line":1,"column":49},"end":{"line":13,"column":1}},"line":1}},"branchMap":{"0":{"loc":{"start":{"line":1,"column":33},"end":{"line":1,"column":44}},"type":"default-arg","locations":[{"start":{"line":1,"column":42},"end":{"line":1,"column":44}}],"line":1}},"s":{"0":1,"1":0,"2":0,"3":0,"4":0,"5":0,"6":0},"f":{"0":0},"b":{"0":[0]},"inputSourceMap":null,"_coverageSchema":"1a1c01bbd47fc00a2c39e90264f33305004495a9","hash":"7155af39c053c6b2884d9fb635e3e5e26f98baa5"}
,"C:\\Users\\Asus\\Project_Clone\\finalProject2-Muhammad-Rofi-Dailamy\\day-edu-tech-be\\src\\services\\midtrans.service.js": {"path":"C:\\Users\\Asus\\Project_Clone\\finalProject2-Muhammad-Rofi-Dailamy\\day-edu-tech-be\\src\\services\\midtrans.service.js","statementMap":{"0":{"start":{"line":2,"column":18},"end":{"line":2,"column":49}},"1":{"start":{"line":3,"column":16},"end":{"line":3,"column":45}},"2":{"start":{"line":4,"column":16},"end":{"line":4,"column":45}},"3":{"start":{"line":6,"column":45},"end":{"line":28,"column":1}},"4":{"start":{"line":7,"column":2},"end":{"line":27,"column":3}},"5":{"start":{"line":8,"column":21},"end":{"line":20,"column":5}},"6":{"start":{"line":21,"column":4},"end":{"line":21,"column":25}},"7":{"start":{"line":23,"column":4},"end":{"line":23,"column":54}},"8":{"start":{"line":24,"column":4},"end":{"line":26,"column":6}},"9":{"start":{"line":29,"column":40},"end":{"line":45,"column":1}},"10":{"start":{"line":30,"column":2},"end":{"line":44,"column":3}},"11":{"start":{"line":31,"column":21},"end":{"line":37,"column":6}},"12":{"start":{"line":38,"column":4},"end":{"line":38,"column":25}},"13":{"start":{"line":40,"column":4},"end":{"line":40,"column":54}},"14":{"start":{"line":41,"column":4},"end":{"line":43,"column":6}}},"fnMap":{"0":{"name":"(anonymous_0)","decl":{"start":{"line":6,"column":45},"end":{"line":6,"column":46}},"loc":{"start":{"line":6,"column":75},"end":{"line":28,"column":1}},"line":6},"1":{"name":"(anonymous_1)","decl":{"start":{"line":29,"column":40},"end":{"line":29,"column":41}},"loc":{"start":{"line":29,"column":59},"end":{"line":45,"column":1}},"line":29}},"branchMap":{"0":{"loc":{"start":{"line":25,"column":6},"end":{"line":25,"column":79}},"type":"binary-expr","locations":[{"start":{"line":25,"column":6},"end":{"line":25,"column":40}},{"start":{"line":25,"column":44},"end":{"line":25,"column":79}}],"line":25},"1":{"loc":{"start":{"line":42,"column":6},"end":{"line":42,"column":80}},"type":"binary-expr","locations":[{"start":{"line":42,"column":6},"end":{"line":42,"column":40}},{"start":{"line":42,"column":44},"end":{"line":42,"column":80}}],"line":42}},"s":{"0":0,"1":0,"2":0,"3":0,"4":0,"5":0,"6":0,"7":0,"8":0,"9":0,"10":0,"11":0,"12":0,"13":0,"14":0},"f":{"0":0,"1":0},"b":{"0":[0,0],"1":[0,0]},"inputSourceMap":null}
,"C:\\Users\\Asus\\Project_Clone\\finalProject2-Muhammad-Rofi-Dailamy\\day-edu-tech-be\\src\\utils\\character.util.js": {"path":"C:\\Users\\Asus\\Project_Clone\\finalProject2-Muhammad-Rofi-Dailamy\\day-edu-tech-be\\src\\utils\\character.util.js","statementMap":{"0":{"start":{"line":1,"column":40},"end":{"line":9,"column":1}},"1":{"start":{"line":3,"column":4},"end":{"line":3,"column":68}},"2":{"start":{"line":4,"column":15},"end":{"line":4,"column":17}},"3":{"start":{"line":5,"column":2},"end":{"line":7,"column":3}},"4":{"start":{"line":5,"column":15},"end":{"line":5,"column":16}},"5":{"start":{"line":6,"column":4},"end":{"line":6,"column":79}},"6":{"start":{"line":8,"column":2},"end":{"line":8,"column":16}}},"fnMap":{"0":{"name":"(anonymous_0)","decl":{"start":{"line":1,"column":40},"end":{"line":1,"column":41}},"loc":{"start":{"line":1,"column":57},"end":{"line":9,"column":1}},"line":1}},"branchMap":{"0":{"loc":{"start":{"line":1,"column":41},"end":{"line":1,"column":52}},"type":"default-arg","locations":[{"start":{"line":1,"column":50},"end":{"line":1,"column":52}}],"line":1}},"s":{"0":1,"1":3,"2":3,"3":3,"4":3,"5":60,"6":3},"f":{"0":3},"b":{"0":[0]},"inputSourceMap":null,"_coverageSchema":"1a1c01bbd47fc00a2c39e90264f33305004495a9","hash":"604d6c307155be77a8e626a17ce2fb587aab1e13"}
,"C:\\Users\\Asus\\Project_Clone\\finalProject2-Muhammad-Rofi-Dailamy\\day-edu-tech-be\\src\\utils\\file.util.js": {"path":"C:\\Users\\Asus\\Project_Clone\\finalProject2-Muhammad-Rofi-Dailamy\\day-edu-tech-be\\src\\utils\\file.util.js","statementMap":{"0":{"start":{"line":4,"column":19},"end":{"line":4,"column":49}},"1":{"start":{"line":5,"column":18},"end":{"line":5,"column":42}},"2":{"start":{"line":8,"column":16},"end":{"line":16,"column":2}},"3":{"start":{"line":10,"column":4},"end":{"line":10,"column":74}},"4":{"start":{"line":11,"column":4},"end":{"line":11,"column":45}},"5":{"start":{"line":14,"column":4},"end":{"line":14,"column":59}},"6":{"start":{"line":18,"column":22},"end":{"line":18,"column":50}}},"fnMap":{"0":{"name":"(anonymous_0)","decl":{"start":{"line":9,"column":15},"end":{"line":9,"column":16}},"loc":{"start":{"line":9,"column":40},"end":{"line":12,"column":3}},"line":9},"1":{"name":"(anonymous_1)","decl":{"start":{"line":13,"column":12},"end":{"line":13,"column":13}},"loc":{"start":{"line":13,"column":37},"end":{"line":15,"column":3}},"line":13}},"branchMap":{},"s":{"0":0,"1":0,"2":0,"3":0,"4":0,"5":0,"6":0},"f":{"0":0,"1":0},"b":{},"inputSourceMap":null}
,"C:\\Users\\Asus\\Project_Clone\\finalProject2-Muhammad-Rofi-Dailamy\\day-edu-tech-be\\src\\utils\\forge.util.js": {"path":"C:\\Users\\Asus\\Project_Clone\\finalProject2-Muhammad-Rofi-Dailamy\\day-edu-tech-be\\src\\utils\\forge.util.js","statementMap":{"0":{"start":{"line":6,"column":34},"end":{"line":16,"column":1}},"1":{"start":{"line":7,"column":14},"end":{"line":7,"column":43}},"2":{"start":{"line":8,"column":18},"end":{"line":10,"column":3}},"3":{"start":{"line":11,"column":2},"end":{"line":15,"column":5}},"4":{"start":{"line":19,"column":30},"end":{"line":62,"column":1}},"5":{"start":{"line":20,"column":2},"end":{"line":61,"column":3}},"6":{"start":{"line":21,"column":26},"end":{"line":23,"column":5}},"7":{"start":{"line":30,"column":8},"end":{"line":30,"column":21}},"8":{"start":{"line":31,"column":4},"end":{"line":31,"column":48}},"9":{"start":{"line":32,"column":26},"end":{"line":35,"column":23}},"10":{"start":{"line":36,"column":23},"end":{"line":36,"column":65}},"11":{"start":{"line":37,"column":25},"end":{"line":40,"column":5}},"12":{"start":{"line":41,"column":17},"end":{"line":41,"column":36}},"13":{"start":{"line":42,"column":4},"end":{"line":42,"column":34}},"14":{"start":{"line":43,"column":4},"end":{"line":43,"column":55}},"15":{"start":{"line":44,"column":25},"end":{"line":44,"column":46}},"16":{"start":{"line":46,"column":4},"end":{"line":49,"column":5}},"17":{"start":{"line":48,"column":6},"end":{"line":48,"column":68}},"18":{"start":{"line":50,"column":21},"end":{"line":50,"column":73}},"19":{"start":{"line":51,"column":4},"end":{"line":51,"column":52}},"20":{"start":{"line":52,"column":4},"end":{"line":54,"column":6}},"21":{"start":{"line":55,"column":4},"end":{"line":55,"column":22}},"22":{"start":{"line":56,"column":4},"end":{"line":56,"column":57}},"23":{"start":{"line":58,"column":4},"end":{"line":58,"column":31}},"24":{"start":{"line":59,"column":4},"end":{"line":59,"column":51}},"25":{"start":{"line":60,"column":4},"end":{"line":60,"column":53}}},"fnMap":{"0":{"name":"(anonymous_0)","decl":{"start":{"line":6,"column":34},"end":{"line":6,"column":35}},"loc":{"start":{"line":6,"column":48},"end":{"line":16,"column":1}},"line":6},"1":{"name":"(anonymous_1)","decl":{"start":{"line":19,"column":30},"end":{"line":19,"column":31}},"loc":{"start":{"line":19,"column":49},"end":{"line":62,"column":1}},"line":19}},"branchMap":{"0":{"loc":{"start":{"line":46,"column":4},"end":{"line":49,"column":5}},"type":"if","locations":[{"start":{"line":46,"column":4},"end":{"line":49,"column":5}},{"start":{},"end":{}}],"line":46}},"s":{"0":0,"1":0,"2":0,"3":0,"4":0,"5":0,"6":0,"7":0,"8":0,"9":0,"10":0,"11":0,"12":0,"13":0,"14":0,"15":0,"16":0,"17":0,"18":0,"19":0,"20":0,"21":0,"22":0,"23":0,"24":0,"25":0},"f":{"0":0,"1":0},"b":{"0":[0,0]},"inputSourceMap":null}
}
