{"C:\\Users\\Asus\\Project_Clone\\finalProject2-Muhammad-Rofi-Dailamy\\day-edu-tech-be\\src\\controllers\\auth.controller.js": {"path":"C:\\Users\\Asus\\Project_Clone\\finalProject2-Muhammad-Rofi-Dailamy\\day-edu-tech-be\\src\\controllers\\auth.controller.js","statementMap":{"0":{"start":{"line":2,"column":0},"end":{"line":2,"column":16}},"1":{"start":{"line":4,"column":53},"end":{"line":4,"column":55}},"2":{"start":{"line":15,"column":19},"end":{"line":15,"column":49}},"3":{"start":{"line":16,"column":18},"end":{"line":16,"column":42}},"4":{"start":{"line":18,"column":24},"end":{"line":105,"column":1}},"5":{"start":{"line":19,"column":20},"end":{"line":19,"column":49}},"6":{"start":{"line":20,"column":2},"end":{"line":104,"column":3}},"7":{"start":{"line":21,"column":4},"end":{"line":21,"column":65}},"8":{"start":{"line":22,"column":17},"end":{"line":29,"column":5}},"9":{"start":{"line":30,"column":17},"end":{"line":33,"column":6}},"10":{"start":{"line":34,"column":4},"end":{"line":39,"column":5}},"11":{"start":{"line":35,"column":6},"end":{"line":38,"column":9}},"12":{"start":{"line":40,"column":4},"end":{"line":46,"column":6}},"13":{"start":{"line":47,"column":4},"end":{"line":58,"column":6}},"14":{"start":{"line":59,"column":18},"end":{"line":68,"column":5}},"15":{"start":{"line":69,"column":24},"end":{"line":75,"column":6}},"16":{"start":{"line":76,"column":32},"end":{"line":79,"column":5}},"17":{"start":{"line":80,"column":21},"end":{"line":80,"column":60}},"18":{"start":{"line":81,"column":23},"end":{"line":86,"column":6}},"19":{"start":{"line":87,"column":24},"end":{"line":92,"column":5}},"20":{"start":{"line":93,"column":4},"end":{"line":93,"column":44}},"21":{"start":{"line":94,"column":4},"end":{"line":94,"column":31}},"22":{"start":{"line":95,"column":4},"end":{"line":99,"column":7}},"23":{"start":{"line":101,"column":4},"end":{"line":101,"column":33}},"24":{"start":{"line":102,"column":4},"end":{"line":102,"column":33}},"25":{"start":{"line":103,"column":4},"end":{"line":103,"column":40}},"26":{"start":{"line":106,"column":21},"end":{"line":158,"column":1}},"27":{"start":{"line":107,"column":30},"end":{"line":107,"column":38}},"28":{"start":{"line":108,"column":2},"end":{"line":157,"column":3}},"29":{"start":{"line":109,"column":17},"end":{"line":119,"column":6}},"30":{"start":{"line":120,"column":4},"end":{"line":125,"column":5}},"31":{"start":{"line":121,"column":6},"end":{"line":124,"column":9}},"32":{"start":{"line":126,"column":4},"end":{"line":126,"column":70}},"33":{"start":{"line":127,"column":4},"end":{"line":132,"column":5}},"34":{"start":{"line":128,"column":6},"end":{"line":131,"column":9}},"35":{"start":{"line":134,"column":18},"end":{"line":142,"column":5}},"36":{"start":{"line":143,"column":4},"end":{"line":148,"column":7}},"37":{"start":{"line":149,"column":4},"end":{"line":153,"column":7}},"38":{"start":{"line":155,"column":4},"end":{"line":155,"column":33}},"39":{"start":{"line":156,"column":4},"end":{"line":156,"column":40}},"40":{"start":{"line":159,"column":34},"end":{"line":251,"column":1}},"41":{"start":{"line":160,"column":22},"end":{"line":160,"column":30}},"42":{"start":{"line":161,"column":20},"end":{"line":161,"column":49}},"43":{"start":{"line":162,"column":2},"end":{"line":250,"column":3}},"44":{"start":{"line":164,"column":25},"end":{"line":164,"column":66}},"45":{"start":{"line":165,"column":15},"end":{"line":183,"column":6}},"46":{"start":{"line":185,"column":4},"end":{"line":222,"column":5}},"47":{"start":{"line":186,"column":6},"end":{"line":196,"column":8}},"48":{"start":{"line":197,"column":6},"end":{"line":208,"column":8}},"49":{"start":{"line":209,"column":6},"end":{"line":220,"column":8}},"50":{"start":{"line":221,"column":6},"end":{"line":221,"column":56}},"51":{"start":{"line":223,"column":4},"end":{"line":223,"column":31}},"52":{"start":{"line":224,"column":18},"end":{"line":232,"column":5}},"53":{"start":{"line":233,"column":4},"end":{"line":233,"column":32}},"54":{"start":{"line":234,"column":4},"end":{"line":234,"column":28}},"55":{"start":{"line":235,"column":4},"end":{"line":240,"column":7}},"56":{"start":{"line":241,"column":4},"end":{"line":245,"column":7}},"57":{"start":{"line":247,"column":4},"end":{"line":247,"column":33}},"58":{"start":{"line":248,"column":4},"end":{"line":248,"column":33}},"59":{"start":{"line":249,"column":4},"end":{"line":249,"column":40}},"60":{"start":{"line":253,"column":22},"end":{"line":264,"column":1}},"61":{"start":{"line":254,"column":2},"end":{"line":263,"column":3}},"62":{"start":{"line":255,"column":4},"end":{"line":255,"column":35}},"63":{"start":{"line":256,"column":4},"end":{"line":259,"column":7}},"64":{"start":{"line":261,"column":4},"end":{"line":261,"column":33}},"65":{"start":{"line":262,"column":4},"end":{"line":262,"column":40}},"66":{"start":{"line":265,"column":30},"end":{"line":321,"column":1}},"67":{"start":{"line":266,"column":20},"end":{"line":266,"column":28}},"68":{"start":{"line":267,"column":2},"end":{"line":320,"column":3}},"69":{"start":{"line":268,"column":17},"end":{"line":270,"column":6}},"70":{"start":{"line":271,"column":4},"end":{"line":276,"column":5}},"71":{"start":{"line":272,"column":6},"end":{"line":275,"column":9}},"72":{"start":{"line":277,"column":18},"end":{"line":286,"column":5}},"73":{"start":{"line":287,"column":24},"end":{"line":293,"column":6}},"74":{"start":{"line":294,"column":32},"end":{"line":297,"column":5}},"75":{"start":{"line":298,"column":21},"end":{"line":298,"column":60}},"76":{"start":{"line":299,"column":23},"end":{"line":304,"column":6}},"77":{"start":{"line":305,"column":24},"end":{"line":310,"column":5}},"78":{"start":{"line":311,"column":4},"end":{"line":311,"column":44}},"79":{"start":{"line":312,"column":4},"end":{"line":316,"column":7}},"80":{"start":{"line":318,"column":4},"end":{"line":318,"column":33}},"81":{"start":{"line":319,"column":4},"end":{"line":319,"column":40}},"82":{"start":{"line":323,"column":27},"end":{"line":355,"column":1}},"83":{"start":{"line":324,"column":2},"end":{"line":354,"column":3}},"84":{"start":{"line":325,"column":22},"end":{"line":325,"column":31}},"85":{"start":{"line":326,"column":4},"end":{"line":331,"column":5}},"86":{"start":{"line":327,"column":6},"end":{"line":330,"column":9}},"87":{"start":{"line":332,"column":25},"end":{"line":332,"column":66}},"88":{"start":{"line":333,"column":4},"end":{"line":338,"column":5}},"89":{"start":{"line":334,"column":6},"end":{"line":337,"column":9}},"90":{"start":{"line":339,"column":17},"end":{"line":341,"column":6}},"91":{"start":{"line":342,"column":4},"end":{"line":347,"column":5}},"92":{"start":{"line":343,"column":6},"end":{"line":346,"column":9}},"93":{"start":{"line":348,"column":4},"end":{"line":348,"column":25}},"94":{"start":{"line":349,"column":4},"end":{"line":349,"column":22}},"95":{"start":{"line":350,"column":4},"end":{"line":350,"column":49}},"96":{"start":{"line":352,"column":4},"end":{"line":352,"column":33}},"97":{"start":{"line":353,"column":4},"end":{"line":353,"column":40}},"98":{"start":{"line":357,"column":29},"end":{"line":393,"column":1}},"99":{"start":{"line":358,"column":2},"end":{"line":392,"column":3}},"100":{"start":{"line":359,"column":25},"end":{"line":359,"column":33}},"101":{"start":{"line":360,"column":22},"end":{"line":360,"column":31}},"102":{"start":{"line":361,"column":4},"end":{"line":366,"column":5}},"103":{"start":{"line":362,"column":6},"end":{"line":365,"column":9}},"104":{"start":{"line":367,"column":25},"end":{"line":367,"column":66}},"105":{"start":{"line":368,"column":4},"end":{"line":373,"column":5}},"106":{"start":{"line":369,"column":6},"end":{"line":372,"column":9}},"107":{"start":{"line":374,"column":17},"end":{"line":376,"column":6}},"108":{"start":{"line":377,"column":4},"end":{"line":382,"column":5}},"109":{"start":{"line":378,"column":6},"end":{"line":381,"column":9}},"110":{"start":{"line":383,"column":4},"end":{"line":383,"column":52}},"111":{"start":{"line":384,"column":4},"end":{"line":384,"column":22}},"112":{"start":{"line":385,"column":4},"end":{"line":388,"column":7}},"113":{"start":{"line":390,"column":4},"end":{"line":390,"column":33}},"114":{"start":{"line":391,"column":4},"end":{"line":391,"column":40}}},"fnMap":{"0":{"name":"(anonymous_0)","decl":{"start":{"line":18,"column":24},"end":{"line":18,"column":25}},"loc":{"start":{"line":18,"column":44},"end":{"line":105,"column":1}},"line":18},"1":{"name":"(anonymous_1)","decl":{"start":{"line":106,"column":21},"end":{"line":106,"column":22}},"loc":{"start":{"line":106,"column":41},"end":{"line":158,"column":1}},"line":106},"2":{"name":"(anonymous_2)","decl":{"start":{"line":159,"column":34},"end":{"line":159,"column":35}},"loc":{"start":{"line":159,"column":54},"end":{"line":251,"column":1}},"line":159},"3":{"name":"(anonymous_3)","decl":{"start":{"line":253,"column":22},"end":{"line":253,"column":23}},"loc":{"start":{"line":253,"column":42},"end":{"line":264,"column":1}},"line":253},"4":{"name":"(anonymous_4)","decl":{"start":{"line":265,"column":30},"end":{"line":265,"column":31}},"loc":{"start":{"line":265,"column":50},"end":{"line":321,"column":1}},"line":265},"5":{"name":"(anonymous_5)","decl":{"start":{"line":323,"column":27},"end":{"line":323,"column":28}},"loc":{"start":{"line":323,"column":47},"end":{"line":355,"column":1}},"line":323},"6":{"name":"(anonymous_6)","decl":{"start":{"line":357,"column":29},"end":{"line":357,"column":30}},"loc":{"start":{"line":357,"column":49},"end":{"line":393,"column":1}},"line":357}},"branchMap":{"0":{"loc":{"start":{"line":34,"column":4},"end":{"line":39,"column":5}},"type":"if","locations":[{"start":{"line":34,"column":4},"end":{"line":39,"column":5}},{"start":{},"end":{}}],"line":34},"1":{"loc":{"start":{"line":120,"column":4},"end":{"line":125,"column":5}},"type":"if","locations":[{"start":{"line":120,"column":4},"end":{"line":125,"column":5}},{"start":{},"end":{}}],"line":120},"2":{"loc":{"start":{"line":120,"column":8},"end":{"line":120,"column":31}},"type":"binary-expr","locations":[{"start":{"line":120,"column":8},"end":{"line":120,"column":13}},{"start":{"line":120,"column":17},"end":{"line":120,"column":31}}],"line":120},"3":{"loc":{"start":{"line":127,"column":4},"end":{"line":132,"column":5}},"type":"if","locations":[{"start":{"line":127,"column":4},"end":{"line":132,"column":5}},{"start":{},"end":{}}],"line":127},"4":{"loc":{"start":{"line":185,"column":4},"end":{"line":222,"column":5}},"type":"if","locations":[{"start":{"line":185,"column":4},"end":{"line":222,"column":5}},{"start":{},"end":{}}],"line":185},"5":{"loc":{"start":{"line":271,"column":4},"end":{"line":276,"column":5}},"type":"if","locations":[{"start":{"line":271,"column":4},"end":{"line":276,"column":5}},{"start":{},"end":{}}],"line":271},"6":{"loc":{"start":{"line":326,"column":4},"end":{"line":331,"column":5}},"type":"if","locations":[{"start":{"line":326,"column":4},"end":{"line":331,"column":5}},{"start":{},"end":{}}],"line":326},"7":{"loc":{"start":{"line":333,"column":4},"end":{"line":338,"column":5}},"type":"if","locations":[{"start":{"line":333,"column":4},"end":{"line":338,"column":5}},{"start":{},"end":{}}],"line":333},"8":{"loc":{"start":{"line":342,"column":4},"end":{"line":347,"column":5}},"type":"if","locations":[{"start":{"line":342,"column":4},"end":{"line":347,"column":5}},{"start":{},"end":{}}],"line":342},"9":{"loc":{"start":{"line":361,"column":4},"end":{"line":366,"column":5}},"type":"if","locations":[{"start":{"line":361,"column":4},"end":{"line":366,"column":5}},{"start":{},"end":{}}],"line":361},"10":{"loc":{"start":{"line":368,"column":4},"end":{"line":373,"column":5}},"type":"if","locations":[{"start":{"line":368,"column":4},"end":{"line":373,"column":5}},{"start":{},"end":{}}],"line":368},"11":{"loc":{"start":{"line":377,"column":4},"end":{"line":382,"column":5}},"type":"if","locations":[{"start":{"line":377,"column":4},"end":{"line":382,"column":5}},{"start":{},"end":{}}],"line":377}},"s":{"0":1,"1":1,"2":1,"3":1,"4":1,"5":3,"6":3,"7":3,"8":3,"9":2,"10":2,"11":1,"12":1,"13":1,"14":1,"15":1,"16":1,"17":1,"18":1,"19":1,"20":1,"21":1,"22":1,"23":1,"24":1,"25":1,"26":1,"27":5,"28":5,"29":5,"30":4,"31":2,"32":2,"33":2,"34":1,"35":1,"36":1,"37":1,"38":1,"39":1,"40":1,"41":4,"42":4,"43":4,"44":4,"45":3,"46":3,"47":2,"48":1,"49":1,"50":1,"51":2,"52":2,"53":2,"54":2,"55":2,"56":2,"57":2,"58":2,"59":2,"60":1,"61":2,"62":2,"63":1,"64":1,"65":1,"66":1,"67":3,"68":3,"69":3,"70":2,"71":1,"72":1,"73":1,"74":1,"75":1,"76":1,"77":1,"78":1,"79":1,"80":1,"81":1,"82":1,"83":5,"84":5,"85":5,"86":1,"87":4,"88":4,"89":1,"90":3,"91":2,"92":1,"93":1,"94":1,"95":1,"96":1,"97":1,"98":1,"99":5,"100":5,"101":5,"102":5,"103":1,"104":4,"105":4,"106":1,"107":3,"108":2,"109":1,"110":1,"111":1,"112":1,"113":1,"114":1},"f":{"0":3,"1":5,"2":4,"3":2,"4":3,"5":5,"6":5},"b":{"0":[1,1],"1":[2,2],"2":[4,3],"3":[1,1],"4":[2,1],"5":[1,1],"6":[1,4],"7":[1,3],"8":[1,1],"9":[1,4],"10":[1,3],"11":[1,1]},"inputSourceMap":null,"_coverageSchema":"1a1c01bbd47fc00a2c39e90264f33305004495a9","hash":"2ce1991b95cc3fbb831277c94a0bded5ca4cdecf"}
,"C:\\Users\\Asus\\Project_Clone\\finalProject2-Muhammad-Rofi-Dailamy\\day-edu-tech-be\\src\\controllers\\cart.controller.js": {"path":"C:\\Users\\Asus\\Project_Clone\\finalProject2-Muhammad-Rofi-Dailamy\\day-edu-tech-be\\src\\controllers\\cart.controller.js","statementMap":{"0":{"start":{"line":4,"column":38},"end":{"line":4,"column":40}},"1":{"start":{"line":6,"column":36},"end":{"line":33,"column":1}},"2":{"start":{"line":7,"column":17},"end":{"line":7,"column":25}},"3":{"start":{"line":8,"column":2},"end":{"line":32,"column":3}},"4":{"start":{"line":9,"column":17},"end":{"line":23,"column":6}},"5":{"start":{"line":24,"column":4},"end":{"line":28,"column":7}},"6":{"start":{"line":30,"column":4},"end":{"line":30,"column":33}},"7":{"start":{"line":31,"column":4},"end":{"line":31,"column":40}},"8":{"start":{"line":35,"column":31},"end":{"line":54,"column":1}},"9":{"start":{"line":36,"column":17},"end":{"line":36,"column":25}},"10":{"start":{"line":37,"column":2},"end":{"line":53,"column":3}},"11":{"start":{"line":38,"column":4},"end":{"line":40,"column":7}},"12":{"start":{"line":41,"column":4},"end":{"line":45,"column":7}},"13":{"start":{"line":46,"column":4},"end":{"line":49,"column":7}},"14":{"start":{"line":51,"column":4},"end":{"line":51,"column":33}},"15":{"start":{"line":52,"column":4},"end":{"line":52,"column":40}},"16":{"start":{"line":56,"column":36},"end":{"line":72,"column":1}},"17":{"start":{"line":57,"column":17},"end":{"line":57,"column":25}},"18":{"start":{"line":58,"column":2},"end":{"line":71,"column":3}},"19":{"start":{"line":59,"column":17},"end":{"line":61,"column":6}},"20":{"start":{"line":63,"column":4},"end":{"line":63,"column":25}},"21":{"start":{"line":64,"column":4},"end":{"line":67,"column":7}},"22":{"start":{"line":69,"column":4},"end":{"line":69,"column":33}},"23":{"start":{"line":70,"column":4},"end":{"line":70,"column":40}},"24":{"start":{"line":74,"column":30},"end":{"line":123,"column":1}},"25":{"start":{"line":75,"column":17},"end":{"line":75,"column":25}},"26":{"start":{"line":76,"column":23},"end":{"line":76,"column":28}},"27":{"start":{"line":77,"column":2},"end":{"line":122,"column":3}},"28":{"start":{"line":78,"column":19},"end":{"line":82,"column":6}},"29":{"start":{"line":83,"column":4},"end":{"line":113,"column":5}},"30":{"start":{"line":84,"column":6},"end":{"line":112,"column":8}},"31":{"start":{"line":86,"column":30},"end":{"line":86,"column":75}},"32":{"start":{"line":87,"column":10},"end":{"line":110,"column":11}},"33":{"start":{"line":92,"column":12},"end":{"line":109,"column":14}},"34":{"start":{"line":94,"column":30},"end":{"line":99,"column":18}},"35":{"start":{"line":100,"column":16},"end":{"line":107,"column":17}},"36":{"start":{"line":101,"column":18},"end":{"line":101,"column":40}},"37":{"start":{"line":102,"column":18},"end":{"line":106,"column":20}},"38":{"start":{"line":104,"column":22},"end":{"line":104,"column":43}},"39":{"start":{"line":114,"column":4},"end":{"line":118,"column":7}},"40":{"start":{"line":120,"column":4},"end":{"line":120,"column":33}},"41":{"start":{"line":121,"column":4},"end":{"line":121,"column":40}}},"fnMap":{"0":{"name":"(anonymous_0)","decl":{"start":{"line":6,"column":36},"end":{"line":6,"column":37}},"loc":{"start":{"line":6,"column":56},"end":{"line":33,"column":1}},"line":6},"1":{"name":"(anonymous_1)","decl":{"start":{"line":35,"column":31},"end":{"line":35,"column":32}},"loc":{"start":{"line":35,"column":51},"end":{"line":54,"column":1}},"line":35},"2":{"name":"(anonymous_2)","decl":{"start":{"line":56,"column":36},"end":{"line":56,"column":37}},"loc":{"start":{"line":56,"column":56},"end":{"line":72,"column":1}},"line":56},"3":{"name":"(anonymous_3)","decl":{"start":{"line":74,"column":30},"end":{"line":74,"column":31}},"loc":{"start":{"line":74,"column":50},"end":{"line":123,"column":1}},"line":74},"4":{"name":"(anonymous_4)","decl":{"start":{"line":85,"column":24},"end":{"line":85,"column":25}},"loc":{"start":{"line":85,"column":41},"end":{"line":111,"column":9}},"line":85},"5":{"name":"(anonymous_5)","decl":{"start":{"line":93,"column":29},"end":{"line":93,"column":30}},"loc":{"start":{"line":93,"column":47},"end":{"line":108,"column":15}},"line":93},"6":{"name":"(anonymous_6)","decl":{"start":{"line":103,"column":30},"end":{"line":103,"column":31}},"loc":{"start":{"line":103,"column":46},"end":{"line":105,"column":21}},"line":103}},"branchMap":{"0":{"loc":{"start":{"line":83,"column":4},"end":{"line":113,"column":5}},"type":"if","locations":[{"start":{"line":83,"column":4},"end":{"line":113,"column":5}},{"start":{},"end":{}}],"line":83},"1":{"loc":{"start":{"line":87,"column":10},"end":{"line":110,"column":11}},"type":"if","locations":[{"start":{"line":87,"column":10},"end":{"line":110,"column":11}},{"start":{},"end":{}}],"line":87},"2":{"loc":{"start":{"line":88,"column":12},"end":{"line":90,"column":56}},"type":"binary-expr","locations":[{"start":{"line":88,"column":12},"end":{"line":88,"column":56}},{"start":{"line":89,"column":12},"end":{"line":89,"column":59}},{"start":{"line":90,"column":12},"end":{"line":90,"column":56}}],"line":88},"3":{"loc":{"start":{"line":100,"column":16},"end":{"line":107,"column":17}},"type":"if","locations":[{"start":{"line":100,"column":16},"end":{"line":107,"column":17}},{"start":{},"end":{}}],"line":100},"4":{"loc":{"start":{"line":100,"column":20},"end":{"line":100,"column":45}},"type":"binary-expr","locations":[{"start":{"line":100,"column":20},"end":{"line":100,"column":25}},{"start":{"line":100,"column":29},"end":{"line":100,"column":45}}],"line":100}},"s":{"0":1,"1":1,"2":2,"3":2,"4":2,"5":1,"6":1,"7":1,"8":1,"9":2,"10":2,"11":2,"12":1,"13":1,"14":1,"15":1,"16":1,"17":2,"18":2,"19":2,"20":1,"21":1,"22":1,"23":1,"24":1,"25":5,"26":5,"27":5,"28":5,"29":4,"30":3,"31":3,"32":3,"33":2,"34":2,"35":2,"36":1,"37":1,"38":1,"39":4,"40":1,"41":1},"f":{"0":2,"1":2,"2":2,"3":5,"4":3,"5":2,"6":1},"b":{"0":[3,1],"1":[2,1],"2":[3,3,3],"3":[1,1],"4":[2,2]},"inputSourceMap":null,"_coverageSchema":"1a1c01bbd47fc00a2c39e90264f33305004495a9","hash":"9943ed42e49d18efa0b11527bafd29f5b838175e"}
,"C:\\Users\\Asus\\Project_Clone\\finalProject2-Muhammad-Rofi-Dailamy\\day-edu-tech-be\\src\\controllers\\course.controller.js": {"path":"C:\\Users\\Asus\\Project_Clone\\finalProject2-Muhammad-Rofi-Dailamy\\day-edu-tech-be\\src\\controllers\\course.controller.js","statementMap":{"0":{"start":{"line":2,"column":71},"end":{"line":2,"column":73}},"1":{"start":{"line":5,"column":38},"end":{"line":25,"column":1}},"2":{"start":{"line":6,"column":16},"end":{"line":6,"column":25}},"3":{"start":{"line":7,"column":2},"end":{"line":24,"column":3}},"4":{"start":{"line":8,"column":20},"end":{"line":14,"column":6}},"5":{"start":{"line":15,"column":4},"end":{"line":20,"column":7}},"6":{"start":{"line":22,"column":4},"end":{"line":22,"column":33}},"7":{"start":{"line":23,"column":4},"end":{"line":23,"column":40}},"8":{"start":{"line":27,"column":30},"end":{"line":56,"column":1}},"9":{"start":{"line":28,"column":17},"end":{"line":28,"column":25}},"10":{"start":{"line":29,"column":2},"end":{"line":55,"column":3}},"11":{"start":{"line":30,"column":17},"end":{"line":46,"column":6}},"12":{"start":{"line":47,"column":4},"end":{"line":51,"column":7}},"13":{"start":{"line":53,"column":4},"end":{"line":53,"column":33}},"14":{"start":{"line":54,"column":4},"end":{"line":54,"column":40}},"15":{"start":{"line":57,"column":28},"end":{"line":81,"column":1}},"16":{"start":{"line":58,"column":50},"end":{"line":58,"column":59}},"17":{"start":{"line":59,"column":2},"end":{"line":80,"column":3}},"18":{"start":{"line":60,"column":20},"end":{"line":68,"column":6}},"19":{"start":{"line":69,"column":4},"end":{"line":76,"column":7}},"20":{"start":{"line":78,"column":4},"end":{"line":78,"column":33}},"21":{"start":{"line":79,"column":4},"end":{"line":79,"column":40}},"22":{"start":{"line":83,"column":35},"end":{"line":122,"column":1}},"23":{"start":{"line":84,"column":17},"end":{"line":84,"column":27}},"24":{"start":{"line":85,"column":2},"end":{"line":121,"column":3}},"25":{"start":{"line":86,"column":19},"end":{"line":102,"column":6}},"26":{"start":{"line":103,"column":4},"end":{"line":108,"column":5}},"27":{"start":{"line":104,"column":6},"end":{"line":107,"column":9}},"28":{"start":{"line":109,"column":28},"end":{"line":109,"column":32}},"29":{"start":{"line":110,"column":4},"end":{"line":117,"column":7}},"30":{"start":{"line":119,"column":4},"end":{"line":119,"column":33}},"31":{"start":{"line":120,"column":4},"end":{"line":120,"column":40}},"32":{"start":{"line":123,"column":38},"end":{"line":199,"column":1}},"33":{"start":{"line":124,"column":17},"end":{"line":124,"column":27}},"34":{"start":{"line":125,"column":2},"end":{"line":198,"column":3}},"35":{"start":{"line":126,"column":19},"end":{"line":142,"column":6}},"36":{"start":{"line":143,"column":4},"end":{"line":148,"column":5}},"37":{"start":{"line":144,"column":6},"end":{"line":147,"column":9}},"38":{"start":{"line":149,"column":28},"end":{"line":149,"column":32}},"39":{"start":{"line":150,"column":29},"end":{"line":155,"column":6}},"40":{"start":{"line":156,"column":4},"end":{"line":158,"column":5}},"41":{"start":{"line":157,"column":6},"end":{"line":157,"column":32}},"42":{"start":{"line":159,"column":24},"end":{"line":164,"column":6}},"43":{"start":{"line":165,"column":4},"end":{"line":167,"column":5}},"44":{"start":{"line":166,"column":6},"end":{"line":166,"column":32}},"45":{"start":{"line":169,"column":19},"end":{"line":175,"column":6}},"46":{"start":{"line":176,"column":4},"end":{"line":186,"column":6}},"47":{"start":{"line":178,"column":8},"end":{"line":184,"column":10}},"48":{"start":{"line":180,"column":12},"end":{"line":182,"column":13}},"49":{"start":{"line":181,"column":14},"end":{"line":181,"column":40}},"50":{"start":{"line":187,"column":4},"end":{"line":194,"column":7}},"51":{"start":{"line":196,"column":4},"end":{"line":196,"column":33}},"52":{"start":{"line":197,"column":4},"end":{"line":197,"column":40}},"53":{"start":{"line":201,"column":32},"end":{"line":242,"column":1}},"54":{"start":{"line":202,"column":17},"end":{"line":202,"column":27}},"55":{"start":{"line":203,"column":2},"end":{"line":241,"column":3}},"56":{"start":{"line":204,"column":24},"end":{"line":207,"column":6}},"57":{"start":{"line":209,"column":24},"end":{"line":209,"column":76}},"58":{"start":{"line":209,"column":53},"end":{"line":209,"column":75}},"59":{"start":{"line":210,"column":4},"end":{"line":215,"column":5}},"60":{"start":{"line":211,"column":6},"end":{"line":214,"column":9}},"61":{"start":{"line":216,"column":19},"end":{"line":232,"column":6}},"62":{"start":{"line":233,"column":4},"end":{"line":237,"column":7}},"63":{"start":{"line":239,"column":4},"end":{"line":239,"column":33}},"64":{"start":{"line":240,"column":4},"end":{"line":240,"column":40}},"65":{"start":{"line":244,"column":28},"end":{"line":263,"column":1}},"66":{"start":{"line":245,"column":2},"end":{"line":262,"column":3}},"67":{"start":{"line":246,"column":4},"end":{"line":248,"column":5}},"68":{"start":{"line":247,"column":6},"end":{"line":247,"column":68}},"69":{"start":{"line":249,"column":19},"end":{"line":253,"column":6}},"70":{"start":{"line":254,"column":4},"end":{"line":258,"column":7}},"71":{"start":{"line":260,"column":4},"end":{"line":260,"column":33}},"72":{"start":{"line":261,"column":4},"end":{"line":261,"column":40}},"73":{"start":{"line":265,"column":32},"end":{"line":297,"column":1}},"74":{"start":{"line":266,"column":17},"end":{"line":266,"column":27}},"75":{"start":{"line":267,"column":2},"end":{"line":296,"column":3}},"76":{"start":{"line":268,"column":4},"end":{"line":268,"column":23}},"77":{"start":{"line":269,"column":19},"end":{"line":271,"column":6}},"78":{"start":{"line":272,"column":4},"end":{"line":277,"column":5}},"79":{"start":{"line":273,"column":6},"end":{"line":276,"column":9}},"80":{"start":{"line":278,"column":4},"end":{"line":287,"column":5}},"81":{"start":{"line":279,"column":6},"end":{"line":282,"column":9}},"82":{"start":{"line":284,"column":6},"end":{"line":286,"column":9}},"83":{"start":{"line":288,"column":4},"end":{"line":292,"column":7}},"84":{"start":{"line":294,"column":4},"end":{"line":294,"column":33}},"85":{"start":{"line":295,"column":4},"end":{"line":295,"column":40}},"86":{"start":{"line":299,"column":32},"end":{"line":320,"column":1}},"87":{"start":{"line":300,"column":17},"end":{"line":300,"column":27}},"88":{"start":{"line":301,"column":2},"end":{"line":319,"column":3}},"89":{"start":{"line":302,"column":19},"end":{"line":304,"column":6}},"90":{"start":{"line":305,"column":4},"end":{"line":310,"column":5}},"91":{"start":{"line":306,"column":6},"end":{"line":309,"column":9}},"92":{"start":{"line":311,"column":4},"end":{"line":311,"column":27}},"93":{"start":{"line":312,"column":4},"end":{"line":315,"column":7}},"94":{"start":{"line":317,"column":4},"end":{"line":317,"column":33}},"95":{"start":{"line":318,"column":4},"end":{"line":318,"column":40}}},"fnMap":{"0":{"name":"(anonymous_0)","decl":{"start":{"line":5,"column":38},"end":{"line":5,"column":39}},"loc":{"start":{"line":5,"column":58},"end":{"line":25,"column":1}},"line":5},"1":{"name":"(anonymous_1)","decl":{"start":{"line":27,"column":30},"end":{"line":27,"column":31}},"loc":{"start":{"line":27,"column":50},"end":{"line":56,"column":1}},"line":27},"2":{"name":"(anonymous_2)","decl":{"start":{"line":57,"column":28},"end":{"line":57,"column":29}},"loc":{"start":{"line":57,"column":48},"end":{"line":81,"column":1}},"line":57},"3":{"name":"(anonymous_3)","decl":{"start":{"line":83,"column":35},"end":{"line":83,"column":36}},"loc":{"start":{"line":83,"column":55},"end":{"line":122,"column":1}},"line":83},"4":{"name":"(anonymous_4)","decl":{"start":{"line":123,"column":38},"end":{"line":123,"column":39}},"loc":{"start":{"line":123,"column":58},"end":{"line":199,"column":1}},"line":123},"5":{"name":"(anonymous_5)","decl":{"start":{"line":177,"column":18},"end":{"line":177,"column":19}},"loc":{"start":{"line":177,"column":35},"end":{"line":185,"column":7}},"line":177},"6":{"name":"(anonymous_6)","decl":{"start":{"line":179,"column":25},"end":{"line":179,"column":26}},"loc":{"start":{"line":179,"column":43},"end":{"line":183,"column":11}},"line":179},"7":{"name":"(anonymous_7)","decl":{"start":{"line":201,"column":32},"end":{"line":201,"column":33}},"loc":{"start":{"line":201,"column":52},"end":{"line":242,"column":1}},"line":201},"8":{"name":"(anonymous_8)","decl":{"start":{"line":209,"column":41},"end":{"line":209,"column":42}},"loc":{"start":{"line":209,"column":53},"end":{"line":209,"column":75}},"line":209},"9":{"name":"(anonymous_9)","decl":{"start":{"line":244,"column":28},"end":{"line":244,"column":29}},"loc":{"start":{"line":244,"column":48},"end":{"line":263,"column":1}},"line":244},"10":{"name":"(anonymous_10)","decl":{"start":{"line":265,"column":32},"end":{"line":265,"column":33}},"loc":{"start":{"line":265,"column":52},"end":{"line":297,"column":1}},"line":265},"11":{"name":"(anonymous_11)","decl":{"start":{"line":299,"column":32},"end":{"line":299,"column":33}},"loc":{"start":{"line":299,"column":52},"end":{"line":320,"column":1}},"line":299}},"branchMap":{"0":{"loc":{"start":{"line":58,"column":10},"end":{"line":58,"column":20}},"type":"default-arg","locations":[{"start":{"line":58,"column":18},"end":{"line":58,"column":20}}],"line":58},"1":{"loc":{"start":{"line":58,"column":22},"end":{"line":58,"column":32}},"type":"default-arg","locations":[{"start":{"line":58,"column":31},"end":{"line":58,"column":32}}],"line":58},"2":{"loc":{"start":{"line":58,"column":34},"end":{"line":58,"column":45}},"type":"default-arg","locations":[{"start":{"line":58,"column":43},"end":{"line":58,"column":45}}],"line":58},"3":{"loc":{"start":{"line":103,"column":4},"end":{"line":108,"column":5}},"type":"if","locations":[{"start":{"line":103,"column":4},"end":{"line":108,"column":5}},{"start":{},"end":{}}],"line":103},"4":{"loc":{"start":{"line":143,"column":4},"end":{"line":148,"column":5}},"type":"if","locations":[{"start":{"line":143,"column":4},"end":{"line":148,"column":5}},{"start":{},"end":{}}],"line":143},"5":{"loc":{"start":{"line":156,"column":4},"end":{"line":158,"column":5}},"type":"if","locations":[{"start":{"line":156,"column":4},"end":{"line":158,"column":5}},{"start":{},"end":{}}],"line":156},"6":{"loc":{"start":{"line":165,"column":4},"end":{"line":167,"column":5}},"type":"if","locations":[{"start":{"line":165,"column":4},"end":{"line":167,"column":5}},{"start":{},"end":{}}],"line":165},"7":{"loc":{"start":{"line":165,"column":8},"end":{"line":165,"column":45}},"type":"binary-expr","locations":[{"start":{"line":165,"column":8},"end":{"line":165,"column":19}},{"start":{"line":165,"column":23},"end":{"line":165,"column":45}}],"line":165},"8":{"loc":{"start":{"line":180,"column":12},"end":{"line":182,"column":13}},"type":"if","locations":[{"start":{"line":180,"column":12},"end":{"line":182,"column":13}},{"start":{},"end":{}}],"line":180},"9":{"loc":{"start":{"line":210,"column":4},"end":{"line":215,"column":5}},"type":"if","locations":[{"start":{"line":210,"column":4},"end":{"line":215,"column":5}},{"start":{},"end":{}}],"line":210},"10":{"loc":{"start":{"line":246,"column":4},"end":{"line":248,"column":5}},"type":"if","locations":[{"start":{"line":246,"column":4},"end":{"line":248,"column":5}},{"start":{},"end":{}}],"line":246},"11":{"loc":{"start":{"line":272,"column":4},"end":{"line":277,"column":5}},"type":"if","locations":[{"start":{"line":272,"column":4},"end":{"line":277,"column":5}},{"start":{},"end":{}}],"line":272},"12":{"loc":{"start":{"line":278,"column":4},"end":{"line":287,"column":5}},"type":"if","locations":[{"start":{"line":278,"column":4},"end":{"line":287,"column":5}},{"start":{"line":283,"column":11},"end":{"line":287,"column":5}}],"line":278},"13":{"loc":{"start":{"line":305,"column":4},"end":{"line":310,"column":5}},"type":"if","locations":[{"start":{"line":305,"column":4},"end":{"line":310,"column":5}},{"start":{},"end":{}}],"line":305}},"s":{"0":1,"1":1,"2":2,"3":2,"4":2,"5":1,"6":1,"7":1,"8":1,"9":3,"10":3,"11":3,"12":2,"13":1,"14":1,"15":1,"16":5,"17":5,"18":5,"19":4,"20":1,"21":1,"22":1,"23":3,"24":3,"25":3,"26":2,"27":1,"28":1,"29":1,"30":1,"31":1,"32":1,"33":7,"34":7,"35":7,"36":6,"37":1,"38":5,"39":5,"40":5,"41":1,"42":5,"43":5,"44":1,"45":5,"46":5,"47":2,"48":2,"49":1,"50":5,"51":1,"52":1,"53":1,"54":3,"55":3,"56":3,"57":2,"58":1,"59":2,"60":1,"61":1,"62":1,"63":1,"64":1,"65":1,"66":3,"67":3,"68":1,"69":2,"70":1,"71":1,"72":1,"73":1,"74":4,"75":4,"76":4,"77":4,"78":3,"79":1,"80":2,"81":1,"82":1,"83":2,"84":1,"85":1,"86":1,"87":3,"88":3,"89":3,"90":2,"91":1,"92":1,"93":1,"94":1,"95":1},"f":{"0":2,"1":3,"2":5,"3":3,"4":7,"5":2,"6":2,"7":3,"8":1,"9":3,"10":4,"11":3},"b":{"0":[1],"1":[1],"2":[1],"3":[1,1],"4":[1,5],"5":[1,4],"6":[1,4],"7":[5,5],"8":[1,1],"9":[1,1],"10":[1,2],"11":[1,2],"12":[1,1],"13":[1,1]},"inputSourceMap":null,"_coverageSchema":"1a1c01bbd47fc00a2c39e90264f33305004495a9","hash":"4835fde2b85a479c4ff3b6e365c0a4bd03a48c3d"}
,"C:\\Users\\Asus\\Project_Clone\\finalProject2-Muhammad-Rofi-Dailamy\\day-edu-tech-be\\src\\controllers\\curriculum.controller.js": {"path":"C:\\Users\\Asus\\Project_Clone\\finalProject2-Muhammad-Rofi-Dailamy\\day-edu-tech-be\\src\\controllers\\curriculum.controller.js","statementMap":{"0":{"start":{"line":2,"column":32},"end":{"line":2,"column":34}},"1":{"start":{"line":6,"column":32},"end":{"line":36,"column":1}},"2":{"start":{"line":7,"column":50},"end":{"line":7,"column":59}},"3":{"start":{"line":8,"column":2},"end":{"line":35,"column":3}},"4":{"start":{"line":9,"column":24},"end":{"line":23,"column":6}},"5":{"start":{"line":24,"column":4},"end":{"line":31,"column":7}},"6":{"start":{"line":33,"column":4},"end":{"line":33,"column":33}},"7":{"start":{"line":34,"column":4},"end":{"line":34,"column":40}},"8":{"start":{"line":38,"column":33},"end":{"line":60,"column":1}},"9":{"start":{"line":39,"column":17},"end":{"line":39,"column":27}},"10":{"start":{"line":40,"column":2},"end":{"line":59,"column":3}},"11":{"start":{"line":41,"column":23},"end":{"line":50,"column":6}},"12":{"start":{"line":51,"column":4},"end":{"line":55,"column":7}},"13":{"start":{"line":57,"column":4},"end":{"line":57,"column":33}},"14":{"start":{"line":58,"column":4},"end":{"line":58,"column":40}},"15":{"start":{"line":62,"column":32},"end":{"line":77,"column":1}},"16":{"start":{"line":63,"column":2},"end":{"line":76,"column":3}},"17":{"start":{"line":64,"column":23},"end":{"line":67,"column":6}},"18":{"start":{"line":68,"column":4},"end":{"line":72,"column":7}},"19":{"start":{"line":74,"column":4},"end":{"line":74,"column":33}},"20":{"start":{"line":75,"column":4},"end":{"line":75,"column":40}},"21":{"start":{"line":79,"column":36},"end":{"line":101,"column":1}},"22":{"start":{"line":80,"column":17},"end":{"line":80,"column":27}},"23":{"start":{"line":81,"column":2},"end":{"line":100,"column":3}},"24":{"start":{"line":82,"column":23},"end":{"line":84,"column":6}},"25":{"start":{"line":85,"column":4},"end":{"line":90,"column":5}},"26":{"start":{"line":86,"column":6},"end":{"line":89,"column":9}},"27":{"start":{"line":91,"column":4},"end":{"line":91,"column":38}},"28":{"start":{"line":92,"column":4},"end":{"line":96,"column":7}},"29":{"start":{"line":98,"column":4},"end":{"line":98,"column":33}},"30":{"start":{"line":99,"column":4},"end":{"line":99,"column":40}},"31":{"start":{"line":103,"column":36},"end":{"line":124,"column":1}},"32":{"start":{"line":104,"column":17},"end":{"line":104,"column":27}},"33":{"start":{"line":105,"column":2},"end":{"line":123,"column":3}},"34":{"start":{"line":106,"column":23},"end":{"line":108,"column":6}},"35":{"start":{"line":109,"column":4},"end":{"line":114,"column":5}},"36":{"start":{"line":110,"column":6},"end":{"line":113,"column":9}},"37":{"start":{"line":115,"column":4},"end":{"line":115,"column":31}},"38":{"start":{"line":116,"column":4},"end":{"line":119,"column":7}},"39":{"start":{"line":121,"column":4},"end":{"line":121,"column":33}},"40":{"start":{"line":122,"column":4},"end":{"line":122,"column":40}}},"fnMap":{"0":{"name":"(anonymous_0)","decl":{"start":{"line":6,"column":32},"end":{"line":6,"column":33}},"loc":{"start":{"line":6,"column":52},"end":{"line":36,"column":1}},"line":6},"1":{"name":"(anonymous_1)","decl":{"start":{"line":38,"column":33},"end":{"line":38,"column":34}},"loc":{"start":{"line":38,"column":53},"end":{"line":60,"column":1}},"line":38},"2":{"name":"(anonymous_2)","decl":{"start":{"line":62,"column":32},"end":{"line":62,"column":33}},"loc":{"start":{"line":62,"column":52},"end":{"line":77,"column":1}},"line":62},"3":{"name":"(anonymous_3)","decl":{"start":{"line":79,"column":36},"end":{"line":79,"column":37}},"loc":{"start":{"line":79,"column":56},"end":{"line":101,"column":1}},"line":79},"4":{"name":"(anonymous_4)","decl":{"start":{"line":103,"column":36},"end":{"line":103,"column":37}},"loc":{"start":{"line":103,"column":56},"end":{"line":124,"column":1}},"line":103}},"branchMap":{"0":{"loc":{"start":{"line":7,"column":10},"end":{"line":7,"column":20}},"type":"default-arg","locations":[{"start":{"line":7,"column":18},"end":{"line":7,"column":20}}],"line":7},"1":{"loc":{"start":{"line":7,"column":22},"end":{"line":7,"column":32}},"type":"default-arg","locations":[{"start":{"line":7,"column":31},"end":{"line":7,"column":32}}],"line":7},"2":{"loc":{"start":{"line":7,"column":34},"end":{"line":7,"column":45}},"type":"default-arg","locations":[{"start":{"line":7,"column":43},"end":{"line":7,"column":45}}],"line":7},"3":{"loc":{"start":{"line":85,"column":4},"end":{"line":90,"column":5}},"type":"if","locations":[{"start":{"line":85,"column":4},"end":{"line":90,"column":5}},{"start":{},"end":{}}],"line":85},"4":{"loc":{"start":{"line":109,"column":4},"end":{"line":114,"column":5}},"type":"if","locations":[{"start":{"line":109,"column":4},"end":{"line":114,"column":5}},{"start":{},"end":{}}],"line":109}},"s":{"0":1,"1":1,"2":4,"3":4,"4":4,"5":3,"6":1,"7":1,"8":1,"9":2,"10":2,"11":2,"12":1,"13":1,"14":1,"15":1,"16":2,"17":2,"18":1,"19":1,"20":1,"21":1,"22":3,"23":3,"24":3,"25":2,"26":1,"27":1,"28":1,"29":1,"30":1,"31":1,"32":3,"33":3,"34":3,"35":2,"36":1,"37":1,"38":1,"39":1,"40":1},"f":{"0":4,"1":2,"2":2,"3":3,"4":3},"b":{"0":[3],"1":[3],"2":[3],"3":[1,1],"4":[1,1]},"inputSourceMap":null,"_coverageSchema":"1a1c01bbd47fc00a2c39e90264f33305004495a9","hash":"d625045598f85f8e130448c1aeb3de4d22f2772d"}
,"C:\\Users\\Asus\\Project_Clone\\finalProject2-Muhammad-Rofi-Dailamy\\day-edu-tech-be\\src\\controllers\\order.controller.js": {"path":"C:\\Users\\Asus\\Project_Clone\\finalProject2-Muhammad-Rofi-Dailamy\\day-edu-tech-be\\src\\controllers\\order.controller.js","statementMap":{"0":{"start":{"line":2,"column":24},"end":{"line":2,"column":26}},"1":{"start":{"line":5,"column":28},"end":{"line":36,"column":1}},"2":{"start":{"line":6,"column":17},"end":{"line":6,"column":25}},"3":{"start":{"line":7,"column":50},"end":{"line":7,"column":59}},"4":{"start":{"line":8,"column":2},"end":{"line":35,"column":3}},"5":{"start":{"line":9,"column":19},"end":{"line":24,"column":6}},"6":{"start":{"line":25,"column":4},"end":{"line":31,"column":7}},"7":{"start":{"line":33,"column":4},"end":{"line":33,"column":33}},"8":{"start":{"line":34,"column":4},"end":{"line":34,"column":40}},"9":{"start":{"line":38,"column":28},"end":{"line":71,"column":1}},"10":{"start":{"line":39,"column":50},"end":{"line":39,"column":59}},"11":{"start":{"line":40,"column":2},"end":{"line":70,"column":3}},"12":{"start":{"line":41,"column":19},"end":{"line":59,"column":6}},"13":{"start":{"line":60,"column":4},"end":{"line":66,"column":7}},"14":{"start":{"line":68,"column":4},"end":{"line":68,"column":33}},"15":{"start":{"line":69,"column":4},"end":{"line":69,"column":40}}},"fnMap":{"0":{"name":"(anonymous_0)","decl":{"start":{"line":5,"column":28},"end":{"line":5,"column":29}},"loc":{"start":{"line":5,"column":48},"end":{"line":36,"column":1}},"line":5},"1":{"name":"(anonymous_1)","decl":{"start":{"line":38,"column":28},"end":{"line":38,"column":29}},"loc":{"start":{"line":38,"column":48},"end":{"line":71,"column":1}},"line":38}},"branchMap":{"0":{"loc":{"start":{"line":7,"column":10},"end":{"line":7,"column":20}},"type":"default-arg","locations":[{"start":{"line":7,"column":18},"end":{"line":7,"column":20}}],"line":7},"1":{"loc":{"start":{"line":7,"column":22},"end":{"line":7,"column":32}},"type":"default-arg","locations":[{"start":{"line":7,"column":31},"end":{"line":7,"column":32}}],"line":7},"2":{"loc":{"start":{"line":7,"column":34},"end":{"line":7,"column":45}},"type":"default-arg","locations":[{"start":{"line":7,"column":43},"end":{"line":7,"column":45}}],"line":7},"3":{"loc":{"start":{"line":39,"column":10},"end":{"line":39,"column":20}},"type":"default-arg","locations":[{"start":{"line":39,"column":18},"end":{"line":39,"column":20}}],"line":39},"4":{"loc":{"start":{"line":39,"column":22},"end":{"line":39,"column":32}},"type":"default-arg","locations":[{"start":{"line":39,"column":31},"end":{"line":39,"column":32}}],"line":39},"5":{"loc":{"start":{"line":39,"column":34},"end":{"line":39,"column":45}},"type":"default-arg","locations":[{"start":{"line":39,"column":43},"end":{"line":39,"column":45}}],"line":39}},"s":{"0":1,"1":1,"2":4,"3":4,"4":4,"5":4,"6":3,"7":1,"8":1,"9":1,"10":3,"11":3,"12":3,"13":2,"14":1,"15":1},"f":{"0":4,"1":3},"b":{"0":[3],"1":[3],"2":[3],"3":[3],"4":[3],"5":[3]},"inputSourceMap":null,"_coverageSchema":"1a1c01bbd47fc00a2c39e90264f33305004495a9","hash":"58343e8b4859d7e4723f21d10f780aacf244cc62"}
,"C:\\Users\\Asus\\Project_Clone\\finalProject2-Muhammad-Rofi-Dailamy\\day-edu-tech-be\\src\\controllers\\profile.controller.js": {"path":"C:\\Users\\Asus\\Project_Clone\\finalProject2-Muhammad-Rofi-Dailamy\\day-edu-tech-be\\src\\controllers\\profile.controller.js","statementMap":{"0":{"start":{"line":2,"column":26},"end":{"line":2,"column":28}},"1":{"start":{"line":4,"column":29},"end":{"line":25,"column":1}},"2":{"start":{"line":5,"column":2},"end":{"line":24,"column":3}},"3":{"start":{"line":6,"column":21},"end":{"line":14,"column":6}},"4":{"start":{"line":16,"column":4},"end":{"line":20,"column":7}},"5":{"start":{"line":22,"column":4},"end":{"line":22,"column":33}},"6":{"start":{"line":23,"column":4},"end":{"line":23,"column":40}},"7":{"start":{"line":27,"column":30},"end":{"line":53,"column":1}},"8":{"start":{"line":28,"column":17},"end":{"line":28,"column":25}},"9":{"start":{"line":29,"column":2},"end":{"line":52,"column":3}},"10":{"start":{"line":30,"column":20},"end":{"line":39,"column":6}},"11":{"start":{"line":40,"column":4},"end":{"line":43,"column":65}},"12":{"start":{"line":41,"column":6},"end":{"line":43,"column":65}},"13":{"start":{"line":44,"column":4},"end":{"line":48,"column":7}},"14":{"start":{"line":50,"column":4},"end":{"line":50,"column":33}},"15":{"start":{"line":51,"column":4},"end":{"line":51,"column":40}},"16":{"start":{"line":55,"column":29},"end":{"line":70,"column":1}},"17":{"start":{"line":56,"column":2},"end":{"line":69,"column":3}},"18":{"start":{"line":57,"column":20},"end":{"line":60,"column":6}},"19":{"start":{"line":61,"column":4},"end":{"line":65,"column":7}},"20":{"start":{"line":67,"column":4},"end":{"line":67,"column":33}},"21":{"start":{"line":68,"column":4},"end":{"line":68,"column":40}},"22":{"start":{"line":72,"column":33},"end":{"line":100,"column":1}},"23":{"start":{"line":73,"column":17},"end":{"line":73,"column":25}},"24":{"start":{"line":74,"column":2},"end":{"line":99,"column":3}},"25":{"start":{"line":75,"column":20},"end":{"line":77,"column":6}},"26":{"start":{"line":78,"column":4},"end":{"line":80,"column":5}},"27":{"start":{"line":79,"column":6},"end":{"line":79,"column":62}},"28":{"start":{"line":81,"column":4},"end":{"line":90,"column":5}},"29":{"start":{"line":82,"column":6},"end":{"line":85,"column":9}},"30":{"start":{"line":87,"column":6},"end":{"line":89,"column":9}},"31":{"start":{"line":91,"column":4},"end":{"line":95,"column":7}},"32":{"start":{"line":97,"column":4},"end":{"line":97,"column":33}},"33":{"start":{"line":98,"column":4},"end":{"line":98,"column":40}},"34":{"start":{"line":102,"column":33},"end":{"line":117,"column":1}},"35":{"start":{"line":103,"column":17},"end":{"line":103,"column":27}},"36":{"start":{"line":104,"column":2},"end":{"line":116,"column":3}},"37":{"start":{"line":105,"column":20},"end":{"line":107,"column":6}},"38":{"start":{"line":108,"column":4},"end":{"line":108,"column":28}},"39":{"start":{"line":109,"column":4},"end":{"line":112,"column":7}},"40":{"start":{"line":114,"column":4},"end":{"line":114,"column":33}},"41":{"start":{"line":115,"column":4},"end":{"line":115,"column":40}}},"fnMap":{"0":{"name":"(anonymous_0)","decl":{"start":{"line":4,"column":29},"end":{"line":4,"column":30}},"loc":{"start":{"line":4,"column":49},"end":{"line":25,"column":1}},"line":4},"1":{"name":"(anonymous_1)","decl":{"start":{"line":27,"column":30},"end":{"line":27,"column":31}},"loc":{"start":{"line":27,"column":50},"end":{"line":53,"column":1}},"line":27},"2":{"name":"(anonymous_2)","decl":{"start":{"line":55,"column":29},"end":{"line":55,"column":30}},"loc":{"start":{"line":55,"column":49},"end":{"line":70,"column":1}},"line":55},"3":{"name":"(anonymous_3)","decl":{"start":{"line":72,"column":33},"end":{"line":72,"column":34}},"loc":{"start":{"line":72,"column":53},"end":{"line":100,"column":1}},"line":72},"4":{"name":"(anonymous_4)","decl":{"start":{"line":102,"column":33},"end":{"line":102,"column":34}},"loc":{"start":{"line":102,"column":53},"end":{"line":117,"column":1}},"line":102}},"branchMap":{"0":{"loc":{"start":{"line":40,"column":4},"end":{"line":43,"column":65}},"type":"if","locations":[{"start":{"line":40,"column":4},"end":{"line":43,"column":65}},{"start":{},"end":{}}],"line":40},"1":{"loc":{"start":{"line":78,"column":4},"end":{"line":80,"column":5}},"type":"if","locations":[{"start":{"line":78,"column":4},"end":{"line":80,"column":5}},{"start":{},"end":{}}],"line":78},"2":{"loc":{"start":{"line":81,"column":4},"end":{"line":90,"column":5}},"type":"if","locations":[{"start":{"line":81,"column":4},"end":{"line":90,"column":5}},{"start":{"line":86,"column":11},"end":{"line":90,"column":5}}],"line":81}},"s":{"0":1,"1":1,"2":2,"3":2,"4":1,"5":1,"6":1,"7":1,"8":3,"9":3,"10":3,"11":2,"12":1,"13":1,"14":1,"15":1,"16":1,"17":2,"18":2,"19":1,"20":1,"21":1,"22":1,"23":4,"24":4,"25":4,"26":3,"27":2,"28":3,"29":2,"30":1,"31":3,"32":1,"33":1,"34":1,"35":2,"36":2,"37":2,"38":1,"39":1,"40":1,"41":1},"f":{"0":2,"1":3,"2":2,"3":4,"4":2},"b":{"0":[1,1],"1":[2,1],"2":[2,1]},"inputSourceMap":null,"_coverageSchema":"1a1c01bbd47fc00a2c39e90264f33305004495a9","hash":"5e170c5a03cda82d867b78b7ace956344ea7a9ec"}
,"C:\\Users\\Asus\\Project_Clone\\finalProject2-Muhammad-Rofi-Dailamy\\day-edu-tech-be\\src\\controllers\\section.controller.js": {"path":"C:\\Users\\Asus\\Project_Clone\\finalProject2-Muhammad-Rofi-Dailamy\\day-edu-tech-be\\src\\controllers\\section.controller.js","statementMap":{"0":{"start":{"line":2,"column":28},"end":{"line":2,"column":30}},"1":{"start":{"line":6,"column":39},"end":{"line":33,"column":1}},"2":{"start":{"line":7,"column":16},"end":{"line":7,"column":25}},"3":{"start":{"line":8,"column":2},"end":{"line":32,"column":3}},"4":{"start":{"line":9,"column":21},"end":{"line":22,"column":6}},"5":{"start":{"line":23,"column":4},"end":{"line":28,"column":7}},"6":{"start":{"line":30,"column":4},"end":{"line":30,"column":33}},"7":{"start":{"line":31,"column":4},"end":{"line":31,"column":40}},"8":{"start":{"line":34,"column":29},"end":{"line":67,"column":1}},"9":{"start":{"line":35,"column":50},"end":{"line":35,"column":59}},"10":{"start":{"line":36,"column":2},"end":{"line":66,"column":3}},"11":{"start":{"line":37,"column":21},"end":{"line":54,"column":6}},"12":{"start":{"line":55,"column":4},"end":{"line":62,"column":7}},"13":{"start":{"line":64,"column":4},"end":{"line":64,"column":33}},"14":{"start":{"line":65,"column":4},"end":{"line":65,"column":40}},"15":{"start":{"line":69,"column":30},"end":{"line":88,"column":1}},"16":{"start":{"line":70,"column":17},"end":{"line":70,"column":27}},"17":{"start":{"line":71,"column":2},"end":{"line":87,"column":3}},"18":{"start":{"line":72,"column":20},"end":{"line":72,"column":60}},"19":{"start":{"line":73,"column":4},"end":{"line":78,"column":5}},"20":{"start":{"line":74,"column":6},"end":{"line":77,"column":9}},"21":{"start":{"line":79,"column":4},"end":{"line":83,"column":7}},"22":{"start":{"line":85,"column":4},"end":{"line":85,"column":33}},"23":{"start":{"line":86,"column":4},"end":{"line":86,"column":40}},"24":{"start":{"line":90,"column":29},"end":{"line":106,"column":1}},"25":{"start":{"line":91,"column":2},"end":{"line":105,"column":3}},"26":{"start":{"line":92,"column":20},"end":{"line":96,"column":6}},"27":{"start":{"line":97,"column":4},"end":{"line":101,"column":7}},"28":{"start":{"line":103,"column":4},"end":{"line":103,"column":33}},"29":{"start":{"line":104,"column":4},"end":{"line":104,"column":40}},"30":{"start":{"line":108,"column":33},"end":{"line":128,"column":1}},"31":{"start":{"line":109,"column":17},"end":{"line":109,"column":27}},"32":{"start":{"line":110,"column":2},"end":{"line":127,"column":3}},"33":{"start":{"line":111,"column":20},"end":{"line":111,"column":60}},"34":{"start":{"line":112,"column":4},"end":{"line":117,"column":5}},"35":{"start":{"line":113,"column":6},"end":{"line":116,"column":9}},"36":{"start":{"line":118,"column":4},"end":{"line":118,"column":35}},"37":{"start":{"line":119,"column":4},"end":{"line":123,"column":7}},"38":{"start":{"line":125,"column":4},"end":{"line":125,"column":33}},"39":{"start":{"line":126,"column":4},"end":{"line":126,"column":40}},"40":{"start":{"line":130,"column":33},"end":{"line":149,"column":1}},"41":{"start":{"line":131,"column":17},"end":{"line":131,"column":27}},"42":{"start":{"line":132,"column":2},"end":{"line":148,"column":3}},"43":{"start":{"line":133,"column":20},"end":{"line":133,"column":60}},"44":{"start":{"line":134,"column":4},"end":{"line":139,"column":5}},"45":{"start":{"line":135,"column":6},"end":{"line":138,"column":9}},"46":{"start":{"line":140,"column":4},"end":{"line":140,"column":28}},"47":{"start":{"line":141,"column":4},"end":{"line":144,"column":7}},"48":{"start":{"line":146,"column":4},"end":{"line":146,"column":33}},"49":{"start":{"line":147,"column":4},"end":{"line":147,"column":40}}},"fnMap":{"0":{"name":"(anonymous_0)","decl":{"start":{"line":6,"column":39},"end":{"line":6,"column":40}},"loc":{"start":{"line":6,"column":59},"end":{"line":33,"column":1}},"line":6},"1":{"name":"(anonymous_1)","decl":{"start":{"line":34,"column":29},"end":{"line":34,"column":30}},"loc":{"start":{"line":34,"column":49},"end":{"line":67,"column":1}},"line":34},"2":{"name":"(anonymous_2)","decl":{"start":{"line":69,"column":30},"end":{"line":69,"column":31}},"loc":{"start":{"line":69,"column":50},"end":{"line":88,"column":1}},"line":69},"3":{"name":"(anonymous_3)","decl":{"start":{"line":90,"column":29},"end":{"line":90,"column":30}},"loc":{"start":{"line":90,"column":49},"end":{"line":106,"column":1}},"line":90},"4":{"name":"(anonymous_4)","decl":{"start":{"line":108,"column":33},"end":{"line":108,"column":34}},"loc":{"start":{"line":108,"column":53},"end":{"line":128,"column":1}},"line":108},"5":{"name":"(anonymous_5)","decl":{"start":{"line":130,"column":33},"end":{"line":130,"column":34}},"loc":{"start":{"line":130,"column":53},"end":{"line":149,"column":1}},"line":130}},"branchMap":{"0":{"loc":{"start":{"line":35,"column":10},"end":{"line":35,"column":20}},"type":"default-arg","locations":[{"start":{"line":35,"column":18},"end":{"line":35,"column":20}}],"line":35},"1":{"loc":{"start":{"line":35,"column":22},"end":{"line":35,"column":32}},"type":"default-arg","locations":[{"start":{"line":35,"column":31},"end":{"line":35,"column":32}}],"line":35},"2":{"loc":{"start":{"line":35,"column":34},"end":{"line":35,"column":45}},"type":"default-arg","locations":[{"start":{"line":35,"column":43},"end":{"line":35,"column":45}}],"line":35},"3":{"loc":{"start":{"line":73,"column":4},"end":{"line":78,"column":5}},"type":"if","locations":[{"start":{"line":73,"column":4},"end":{"line":78,"column":5}},{"start":{},"end":{}}],"line":73},"4":{"loc":{"start":{"line":112,"column":4},"end":{"line":117,"column":5}},"type":"if","locations":[{"start":{"line":112,"column":4},"end":{"line":117,"column":5}},{"start":{},"end":{}}],"line":112},"5":{"loc":{"start":{"line":134,"column":4},"end":{"line":139,"column":5}},"type":"if","locations":[{"start":{"line":134,"column":4},"end":{"line":139,"column":5}},{"start":{},"end":{}}],"line":134}},"s":{"0":1,"1":1,"2":2,"3":2,"4":2,"5":1,"6":1,"7":1,"8":1,"9":5,"10":5,"11":5,"12":4,"13":1,"14":1,"15":1,"16":3,"17":3,"18":3,"19":2,"20":1,"21":1,"22":1,"23":1,"24":1,"25":2,"26":2,"27":1,"28":1,"29":1,"30":1,"31":3,"32":3,"33":3,"34":2,"35":1,"36":1,"37":1,"38":1,"39":1,"40":1,"41":3,"42":3,"43":3,"44":2,"45":1,"46":1,"47":1,"48":1,"49":1},"f":{"0":2,"1":5,"2":3,"3":2,"4":3,"5":3},"b":{"0":[1],"1":[1],"2":[1],"3":[1,1],"4":[1,1],"5":[1,1]},"inputSourceMap":null,"_coverageSchema":"1a1c01bbd47fc00a2c39e90264f33305004495a9","hash":"31ad41be26af803cf52e311b8e72443aeb5f7083"}
,"C:\\Users\\Asus\\Project_Clone\\finalProject2-Muhammad-Rofi-Dailamy\\day-edu-tech-be\\src\\controllers\\transaction.controller.js": {"path":"C:\\Users\\Asus\\Project_Clone\\finalProject2-Muhammad-Rofi-Dailamy\\day-edu-tech-be\\src\\controllers\\transaction.controller.js","statementMap":{"0":{"start":{"line":7,"column":50},"end":{"line":7,"column":52}},"1":{"start":{"line":10,"column":37},"end":{"line":73,"column":1}},"2":{"start":{"line":11,"column":24},"end":{"line":11,"column":32}},"3":{"start":{"line":12,"column":18},"end":{"line":12,"column":59}},"4":{"start":{"line":13,"column":2},"end":{"line":72,"column":3}},"5":{"start":{"line":14,"column":17},"end":{"line":26,"column":6}},"6":{"start":{"line":28,"column":23},"end":{"line":31,"column":5}},"7":{"start":{"line":29,"column":25},"end":{"line":29,"column":45}},"8":{"start":{"line":32,"column":24},"end":{"line":38,"column":7}},"9":{"start":{"line":32,"column":54},"end":{"line":38,"column":5}},"10":{"start":{"line":39,"column":31},"end":{"line":48,"column":5}},"11":{"start":{"line":50,"column":24},"end":{"line":50,"column":79}},"12":{"start":{"line":51,"column":18},"end":{"line":62,"column":6}},"13":{"start":{"line":63,"column":4},"end":{"line":63,"column":47}},"14":{"start":{"line":64,"column":4},"end":{"line":68,"column":7}},"15":{"start":{"line":70,"column":4},"end":{"line":70,"column":33}},"16":{"start":{"line":71,"column":4},"end":{"line":71,"column":40}},"17":{"start":{"line":75,"column":37},"end":{"line":92,"column":1}},"18":{"start":{"line":76,"column":17},"end":{"line":76,"column":25}},"19":{"start":{"line":77,"column":2},"end":{"line":91,"column":3}},"20":{"start":{"line":78,"column":19},"end":{"line":82,"column":6}},"21":{"start":{"line":83,"column":4},"end":{"line":83,"column":62}},"22":{"start":{"line":83,"column":44},"end":{"line":83,"column":59}},"23":{"start":{"line":84,"column":4},"end":{"line":87,"column":7}},"24":{"start":{"line":89,"column":4},"end":{"line":89,"column":33}},"25":{"start":{"line":90,"column":4},"end":{"line":90,"column":40}},"26":{"start":{"line":95,"column":36},"end":{"line":133,"column":1}},"27":{"start":{"line":96,"column":17},"end":{"line":96,"column":25}},"28":{"start":{"line":97,"column":22},"end":{"line":97,"column":32}},"29":{"start":{"line":98,"column":2},"end":{"line":132,"column":3}},"30":{"start":{"line":99,"column":24},"end":{"line":99,"column":63}},"31":{"start":{"line":100,"column":18},"end":{"line":102,"column":6}},"32":{"start":{"line":105,"column":17},"end":{"line":105,"column":26}},"33":{"start":{"line":106,"column":4},"end":{"line":111,"column":5}},"34":{"start":{"line":110,"column":6},"end":{"line":110,"column":22}},"35":{"start":{"line":112,"column":4},"end":{"line":112,"column":74}},"36":{"start":{"line":112,"column":53},"end":{"line":112,"column":74}},"37":{"start":{"line":113,"column":4},"end":{"line":113,"column":72}},"38":{"start":{"line":113,"column":53},"end":{"line":113,"column":72}},"39":{"start":{"line":115,"column":4},"end":{"line":118,"column":6}},"40":{"start":{"line":119,"column":4},"end":{"line":123,"column":7}},"41":{"start":{"line":124,"column":4},"end":{"line":128,"column":7}},"42":{"start":{"line":130,"column":4},"end":{"line":130,"column":33}},"43":{"start":{"line":131,"column":4},"end":{"line":131,"column":40}},"44":{"start":{"line":135,"column":38},"end":{"line":212,"column":1}},"45":{"start":{"line":136,"column":17},"end":{"line":136,"column":25}},"46":{"start":{"line":138,"column":50},"end":{"line":138,"column":59}},"47":{"start":{"line":139,"column":2},"end":{"line":211,"column":3}},"48":{"start":{"line":140,"column":19},"end":{"line":147,"column":6}},"49":{"start":{"line":148,"column":4},"end":{"line":200,"column":5}},"50":{"start":{"line":149,"column":6},"end":{"line":199,"column":8}},"51":{"start":{"line":151,"column":30},"end":{"line":151,"column":75}},"52":{"start":{"line":152,"column":23},"end":{"line":152,"column":32}},"53":{"start":{"line":153,"column":10},"end":{"line":174,"column":11}},"54":{"start":{"line":157,"column":12},"end":{"line":173,"column":14}},"55":{"start":{"line":159,"column":30},"end":{"line":164,"column":18}},"56":{"start":{"line":165,"column":16},"end":{"line":171,"column":17}},"57":{"start":{"line":166,"column":18},"end":{"line":170,"column":20}},"58":{"start":{"line":168,"column":22},"end":{"line":168,"column":43}},"59":{"start":{"line":175,"column":10},"end":{"line":191,"column":11}},"60":{"start":{"line":179,"column":12},"end":{"line":179,"column":28}},"61":{"start":{"line":180,"column":12},"end":{"line":190,"column":14}},"62":{"start":{"line":182,"column":16},"end":{"line":188,"column":19}},"63":{"start":{"line":192,"column":10},"end":{"line":192,"column":80}},"64":{"start":{"line":192,"column":59},"end":{"line":192,"column":80}},"65":{"start":{"line":193,"column":10},"end":{"line":193,"column":78}},"66":{"start":{"line":193,"column":59},"end":{"line":193,"column":78}},"67":{"start":{"line":194,"column":10},"end":{"line":197,"column":12}},"68":{"start":{"line":201,"column":4},"end":{"line":207,"column":7}},"69":{"start":{"line":209,"column":4},"end":{"line":209,"column":33}},"70":{"start":{"line":210,"column":4},"end":{"line":210,"column":40}},"71":{"start":{"line":215,"column":36},"end":{"line":260,"column":1}},"72":{"start":{"line":216,"column":17},"end":{"line":216,"column":25}},"73":{"start":{"line":217,"column":2},"end":{"line":259,"column":3}},"74":{"start":{"line":218,"column":19},"end":{"line":222,"column":6}},"75":{"start":{"line":223,"column":4},"end":{"line":252,"column":5}},"76":{"start":{"line":224,"column":6},"end":{"line":251,"column":8}},"77":{"start":{"line":226,"column":30},"end":{"line":226,"column":75}},"78":{"start":{"line":227,"column":10},"end":{"line":249,"column":11}},"79":{"start":{"line":232,"column":12},"end":{"line":248,"column":14}},"80":{"start":{"line":234,"column":30},"end":{"line":239,"column":18}},"81":{"start":{"line":240,"column":16},"end":{"line":246,"column":17}},"82":{"start":{"line":241,"column":18},"end":{"line":245,"column":20}},"83":{"start":{"line":243,"column":22},"end":{"line":243,"column":43}},"84":{"start":{"line":253,"column":4},"end":{"line":255,"column":63}},"85":{"start":{"line":257,"column":4},"end":{"line":257,"column":57}},"86":{"start":{"line":258,"column":4},"end":{"line":258,"column":51}},"87":{"start":{"line":263,"column":33},"end":{"line":287,"column":1}},"88":{"start":{"line":264,"column":22},"end":{"line":264,"column":32}},"89":{"start":{"line":265,"column":2},"end":{"line":286,"column":3}},"90":{"start":{"line":266,"column":24},"end":{"line":266,"column":64}},"91":{"start":{"line":267,"column":16},"end":{"line":267,"column":68}},"92":{"start":{"line":268,"column":17},"end":{"line":268,"column":28}},"93":{"start":{"line":269,"column":4},"end":{"line":269,"column":57}},"94":{"start":{"line":270,"column":4},"end":{"line":270,"column":26}},"95":{"start":{"line":272,"column":4},"end":{"line":272,"column":23}},"96":{"start":{"line":274,"column":4},"end":{"line":279,"column":7}},"97":{"start":{"line":281,"column":4},"end":{"line":285,"column":7}}},"fnMap":{"0":{"name":"(anonymous_0)","decl":{"start":{"line":10,"column":37},"end":{"line":10,"column":38}},"loc":{"start":{"line":10,"column":57},"end":{"line":73,"column":1}},"line":10},"1":{"name":"(anonymous_1)","decl":{"start":{"line":29,"column":6},"end":{"line":29,"column":7}},"loc":{"start":{"line":29,"column":25},"end":{"line":29,"column":45}},"line":29},"2":{"name":"(anonymous_2)","decl":{"start":{"line":32,"column":41},"end":{"line":32,"column":42}},"loc":{"start":{"line":32,"column":54},"end":{"line":38,"column":5}},"line":32},"3":{"name":"(anonymous_3)","decl":{"start":{"line":75,"column":37},"end":{"line":75,"column":38}},"loc":{"start":{"line":75,"column":57},"end":{"line":92,"column":1}},"line":75},"4":{"name":"(anonymous_4)","decl":{"start":{"line":83,"column":33},"end":{"line":83,"column":34}},"loc":{"start":{"line":83,"column":44},"end":{"line":83,"column":59}},"line":83},"5":{"name":"(anonymous_5)","decl":{"start":{"line":95,"column":36},"end":{"line":95,"column":37}},"loc":{"start":{"line":95,"column":56},"end":{"line":133,"column":1}},"line":95},"6":{"name":"(anonymous_6)","decl":{"start":{"line":135,"column":38},"end":{"line":135,"column":39}},"loc":{"start":{"line":135,"column":58},"end":{"line":212,"column":1}},"line":135},"7":{"name":"(anonymous_7)","decl":{"start":{"line":150,"column":24},"end":{"line":150,"column":25}},"loc":{"start":{"line":150,"column":41},"end":{"line":198,"column":9}},"line":150},"8":{"name":"(anonymous_8)","decl":{"start":{"line":158,"column":29},"end":{"line":158,"column":30}},"loc":{"start":{"line":158,"column":47},"end":{"line":172,"column":15}},"line":158},"9":{"name":"(anonymous_9)","decl":{"start":{"line":167,"column":30},"end":{"line":167,"column":31}},"loc":{"start":{"line":167,"column":46},"end":{"line":169,"column":21}},"line":167},"10":{"name":"(anonymous_10)","decl":{"start":{"line":181,"column":29},"end":{"line":181,"column":30}},"loc":{"start":{"line":181,"column":47},"end":{"line":189,"column":15}},"line":181},"11":{"name":"(anonymous_11)","decl":{"start":{"line":215,"column":36},"end":{"line":215,"column":37}},"loc":{"start":{"line":215,"column":56},"end":{"line":260,"column":1}},"line":215},"12":{"name":"(anonymous_12)","decl":{"start":{"line":225,"column":24},"end":{"line":225,"column":25}},"loc":{"start":{"line":225,"column":41},"end":{"line":250,"column":9}},"line":225},"13":{"name":"(anonymous_13)","decl":{"start":{"line":233,"column":29},"end":{"line":233,"column":30}},"loc":{"start":{"line":233,"column":47},"end":{"line":247,"column":15}},"line":233},"14":{"name":"(anonymous_14)","decl":{"start":{"line":242,"column":30},"end":{"line":242,"column":31}},"loc":{"start":{"line":242,"column":46},"end":{"line":244,"column":21}},"line":242},"15":{"name":"(anonymous_15)","decl":{"start":{"line":263,"column":33},"end":{"line":263,"column":34}},"loc":{"start":{"line":263,"column":53},"end":{"line":287,"column":1}},"line":263}},"branchMap":{"0":{"loc":{"start":{"line":106,"column":4},"end":{"line":111,"column":5}},"type":"if","locations":[{"start":{"line":106,"column":4},"end":{"line":111,"column":5}},{"start":{},"end":{}}],"line":106},"1":{"loc":{"start":{"line":107,"column":6},"end":{"line":108,"column":50}},"type":"binary-expr","locations":[{"start":{"line":107,"column":6},"end":{"line":107,"column":53}},{"start":{"line":108,"column":6},"end":{"line":108,"column":50}}],"line":107},"2":{"loc":{"start":{"line":112,"column":4},"end":{"line":112,"column":74}},"type":"if","locations":[{"start":{"line":112,"column":4},"end":{"line":112,"column":74}},{"start":{},"end":{}}],"line":112},"3":{"loc":{"start":{"line":113,"column":4},"end":{"line":113,"column":72}},"type":"if","locations":[{"start":{"line":113,"column":4},"end":{"line":113,"column":72}},{"start":{},"end":{}}],"line":113},"4":{"loc":{"start":{"line":138,"column":10},"end":{"line":138,"column":20}},"type":"default-arg","locations":[{"start":{"line":138,"column":18},"end":{"line":138,"column":20}}],"line":138},"5":{"loc":{"start":{"line":138,"column":22},"end":{"line":138,"column":32}},"type":"default-arg","locations":[{"start":{"line":138,"column":31},"end":{"line":138,"column":32}}],"line":138},"6":{"loc":{"start":{"line":138,"column":34},"end":{"line":138,"column":45}},"type":"default-arg","locations":[{"start":{"line":138,"column":43},"end":{"line":138,"column":45}}],"line":138},"7":{"loc":{"start":{"line":148,"column":4},"end":{"line":200,"column":5}},"type":"if","locations":[{"start":{"line":148,"column":4},"end":{"line":200,"column":5}},{"start":{},"end":{}}],"line":148},"8":{"loc":{"start":{"line":153,"column":10},"end":{"line":174,"column":11}},"type":"if","locations":[{"start":{"line":153,"column":10},"end":{"line":174,"column":11}},{"start":{},"end":{}}],"line":153},"9":{"loc":{"start":{"line":154,"column":12},"end":{"line":155,"column":59}},"type":"binary-expr","locations":[{"start":{"line":154,"column":12},"end":{"line":154,"column":56}},{"start":{"line":155,"column":12},"end":{"line":155,"column":59}}],"line":154},"10":{"loc":{"start":{"line":165,"column":16},"end":{"line":171,"column":17}},"type":"if","locations":[{"start":{"line":165,"column":16},"end":{"line":171,"column":17}},{"start":{},"end":{}}],"line":165},"11":{"loc":{"start":{"line":165,"column":20},"end":{"line":165,"column":45}},"type":"binary-expr","locations":[{"start":{"line":165,"column":20},"end":{"line":165,"column":25}},{"start":{"line":165,"column":29},"end":{"line":165,"column":45}}],"line":165},"12":{"loc":{"start":{"line":175,"column":10},"end":{"line":191,"column":11}},"type":"if","locations":[{"start":{"line":175,"column":10},"end":{"line":191,"column":11}},{"start":{},"end":{}}],"line":175},"13":{"loc":{"start":{"line":176,"column":12},"end":{"line":177,"column":56}},"type":"binary-expr","locations":[{"start":{"line":176,"column":12},"end":{"line":176,"column":59}},{"start":{"line":177,"column":12},"end":{"line":177,"column":56}}],"line":176},"14":{"loc":{"start":{"line":192,"column":10},"end":{"line":192,"column":80}},"type":"if","locations":[{"start":{"line":192,"column":10},"end":{"line":192,"column":80}},{"start":{},"end":{}}],"line":192},"15":{"loc":{"start":{"line":193,"column":10},"end":{"line":193,"column":78}},"type":"if","locations":[{"start":{"line":193,"column":10},"end":{"line":193,"column":78}},{"start":{},"end":{}}],"line":193},"16":{"loc":{"start":{"line":223,"column":4},"end":{"line":252,"column":5}},"type":"if","locations":[{"start":{"line":223,"column":4},"end":{"line":252,"column":5}},{"start":{},"end":{}}],"line":223},"17":{"loc":{"start":{"line":227,"column":10},"end":{"line":249,"column":11}},"type":"if","locations":[{"start":{"line":227,"column":10},"end":{"line":249,"column":11}},{"start":{},"end":{}}],"line":227},"18":{"loc":{"start":{"line":228,"column":12},"end":{"line":230,"column":56}},"type":"binary-expr","locations":[{"start":{"line":228,"column":12},"end":{"line":228,"column":56}},{"start":{"line":229,"column":12},"end":{"line":229,"column":59}},{"start":{"line":230,"column":12},"end":{"line":230,"column":56}}],"line":228},"19":{"loc":{"start":{"line":240,"column":16},"end":{"line":246,"column":17}},"type":"if","locations":[{"start":{"line":240,"column":16},"end":{"line":246,"column":17}},{"start":{},"end":{}}],"line":240},"20":{"loc":{"start":{"line":240,"column":20},"end":{"line":240,"column":45}},"type":"binary-expr","locations":[{"start":{"line":240,"column":20},"end":{"line":240,"column":25}},{"start":{"line":240,"column":29},"end":{"line":240,"column":45}}],"line":240}},"s":{"0":1,"1":1,"2":2,"3":2,"4":2,"5":2,"6":1,"7":2,"8":1,"9":2,"10":1,"11":1,"12":1,"13":1,"14":1,"15":1,"16":1,"17":1,"18":2,"19":2,"20":2,"21":1,"22":2,"23":1,"24":1,"25":1,"26":1,"27":4,"28":4,"29":4,"30":4,"31":3,"32":3,"33":3,"34":1,"35":3,"36":1,"37":3,"38":1,"39":3,"40":3,"41":3,"42":1,"43":1,"44":1,"45":7,"46":7,"47":7,"48":7,"49":6,"50":5,"51":10,"52":10,"53":10,"54":4,"55":6,"56":6,"57":3,"58":3,"59":10,"60":4,"61":4,"62":6,"63":10,"64":2,"65":10,"66":2,"67":10,"68":6,"69":1,"70":1,"71":1,"72":5,"73":5,"74":5,"75":4,"76":3,"77":3,"78":3,"79":2,"80":4,"81":4,"82":2,"83":2,"84":4,"85":1,"86":1,"87":1,"88":4,"89":4,"90":4,"91":3,"92":2,"93":2,"94":2,"95":2,"96":1,"97":3},"f":{"0":2,"1":2,"2":2,"3":2,"4":2,"5":4,"6":7,"7":10,"8":6,"9":3,"10":6,"11":5,"12":3,"13":4,"14":2,"15":4},"b":{"0":[1,2],"1":[3,2],"2":[1,2],"3":[1,2],"4":[1],"5":[1],"6":[1],"7":[5,1],"8":[4,6],"9":[10,10],"10":[3,3],"11":[6,6],"12":[4,6],"13":[10,6],"14":[2,8],"15":[2,8],"16":[3,1],"17":[2,1],"18":[3,3,1],"19":[2,2],"20":[4,4]},"inputSourceMap":null,"_coverageSchema":"1a1c01bbd47fc00a2c39e90264f33305004495a9","hash":"59f1c4335870d519a8f7a136baab859dfc23dc71"}
,"C:\\Users\\Asus\\Project_Clone\\finalProject2-Muhammad-Rofi-Dailamy\\day-edu-tech-be\\src\\controllers\\user.controller.js": {"path":"C:\\Users\\Asus\\Project_Clone\\finalProject2-Muhammad-Rofi-Dailamy\\day-edu-tech-be\\src\\controllers\\user.controller.js","statementMap":{"0":{"start":{"line":2,"column":73},"end":{"line":2,"column":75}},"1":{"start":{"line":13,"column":19},"end":{"line":13,"column":49}},"2":{"start":{"line":14,"column":18},"end":{"line":14,"column":42}},"3":{"start":{"line":16,"column":26},"end":{"line":58,"column":1}},"4":{"start":{"line":17,"column":50},"end":{"line":17,"column":59}},"5":{"start":{"line":18,"column":2},"end":{"line":57,"column":3}},"6":{"start":{"line":19,"column":18},"end":{"line":45,"column":6}},"7":{"start":{"line":46,"column":4},"end":{"line":53,"column":7}},"8":{"start":{"line":55,"column":4},"end":{"line":55,"column":33}},"9":{"start":{"line":56,"column":4},"end":{"line":56,"column":40}},"10":{"start":{"line":60,"column":27},"end":{"line":75,"column":1}},"11":{"start":{"line":61,"column":17},"end":{"line":61,"column":27}},"12":{"start":{"line":62,"column":2},"end":{"line":74,"column":3}},"13":{"start":{"line":63,"column":17},"end":{"line":65,"column":6}},"14":{"start":{"line":66,"column":4},"end":{"line":70,"column":7}},"15":{"start":{"line":72,"column":4},"end":{"line":72,"column":33}},"16":{"start":{"line":73,"column":4},"end":{"line":73,"column":40}},"17":{"start":{"line":76,"column":26},"end":{"line":184,"column":1}},"18":{"start":{"line":77,"column":53},"end":{"line":77,"column":61}},"19":{"start":{"line":78,"column":20},"end":{"line":78,"column":49}},"20":{"start":{"line":79,"column":2},"end":{"line":183,"column":3}},"21":{"start":{"line":80,"column":21},"end":{"line":80,"column":49}},"22":{"start":{"line":82,"column":23},"end":{"line":82,"column":54}},"23":{"start":{"line":84,"column":17},"end":{"line":95,"column":5}},"24":{"start":{"line":97,"column":4},"end":{"line":108,"column":6}},"25":{"start":{"line":99,"column":8},"end":{"line":106,"column":10}},"26":{"start":{"line":109,"column":17},"end":{"line":112,"column":6}},"27":{"start":{"line":113,"column":4},"end":{"line":118,"column":5}},"28":{"start":{"line":114,"column":6},"end":{"line":117,"column":9}},"29":{"start":{"line":119,"column":4},"end":{"line":125,"column":6}},"30":{"start":{"line":126,"column":4},"end":{"line":137,"column":6}},"31":{"start":{"line":138,"column":18},"end":{"line":147,"column":5}},"32":{"start":{"line":148,"column":24},"end":{"line":154,"column":6}},"33":{"start":{"line":155,"column":32},"end":{"line":158,"column":5}},"34":{"start":{"line":159,"column":21},"end":{"line":159,"column":60}},"35":{"start":{"line":160,"column":23},"end":{"line":165,"column":6}},"36":{"start":{"line":166,"column":24},"end":{"line":171,"column":5}},"37":{"start":{"line":172,"column":4},"end":{"line":172,"column":44}},"38":{"start":{"line":173,"column":4},"end":{"line":173,"column":31}},"39":{"start":{"line":174,"column":4},"end":{"line":178,"column":7}},"40":{"start":{"line":180,"column":4},"end":{"line":180,"column":33}},"41":{"start":{"line":181,"column":4},"end":{"line":181,"column":33}},"42":{"start":{"line":182,"column":4},"end":{"line":182,"column":40}},"43":{"start":{"line":186,"column":30},"end":{"line":231,"column":1}},"44":{"start":{"line":187,"column":17},"end":{"line":187,"column":27}},"45":{"start":{"line":188,"column":63},"end":{"line":188,"column":71}},"46":{"start":{"line":189,"column":2},"end":{"line":230,"column":3}},"47":{"start":{"line":190,"column":17},"end":{"line":192,"column":6}},"48":{"start":{"line":193,"column":24},"end":{"line":195,"column":6}},"49":{"start":{"line":196,"column":4},"end":{"line":200,"column":6}},"50":{"start":{"line":198,"column":8},"end":{"line":198,"column":31}},"51":{"start":{"line":201,"column":4},"end":{"line":210,"column":6}},"52":{"start":{"line":203,"column":8},"end":{"line":208,"column":11}},"53":{"start":{"line":211,"column":23},"end":{"line":211,"column":36}},"54":{"start":{"line":212,"column":4},"end":{"line":214,"column":5}},"55":{"start":{"line":213,"column":6},"end":{"line":213,"column":53}},"56":{"start":{"line":215,"column":4},"end":{"line":221,"column":7}},"57":{"start":{"line":222,"column":4},"end":{"line":226,"column":7}},"58":{"start":{"line":228,"column":4},"end":{"line":228,"column":33}},"59":{"start":{"line":229,"column":4},"end":{"line":229,"column":40}},"60":{"start":{"line":233,"column":30},"end":{"line":248,"column":1}},"61":{"start":{"line":234,"column":17},"end":{"line":234,"column":27}},"62":{"start":{"line":235,"column":2},"end":{"line":247,"column":3}},"63":{"start":{"line":236,"column":17},"end":{"line":238,"column":6}},"64":{"start":{"line":239,"column":4},"end":{"line":239,"column":25}},"65":{"start":{"line":240,"column":4},"end":{"line":243,"column":7}},"66":{"start":{"line":245,"column":4},"end":{"line":245,"column":33}},"67":{"start":{"line":246,"column":4},"end":{"line":246,"column":40}}},"fnMap":{"0":{"name":"(anonymous_0)","decl":{"start":{"line":16,"column":26},"end":{"line":16,"column":27}},"loc":{"start":{"line":16,"column":46},"end":{"line":58,"column":1}},"line":16},"1":{"name":"(anonymous_1)","decl":{"start":{"line":60,"column":27},"end":{"line":60,"column":28}},"loc":{"start":{"line":60,"column":47},"end":{"line":75,"column":1}},"line":60},"2":{"name":"(anonymous_2)","decl":{"start":{"line":76,"column":26},"end":{"line":76,"column":27}},"loc":{"start":{"line":76,"column":46},"end":{"line":184,"column":1}},"line":76},"3":{"name":"(anonymous_3)","decl":{"start":{"line":98,"column":27},"end":{"line":98,"column":28}},"loc":{"start":{"line":98,"column":45},"end":{"line":107,"column":7}},"line":98},"4":{"name":"(anonymous_4)","decl":{"start":{"line":186,"column":30},"end":{"line":186,"column":31}},"loc":{"start":{"line":186,"column":50},"end":{"line":231,"column":1}},"line":186},"5":{"name":"(anonymous_5)","decl":{"start":{"line":197,"column":22},"end":{"line":197,"column":23}},"loc":{"start":{"line":197,"column":40},"end":{"line":199,"column":7}},"line":197},"6":{"name":"(anonymous_6)","decl":{"start":{"line":202,"column":28},"end":{"line":202,"column":29}},"loc":{"start":{"line":202,"column":46},"end":{"line":209,"column":7}},"line":202},"7":{"name":"(anonymous_7)","decl":{"start":{"line":233,"column":30},"end":{"line":233,"column":31}},"loc":{"start":{"line":233,"column":50},"end":{"line":248,"column":1}},"line":233}},"branchMap":{"0":{"loc":{"start":{"line":17,"column":10},"end":{"line":17,"column":20}},"type":"default-arg","locations":[{"start":{"line":17,"column":18},"end":{"line":17,"column":20}}],"line":17},"1":{"loc":{"start":{"line":17,"column":22},"end":{"line":17,"column":32}},"type":"default-arg","locations":[{"start":{"line":17,"column":31},"end":{"line":17,"column":32}}],"line":17},"2":{"loc":{"start":{"line":17,"column":34},"end":{"line":17,"column":45}},"type":"default-arg","locations":[{"start":{"line":17,"column":43},"end":{"line":17,"column":45}}],"line":17},"3":{"loc":{"start":{"line":113,"column":4},"end":{"line":118,"column":5}},"type":"if","locations":[{"start":{"line":113,"column":4},"end":{"line":118,"column":5}},{"start":{},"end":{}}],"line":113},"4":{"loc":{"start":{"line":212,"column":4},"end":{"line":214,"column":5}},"type":"if","locations":[{"start":{"line":212,"column":4},"end":{"line":214,"column":5}},{"start":{},"end":{}}],"line":212},"5":{"loc":{"start":{"line":216,"column":16},"end":{"line":216,"column":41}},"type":"binary-expr","locations":[{"start":{"line":216,"column":16},"end":{"line":216,"column":24}},{"start":{"line":216,"column":28},"end":{"line":216,"column":41}}],"line":216},"6":{"loc":{"start":{"line":217,"column":16},"end":{"line":217,"column":41}},"type":"binary-expr","locations":[{"start":{"line":217,"column":16},"end":{"line":217,"column":24}},{"start":{"line":217,"column":28},"end":{"line":217,"column":41}}],"line":217},"7":{"loc":{"start":{"line":218,"column":19},"end":{"line":218,"column":50}},"type":"binary-expr","locations":[{"start":{"line":218,"column":19},"end":{"line":218,"column":30}},{"start":{"line":218,"column":34},"end":{"line":218,"column":50}}],"line":218},"8":{"loc":{"start":{"line":219,"column":13},"end":{"line":219,"column":32}},"type":"binary-expr","locations":[{"start":{"line":219,"column":13},"end":{"line":219,"column":18}},{"start":{"line":219,"column":22},"end":{"line":219,"column":32}}],"line":219}},"s":{"0":1,"1":1,"2":1,"3":1,"4":4,"5":4,"6":4,"7":3,"8":1,"9":1,"10":1,"11":3,"12":3,"13":3,"14":2,"15":1,"16":1,"17":1,"18":3,"19":3,"20":3,"21":3,"22":3,"23":3,"24":2,"25":4,"26":2,"27":2,"28":1,"29":1,"30":1,"31":1,"32":1,"33":1,"34":1,"35":1,"36":1,"37":1,"38":1,"39":1,"40":1,"41":1,"42":1,"43":1,"44":4,"45":4,"46":4,"47":4,"48":3,"49":3,"50":4,"51":3,"52":6,"53":3,"54":3,"55":2,"56":3,"57":3,"58":1,"59":1,"60":1,"61":2,"62":2,"63":2,"64":1,"65":1,"66":1,"67":1},"f":{"0":4,"1":3,"2":3,"3":4,"4":4,"5":4,"6":6,"7":2},"b":{"0":[3],"1":[3],"2":[3],"3":[1,1],"4":[2,1],"5":[3,1],"6":[3,1],"7":[3,1],"8":[3,1]},"inputSourceMap":null,"_coverageSchema":"1a1c01bbd47fc00a2c39e90264f33305004495a9","hash":"31a21ee2d71f81b0873927647afa47a49a9487bd"}
,"C:\\Users\\Asus\\Project_Clone\\finalProject2-Muhammad-Rofi-Dailamy\\day-edu-tech-be\\src\\services\\firebase.service.js": {"path":"C:\\Users\\Asus\\Project_Clone\\finalProject2-Muhammad-Rofi-Dailamy\\day-edu-tech-be\\src\\services\\firebase.service.js","statementMap":{"0":{"start":{"line":2,"column":23},"end":{"line":14,"column":1}},"1":{"start":{"line":16,"column":0},"end":{"line":18,"column":3}}},"fnMap":{},"branchMap":{},"s":{"0":1,"1":1},"f":{},"b":{},"inputSourceMap":null,"_coverageSchema":"1a1c01bbd47fc00a2c39e90264f33305004495a9","hash":"10d4ab3561c72ca75ae6ff4fc6bc5fa4134fc4fd"}
,"C:\\Users\\Asus\\Project_Clone\\finalProject2-Muhammad-Rofi-Dailamy\\day-edu-tech-be\\src\\services\\generateCharacter.js": {"path":"C:\\Users\\Asus\\Project_Clone\\finalProject2-Muhammad-Rofi-Dailamy\\day-edu-tech-be\\src\\services\\generateCharacter.js","statementMap":{"0":{"start":{"line":1,"column":32},"end":{"line":13,"column":1}},"1":{"start":{"line":3,"column":4},"end":{"line":3,"column":68}},"2":{"start":{"line":4,"column":17},"end":{"line":4,"column":19}},"3":{"start":{"line":6,"column":2},"end":{"line":10,"column":3}},"4":{"start":{"line":6,"column":15},"end":{"line":6,"column":16}},"5":{"start":{"line":7,"column":4},"end":{"line":9,"column":6}},"6":{"start":{"line":12,"column":2},"end":{"line":12,"column":18}}},"fnMap":{"0":{"name":"(anonymous_0)","decl":{"start":{"line":1,"column":32},"end":{"line":1,"column":33}},"loc":{"start":{"line":1,"column":49},"end":{"line":13,"column":1}},"line":1}},"branchMap":{"0":{"loc":{"start":{"line":1,"column":33},"end":{"line":1,"column":44}},"type":"default-arg","locations":[{"start":{"line":1,"column":42},"end":{"line":1,"column":44}}],"line":1}},"s":{"0":1,"1":5,"2":5,"3":5,"4":5,"5":72,"6":5},"f":{"0":5},"b":{"0":[3]},"inputSourceMap":null,"_coverageSchema":"1a1c01bbd47fc00a2c39e90264f33305004495a9","hash":"7155af39c053c6b2884d9fb635e3e5e26f98baa5"}
,"C:\\Users\\Asus\\Project_Clone\\finalProject2-Muhammad-Rofi-Dailamy\\day-edu-tech-be\\src\\services\\midtrans.service.js": {"path":"C:\\Users\\Asus\\Project_Clone\\finalProject2-Muhammad-Rofi-Dailamy\\day-edu-tech-be\\src\\services\\midtrans.service.js","statementMap":{"0":{"start":{"line":2,"column":18},"end":{"line":2,"column":49}},"1":{"start":{"line":3,"column":16},"end":{"line":3,"column":45}},"2":{"start":{"line":4,"column":16},"end":{"line":4,"column":45}},"3":{"start":{"line":6,"column":45},"end":{"line":29,"column":1}},"4":{"start":{"line":7,"column":2},"end":{"line":28,"column":3}},"5":{"start":{"line":8,"column":21},"end":{"line":20,"column":5}},"6":{"start":{"line":21,"column":4},"end":{"line":21,"column":25}},"7":{"start":{"line":23,"column":4},"end":{"line":23,"column":54}},"8":{"start":{"line":24,"column":4},"end":{"line":27,"column":6}},"9":{"start":{"line":30,"column":40},"end":{"line":47,"column":1}},"10":{"start":{"line":31,"column":2},"end":{"line":46,"column":3}},"11":{"start":{"line":32,"column":21},"end":{"line":38,"column":6}},"12":{"start":{"line":39,"column":4},"end":{"line":39,"column":25}},"13":{"start":{"line":41,"column":4},"end":{"line":41,"column":56}},"14":{"start":{"line":42,"column":4},"end":{"line":45,"column":6}},"15":{"start":{"line":48,"column":41},"end":{"line":69,"column":1}},"16":{"start":{"line":49,"column":2},"end":{"line":68,"column":3}},"17":{"start":{"line":50,"column":21},"end":{"line":62,"column":5}},"18":{"start":{"line":63,"column":4},"end":{"line":63,"column":25}},"19":{"start":{"line":65,"column":4},"end":{"line":67,"column":6}}},"fnMap":{"0":{"name":"(anonymous_0)","decl":{"start":{"line":6,"column":45},"end":{"line":6,"column":46}},"loc":{"start":{"line":6,"column":75},"end":{"line":29,"column":1}},"line":6},"1":{"name":"(anonymous_1)","decl":{"start":{"line":30,"column":40},"end":{"line":30,"column":41}},"loc":{"start":{"line":30,"column":59},"end":{"line":47,"column":1}},"line":30},"2":{"name":"(anonymous_2)","decl":{"start":{"line":48,"column":41},"end":{"line":48,"column":42}},"loc":{"start":{"line":48,"column":60},"end":{"line":69,"column":1}},"line":48}},"branchMap":{"0":{"loc":{"start":{"line":25,"column":6},"end":{"line":26,"column":43}},"type":"binary-expr","locations":[{"start":{"line":25,"column":6},"end":{"line":25,"column":42}},{"start":{"line":26,"column":8},"end":{"line":26,"column":43}}],"line":25},"1":{"loc":{"start":{"line":43,"column":6},"end":{"line":44,"column":44}},"type":"binary-expr","locations":[{"start":{"line":43,"column":6},"end":{"line":43,"column":42}},{"start":{"line":44,"column":8},"end":{"line":44,"column":44}}],"line":43},"2":{"loc":{"start":{"line":66,"column":6},"end":{"line":66,"column":76}},"type":"binary-expr","locations":[{"start":{"line":66,"column":6},"end":{"line":66,"column":42}},{"start":{"line":66,"column":46},"end":{"line":66,"column":76}}],"line":66}},"s":{"0":1,"1":1,"2":1,"3":1,"4":3,"5":3,"6":1,"7":2,"8":2,"9":1,"10":4,"11":4,"12":1,"13":3,"14":3,"15":1,"16":4,"17":4,"18":1,"19":3},"f":{"0":3,"1":4,"2":4},"b":{"0":[2,1],"1":[3,2],"2":[3,2]},"inputSourceMap":null,"_coverageSchema":"1a1c01bbd47fc00a2c39e90264f33305004495a9","hash":"fce3cd0f6ef87fc15aee040a34769806ee262507"}
,"C:\\Users\\Asus\\Project_Clone\\finalProject2-Muhammad-Rofi-Dailamy\\day-edu-tech-be\\src\\utils\\character.util.js": {"path":"C:\\Users\\Asus\\Project_Clone\\finalProject2-Muhammad-Rofi-Dailamy\\day-edu-tech-be\\src\\utils\\character.util.js","statementMap":{"0":{"start":{"line":1,"column":40},"end":{"line":9,"column":1}},"1":{"start":{"line":3,"column":4},"end":{"line":3,"column":68}},"2":{"start":{"line":4,"column":15},"end":{"line":4,"column":17}},"3":{"start":{"line":5,"column":2},"end":{"line":7,"column":3}},"4":{"start":{"line":5,"column":15},"end":{"line":5,"column":16}},"5":{"start":{"line":6,"column":4},"end":{"line":6,"column":79}},"6":{"start":{"line":8,"column":2},"end":{"line":8,"column":16}}},"fnMap":{"0":{"name":"(anonymous_0)","decl":{"start":{"line":1,"column":40},"end":{"line":1,"column":41}},"loc":{"start":{"line":1,"column":57},"end":{"line":9,"column":1}},"line":1}},"branchMap":{"0":{"loc":{"start":{"line":1,"column":41},"end":{"line":1,"column":52}},"type":"default-arg","locations":[{"start":{"line":1,"column":50},"end":{"line":1,"column":52}}],"line":1}},"s":{"0":2,"1":8,"2":8,"3":8,"4":8,"5":132,"6":8},"f":{"0":8},"b":{"0":[3]},"inputSourceMap":null,"_coverageSchema":"1a1c01bbd47fc00a2c39e90264f33305004495a9","hash":"604d6c307155be77a8e626a17ce2fb587aab1e13"}
,"C:\\Users\\Asus\\Project_Clone\\finalProject2-Muhammad-Rofi-Dailamy\\day-edu-tech-be\\src\\utils\\file.util.js": {"path":"C:\\Users\\Asus\\Project_Clone\\finalProject2-Muhammad-Rofi-Dailamy\\day-edu-tech-be\\src\\utils\\file.util.js","statementMap":{"0":{"start":{"line":4,"column":19},"end":{"line":4,"column":49}},"1":{"start":{"line":5,"column":18},"end":{"line":5,"column":42}},"2":{"start":{"line":8,"column":16},"end":{"line":15,"column":2}},"3":{"start":{"line":10,"column":4},"end":{"line":10,"column":74}},"4":{"start":{"line":13,"column":4},"end":{"line":13,"column":59}},"5":{"start":{"line":17,"column":22},"end":{"line":17,"column":50}}},"fnMap":{"0":{"name":"(anonymous_0)","decl":{"start":{"line":9,"column":15},"end":{"line":9,"column":16}},"loc":{"start":{"line":9,"column":40},"end":{"line":11,"column":3}},"line":9},"1":{"name":"(anonymous_1)","decl":{"start":{"line":12,"column":12},"end":{"line":12,"column":13}},"loc":{"start":{"line":12,"column":37},"end":{"line":14,"column":3}},"line":12}},"branchMap":{},"s":{"0":1,"1":1,"2":1,"3":1,"4":1,"5":1},"f":{"0":1,"1":1},"b":{},"inputSourceMap":null,"_coverageSchema":"1a1c01bbd47fc00a2c39e90264f33305004495a9","hash":"b7d37c8039a291d4e7a5430173624d0161488745"}
,"C:\\Users\\Asus\\Project_Clone\\finalProject2-Muhammad-Rofi-Dailamy\\day-edu-tech-be\\src\\utils\\forge.util.js": {"path":"C:\\Users\\Asus\\Project_Clone\\finalProject2-Muhammad-Rofi-Dailamy\\day-edu-tech-be\\src\\utils\\forge.util.js","statementMap":{"0":{"start":{"line":6,"column":34},"end":{"line":16,"column":1}},"1":{"start":{"line":7,"column":14},"end":{"line":7,"column":43}},"2":{"start":{"line":8,"column":18},"end":{"line":10,"column":3}},"3":{"start":{"line":11,"column":2},"end":{"line":15,"column":5}},"4":{"start":{"line":19,"column":30},"end":{"line":61,"column":1}},"5":{"start":{"line":20,"column":2},"end":{"line":60,"column":3}},"6":{"start":{"line":21,"column":26},"end":{"line":23,"column":5}},"7":{"start":{"line":30,"column":8},"end":{"line":30,"column":21}},"8":{"start":{"line":31,"column":4},"end":{"line":31,"column":48}},"9":{"start":{"line":32,"column":26},"end":{"line":35,"column":23}},"10":{"start":{"line":36,"column":23},"end":{"line":36,"column":65}},"11":{"start":{"line":37,"column":25},"end":{"line":40,"column":5}},"12":{"start":{"line":41,"column":17},"end":{"line":41,"column":36}},"13":{"start":{"line":42,"column":4},"end":{"line":42,"column":34}},"14":{"start":{"line":43,"column":4},"end":{"line":43,"column":55}},"15":{"start":{"line":44,"column":25},"end":{"line":44,"column":46}},"16":{"start":{"line":46,"column":4},"end":{"line":49,"column":5}},"17":{"start":{"line":48,"column":6},"end":{"line":48,"column":68}},"18":{"start":{"line":50,"column":21},"end":{"line":50,"column":73}},"19":{"start":{"line":51,"column":4},"end":{"line":51,"column":52}},"20":{"start":{"line":52,"column":4},"end":{"line":54,"column":6}},"21":{"start":{"line":55,"column":4},"end":{"line":55,"column":22}},"22":{"start":{"line":56,"column":4},"end":{"line":56,"column":57}},"23":{"start":{"line":58,"column":4},"end":{"line":58,"column":51}},"24":{"start":{"line":59,"column":4},"end":{"line":59,"column":53}}},"fnMap":{"0":{"name":"(anonymous_0)","decl":{"start":{"line":6,"column":34},"end":{"line":6,"column":35}},"loc":{"start":{"line":6,"column":48},"end":{"line":16,"column":1}},"line":6},"1":{"name":"(anonymous_1)","decl":{"start":{"line":19,"column":30},"end":{"line":19,"column":31}},"loc":{"start":{"line":19,"column":49},"end":{"line":61,"column":1}},"line":19}},"branchMap":{"0":{"loc":{"start":{"line":46,"column":4},"end":{"line":49,"column":5}},"type":"if","locations":[{"start":{"line":46,"column":4},"end":{"line":49,"column":5}},{"start":{},"end":{}}],"line":46}},"s":{"0":1,"1":1,"2":1,"3":1,"4":1,"5":3,"6":3,"7":2,"8":2,"9":2,"10":2,"11":2,"12":2,"13":2,"14":2,"15":2,"16":2,"17":1,"18":1,"19":1,"20":1,"21":1,"22":1,"23":1,"24":1},"f":{"0":1,"1":3},"b":{"0":[1,1]},"inputSourceMap":null,"_coverageSchema":"1a1c01bbd47fc00a2c39e90264f33305004495a9","hash":"5308b3a0db12616d285a3a84e1fd2ee136974144"}
,"C:\\Users\\Asus\\Project_Clone\\finalProject2-Muhammad-Rofi-Dailamy\\day-edu-tech-be\\src\\utils\\postman2openapi.util.js": {"path":"C:\\Users\\Asus\\Project_Clone\\finalProject2-Muhammad-Rofi-Dailamy\\day-edu-tech-be\\src\\utils\\postman2openapi.util.js","statementMap":{"0":{"start":{"line":6,"column":0},"end":{"line":6,"column":16}},"1":{"start":{"line":8,"column":24},"end":{"line":30,"column":1}},"2":{"start":{"line":9,"column":2},"end":{"line":29,"column":3}},"3":{"start":{"line":10,"column":4},"end":{"line":15,"column":5}},"4":{"start":{"line":11,"column":6},"end":{"line":13,"column":8}},"5":{"start":{"line":14,"column":6},"end":{"line":14,"column":13}},"6":{"start":{"line":16,"column":21},"end":{"line":18,"column":5}},"7":{"start":{"line":19,"column":20},"end":{"line":19,"column":55}},"8":{"start":{"line":20,"column":4},"end":{"line":20,"column":53}},"9":{"start":{"line":21,"column":4},"end":{"line":24,"column":6}},"10":{"start":{"line":25,"column":4},"end":{"line":25,"column":68}},"11":{"start":{"line":27,"column":4},"end":{"line":27,"column":31}},"12":{"start":{"line":28,"column":4},"end":{"line":28,"column":16}},"13":{"start":{"line":32,"column":12},"end":{"line":38,"column":1}},"14":{"start":{"line":33,"column":2},"end":{"line":37,"column":3}},"15":{"start":{"line":34,"column":4},"end":{"line":34,"column":28}},"16":{"start":{"line":36,"column":4},"end":{"line":36,"column":31}},"17":{"start":{"line":40,"column":0},"end":{"line":40,"column":6}}},"fnMap":{"0":{"name":"(anonymous_0)","decl":{"start":{"line":8,"column":24},"end":{"line":8,"column":25}},"loc":{"start":{"line":8,"column":36},"end":{"line":30,"column":1}},"line":8},"1":{"name":"(anonymous_1)","decl":{"start":{"line":32,"column":12},"end":{"line":32,"column":13}},"loc":{"start":{"line":32,"column":24},"end":{"line":38,"column":1}},"line":32}},"branchMap":{"0":{"loc":{"start":{"line":10,"column":4},"end":{"line":15,"column":5}},"type":"if","locations":[{"start":{"line":10,"column":4},"end":{"line":15,"column":5}},{"start":{},"end":{}}],"line":10},"1":{"loc":{"start":{"line":10,"column":8},"end":{"line":10,"column":71}},"type":"binary-expr","locations":[{"start":{"line":10,"column":8},"end":{"line":10,"column":36}},{"start":{"line":10,"column":40},"end":{"line":10,"column":71}}],"line":10}},"s":{"0":1,"1":1,"2":4,"3":4,"4":1,"5":1,"6":3,"7":2,"8":1,"9":1,"10":1,"11":2,"12":2,"13":1,"14":1,"15":1,"16":1,"17":1},"f":{"0":4,"1":1},"b":{"0":[1,3],"1":[4,3]},"inputSourceMap":null,"_coverageSchema":"1a1c01bbd47fc00a2c39e90264f33305004495a9","hash":"6b26b64fee04d1617192c420678cc5a16ab14db7"}
}
