TN:
SF:src\controllers\auth.controller.js
FN:18,(anonymous_0)
FN:106,(anonymous_1)
FN:159,(anonymous_2)
FN:253,(anonymous_3)
FN:265,(anonymous_4)
FN:323,(anonymous_5)
FN:357,(anonymous_6)
FNF:7
FNH:2
FNDA:3,(anonymous_0)
FNDA:5,(anonymous_1)
FNDA:0,(anonymous_2)
FNDA:0,(anonymous_3)
FNDA:0,(anonymous_4)
FNDA:0,(anonymous_5)
FNDA:0,(anonymous_6)
DA:2,1
DA:4,1
DA:15,1
DA:16,1
DA:18,1
DA:19,3
DA:20,3
DA:21,3
DA:22,3
DA:30,2
DA:34,2
DA:35,1
DA:40,1
DA:47,1
DA:59,1
DA:69,1
DA:76,1
DA:80,1
DA:81,1
DA:87,1
DA:93,1
DA:94,1
DA:95,1
DA:101,1
DA:102,1
DA:103,1
DA:106,1
DA:107,5
DA:108,5
DA:109,5
DA:120,4
DA:121,2
DA:126,2
DA:127,2
DA:128,1
DA:134,1
DA:143,1
DA:149,1
DA:155,1
DA:156,1
DA:159,1
DA:160,0
DA:161,0
DA:162,0
DA:164,0
DA:165,0
DA:185,0
DA:186,0
DA:197,0
DA:209,0
DA:221,0
DA:223,0
DA:224,0
DA:233,0
DA:234,0
DA:235,0
DA:241,0
DA:247,0
DA:248,0
DA:249,0
DA:253,1
DA:254,0
DA:255,0
DA:256,0
DA:261,0
DA:262,0
DA:265,1
DA:266,0
DA:267,0
DA:268,0
DA:271,0
DA:272,0
DA:277,0
DA:287,0
DA:294,0
DA:298,0
DA:299,0
DA:305,0
DA:311,0
DA:312,0
DA:318,0
DA:319,0
DA:323,1
DA:324,0
DA:325,0
DA:326,0
DA:327,0
DA:332,0
DA:333,0
DA:334,0
DA:339,0
DA:342,0
DA:343,0
DA:348,0
DA:349,0
DA:350,0
DA:352,0
DA:353,0
DA:357,1
DA:358,0
DA:359,0
DA:360,0
DA:361,0
DA:362,0
DA:367,0
DA:368,0
DA:369,0
DA:374,0
DA:377,0
DA:378,0
DA:383,0
DA:384,0
DA:385,0
DA:390,0
DA:391,0
LF:115
LH:45
BRDA:34,0,0,1
BRDA:34,0,1,1
BRDA:120,1,0,2
BRDA:120,1,1,2
BRDA:120,2,0,4
BRDA:120,2,1,3
BRDA:127,3,0,1
BRDA:127,3,1,1
BRDA:185,4,0,0
BRDA:185,4,1,0
BRDA:271,5,0,0
BRDA:271,5,1,0
BRDA:326,6,0,0
BRDA:326,6,1,0
BRDA:333,7,0,0
BRDA:333,7,1,0
BRDA:342,8,0,0
BRDA:342,8,1,0
BRDA:361,9,0,0
BRDA:361,9,1,0
BRDA:368,10,0,0
BRDA:368,10,1,0
BRDA:377,11,0,0
BRDA:377,11,1,0
BRF:24
BRH:8
end_of_record
TN:
SF:src\controllers\cart.controller.js
FN:5,(anonymous_0)
FN:34,(anonymous_1)
FN:61,(anonymous_2)
FNF:3
FNH:3
FNDA:2,(anonymous_0)
FNDA:3,(anonymous_1)
FNDA:3,(anonymous_2)
DA:3,1
DA:5,1
DA:6,2
DA:7,2
DA:8,2
DA:23,1
DA:29,1
DA:30,1
DA:34,1
DA:35,3
DA:36,3
DA:37,3
DA:40,2
DA:41,1
DA:46,1
DA:51,1
DA:56,1
DA:57,1
DA:61,1
DA:62,3
DA:63,3
DA:64,3
DA:67,2
DA:68,1
DA:73,1
DA:74,1
DA:79,1
DA:80,1
LF:28
LH:28
BRDA:40,0,0,1
BRDA:40,0,1,1
BRDA:67,1,0,1
BRDA:67,1,1,1
BRF:4
BRH:4
end_of_record
TN:
SF:src\controllers\course.controller.js
FN:5,(anonymous_0)
FN:27,(anonymous_1)
FN:57,(anonymous_2)
FN:82,(anonymous_3)
FN:121,(anonymous_4)
FN:130,(anonymous_5)
FN:165,(anonymous_6)
FN:186,(anonymous_7)
FN:221,(anonymous_8)
FNF:9
FNH:0
FNDA:0,(anonymous_0)
FNDA:0,(anonymous_1)
FNDA:0,(anonymous_2)
FNDA:0,(anonymous_3)
FNDA:0,(anonymous_4)
FNDA:0,(anonymous_5)
FNDA:0,(anonymous_6)
FNDA:0,(anonymous_7)
FNDA:0,(anonymous_8)
DA:2,0
DA:5,0
DA:6,0
DA:7,0
DA:8,0
DA:15,0
DA:22,0
DA:23,0
DA:27,0
DA:28,0
DA:29,0
DA:30,0
DA:47,0
DA:53,0
DA:54,0
DA:57,0
DA:58,0
DA:59,0
DA:60,0
DA:69,0
DA:77,0
DA:78,0
DA:82,0
DA:83,0
DA:84,0
DA:85,0
DA:86,0
DA:104,0
DA:105,0
DA:110,0
DA:116,0
DA:117,0
DA:121,0
DA:122,0
DA:123,0
DA:124,0
DA:128,0
DA:129,0
DA:130,0
DA:131,0
DA:132,0
DA:137,0
DA:154,0
DA:160,0
DA:161,0
DA:165,0
DA:166,0
DA:167,0
DA:168,0
DA:170,0
DA:175,0
DA:181,0
DA:182,0
DA:186,0
DA:187,0
DA:188,0
DA:189,0
DA:190,0
DA:191,0
DA:194,0
DA:195,0
DA:200,0
DA:201,0
DA:206,0
DA:210,0
DA:216,0
DA:217,0
DA:221,0
DA:222,0
DA:223,0
DA:224,0
DA:225,0
DA:228,0
DA:229,0
DA:234,0
DA:235,0
DA:240,0
DA:241,0
LF:78
LH:0
BRDA:58,0,0,0
BRDA:58,1,0,0
BRDA:58,2,0,0
BRDA:104,3,0,0
BRDA:104,3,1,0
BRDA:131,4,0,0
BRDA:131,4,1,0
BRDA:167,5,0,0
BRDA:167,5,1,0
BRDA:194,6,0,0
BRDA:194,6,1,0
BRDA:200,7,0,0
BRDA:200,7,1,0
BRDA:228,8,0,0
BRDA:228,8,1,0
BRF:15
BRH:0
end_of_record
TN:
SF:src\controllers\curriculum.controller.js
FN:6,(anonymous_0)
FN:38,(anonymous_1)
FN:62,(anonymous_2)
FN:79,(anonymous_3)
FN:103,(anonymous_4)
FNF:5
FNH:5
FNDA:4,(anonymous_0)
FNDA:2,(anonymous_1)
FNDA:2,(anonymous_2)
FNDA:3,(anonymous_3)
FNDA:3,(anonymous_4)
DA:2,1
DA:6,1
DA:7,4
DA:8,4
DA:9,4
DA:24,3
DA:33,1
DA:34,1
DA:38,1
DA:39,2
DA:40,2
DA:41,2
DA:51,1
DA:57,1
DA:58,1
DA:62,1
DA:63,2
DA:64,2
DA:68,1
DA:74,1
DA:75,1
DA:79,1
DA:80,3
DA:81,3
DA:82,3
DA:85,2
DA:86,1
DA:91,1
DA:92,1
DA:98,1
DA:99,1
DA:103,1
DA:104,3
DA:105,3
DA:106,3
DA:109,2
DA:110,1
DA:115,1
DA:116,1
DA:121,1
DA:122,1
LF:41
LH:41
BRDA:7,0,0,3
BRDA:7,1,0,3
BRDA:7,2,0,3
BRDA:85,3,0,1
BRDA:85,3,1,1
BRDA:109,4,0,1
BRDA:109,4,1,1
BRF:7
BRH:7
end_of_record
TN:
SF:src\controllers\order.controller.js
FN:5,(anonymous_0)
FN:38,(anonymous_1)
FNF:2
FNH:0
FNDA:0,(anonymous_0)
FNDA:0,(anonymous_1)
DA:2,0
DA:5,0
DA:6,0
DA:7,0
DA:8,0
DA:9,0
DA:25,0
DA:33,0
DA:34,0
DA:38,0
DA:39,0
DA:40,0
DA:41,0
DA:56,0
DA:64,0
DA:65,0
LF:16
LH:0
BRDA:7,0,0,0
BRDA:7,1,0,0
BRDA:7,2,0,0
BRDA:39,3,0,0
BRDA:39,4,0,0
BRDA:39,5,0,0
BRF:6
BRH:0
end_of_record
TN:
SF:src\controllers\profile.controller.js
FN:4,(anonymous_0)
FN:27,(anonymous_1)
FN:55,(anonymous_2)
FN:72,(anonymous_3)
FN:102,(anonymous_4)
FNF:5
FNH:0
FNDA:0,(anonymous_0)
FNDA:0,(anonymous_1)
FNDA:0,(anonymous_2)
FNDA:0,(anonymous_3)
FNDA:0,(anonymous_4)
DA:2,0
DA:4,0
DA:5,0
DA:6,0
DA:16,0
DA:22,0
DA:23,0
DA:27,0
DA:28,0
DA:29,0
DA:30,0
DA:40,0
DA:41,0
DA:44,0
DA:50,0
DA:51,0
DA:55,0
DA:56,0
DA:57,0
DA:61,0
DA:67,0
DA:68,0
DA:72,0
DA:73,0
DA:74,0
DA:75,0
DA:78,0
DA:79,0
DA:81,0
DA:82,0
DA:87,0
DA:91,0
DA:97,0
DA:98,0
DA:102,0
DA:103,0
DA:104,0
DA:105,0
DA:108,0
DA:109,0
DA:114,0
DA:115,0
LF:42
LH:0
BRDA:40,0,0,0
BRDA:40,0,1,0
BRDA:78,1,0,0
BRDA:78,1,1,0
BRDA:81,2,0,0
BRDA:81,2,1,0
BRF:6
BRH:0
end_of_record
TN:
SF:src\controllers\section.controller.js
FN:6,(anonymous_0)
FN:34,(anonymous_1)
FN:68,(anonymous_2)
FN:89,(anonymous_3)
FN:107,(anonymous_4)
FN:129,(anonymous_5)
FNF:6
FNH:0
FNDA:0,(anonymous_0)
FNDA:0,(anonymous_1)
FNDA:0,(anonymous_2)
FNDA:0,(anonymous_3)
FNDA:0,(anonymous_4)
FNDA:0,(anonymous_5)
DA:2,0
DA:6,0
DA:7,0
DA:8,0
DA:9,0
DA:23,0
DA:30,0
DA:31,0
DA:34,0
DA:35,0
DA:36,0
DA:37,0
DA:55,0
DA:63,0
DA:64,0
DA:68,0
DA:69,0
DA:70,0
DA:71,0
DA:72,0
DA:73,0
DA:78,0
DA:84,0
DA:85,0
DA:89,0
DA:90,0
DA:91,0
DA:96,0
DA:102,0
DA:103,0
DA:107,0
DA:108,0
DA:109,0
DA:110,0
DA:111,0
DA:112,0
DA:117,0
DA:118,0
DA:124,0
DA:125,0
DA:129,0
DA:130,0
DA:131,0
DA:132,0
DA:133,0
DA:134,0
DA:135,0
DA:140,0
DA:141,0
DA:146,0
DA:147,0
LF:51
LH:0
BRDA:35,0,0,0
BRDA:35,1,0,0
BRDA:35,2,0,0
BRDA:72,3,0,0
BRDA:72,3,1,0
BRDA:111,4,0,0
BRDA:111,4,1,0
BRDA:134,5,0,0
BRDA:134,5,1,0
BRF:9
BRH:0
end_of_record
TN:
SF:src\controllers\test.controller.js
FN:2,(anonymous_0)
FNF:1
FNH:0
FNDA:0,(anonymous_0)
DA:2,0
DA:3,0
DA:4,0
DA:5,0
DA:6,0
LF:5
LH:0
BRF:0
BRH:0
end_of_record
TN:
SF:src\controllers\transaction.controller.js
FN:9,(anonymous_0)
FN:28,(anonymous_1)
FN:32,(anonymous_2)
FN:75,(anonymous_3)
FN:83,(anonymous_4)
FN:95,(anonymous_5)
FN:143,(anonymous_6)
FN:158,(anonymous_7)
FN:191,(anonymous_8)
FN:201,(anonymous_9)
FNF:10
FNH:0
FNDA:0,(anonymous_0)
FNDA:0,(anonymous_1)
FNDA:0,(anonymous_2)
FNDA:0,(anonymous_3)
FNDA:0,(anonymous_4)
FNDA:0,(anonymous_5)
FNDA:0,(anonymous_6)
FNDA:0,(anonymous_7)
FNDA:0,(anonymous_8)
FNDA:0,(anonymous_9)
DA:6,0
DA:9,0
DA:10,0
DA:11,0
DA:12,0
DA:13,0
DA:26,0
DA:27,0
DA:28,0
DA:31,0
DA:32,0
DA:39,0
DA:50,0
DA:51,0
DA:63,0
DA:64,0
DA:70,0
DA:71,0
DA:75,0
DA:76,0
DA:77,0
DA:78,0
DA:83,0
DA:84,0
DA:89,0
DA:90,0
DA:95,0
DA:96,0
DA:97,0
DA:98,0
DA:99,0
DA:100,0
DA:103,0
DA:104,0
DA:105,0
DA:111,0
DA:112,0
DA:116,0
DA:118,0
DA:119,0
DA:121,0
DA:122,0
DA:123,0
DA:127,0
DA:132,0
DA:138,0
DA:139,0
DA:143,0
DA:144,0
DA:145,0
DA:146,0
DA:147,0
DA:155,0
DA:156,0
DA:157,0
DA:159,0
DA:160,0
DA:161,0
DA:162,0
DA:166,0
DA:168,0
DA:169,0
DA:170,0
DA:177,0
DA:185,0
DA:186,0
DA:191,0
DA:192,0
DA:193,0
DA:194,0
DA:195,0
DA:199,0
DA:200,0
DA:202,0
DA:206,0
DA:210,0
DA:211,0
LF:77
LH:0
BRDA:104,0,0,0
BRDA:104,0,1,0
BRDA:112,1,0,0
BRDA:112,1,1,0
BRDA:113,2,0,0
BRDA:113,2,1,0
BRDA:118,3,0,0
BRDA:118,3,1,0
BRDA:119,4,0,0
BRDA:119,4,1,0
BRDA:145,5,0,0
BRDA:145,6,0,0
BRDA:145,7,0,0
BRDA:156,8,0,0
BRDA:156,8,1,0
BRDA:162,9,0,0
BRDA:162,9,1,0
BRDA:163,10,0,0
BRDA:163,10,1,0
BRDA:168,11,0,0
BRDA:168,11,1,0
BRDA:169,12,0,0
BRDA:169,12,1,0
BRDA:199,13,0,0
BRDA:199,13,1,0
BRF:25
BRH:0
end_of_record
TN:
SF:src\controllers\user.controller.js
FN:16,(anonymous_0)
FN:60,(anonymous_1)
FN:76,(anonymous_2)
FN:98,(anonymous_3)
FN:183,(anonymous_4)
FN:194,(anonymous_5)
FN:199,(anonymous_6)
FN:230,(anonymous_7)
FNF:8
FNH:8
FNDA:4,(anonymous_0)
FNDA:3,(anonymous_1)
FNDA:3,(anonymous_2)
FNDA:4,(anonymous_3)
FNDA:3,(anonymous_4)
FNDA:2,(anonymous_5)
FNDA:4,(anonymous_6)
FNDA:2,(anonymous_7)
DA:2,1
DA:13,1
DA:14,1
DA:16,1
DA:17,4
DA:18,4
DA:19,4
DA:46,3
DA:55,1
DA:56,1
DA:60,1
DA:61,3
DA:62,3
DA:63,3
DA:66,2
DA:72,1
DA:73,1
DA:76,1
DA:77,3
DA:78,3
DA:79,3
DA:80,3
DA:82,3
DA:84,3
DA:97,2
DA:99,4
DA:109,2
DA:113,2
DA:114,1
DA:116,1
DA:123,1
DA:135,1
DA:145,1
DA:152,1
DA:156,1
DA:157,1
DA:163,1
DA:169,1
DA:170,1
DA:171,1
DA:177,1
DA:178,1
DA:179,1
DA:183,1
DA:184,3
DA:185,3
DA:186,3
DA:187,3
DA:190,2
DA:193,2
DA:195,2
DA:198,2
DA:200,4
DA:208,2
DA:209,2
DA:210,1
DA:212,2
DA:219,2
DA:225,1
DA:226,1
DA:230,1
DA:231,2
DA:232,2
DA:233,2
DA:236,1
DA:237,1
DA:242,1
DA:243,1
LF:68
LH:68
BRDA:17,0,0,3
BRDA:17,1,0,3
BRDA:17,2,0,3
BRDA:113,3,0,1
BRDA:113,3,1,1
BRDA:209,4,0,1
BRDA:209,4,1,1
BRDA:213,5,0,2
BRDA:213,5,1,0
BRDA:214,6,0,2
BRDA:214,6,1,0
BRDA:215,7,0,2
BRDA:215,7,1,0
BRDA:216,8,0,2
BRDA:216,8,1,0
BRF:15
BRH:11
end_of_record
TN:
SF:src\services\firebase.service.js
FNF:0
FNH:0
DA:2,1
DA:16,1
LF:2
LH:2
BRF:0
BRH:0
end_of_record
TN:
SF:src\services\generateCharacter.js
FN:1,(anonymous_0)
FNF:1
FNH:0
FNDA:0,(anonymous_0)
DA:1,1
DA:3,0
DA:4,0
DA:6,0
DA:7,0
DA:12,0
LF:6
LH:1
BRDA:1,0,0,0
BRF:1
BRH:0
end_of_record
TN:
SF:src\services\midtrans.service.js
FN:6,(anonymous_0)
FN:29,(anonymous_1)
FNF:2
FNH:0
FNDA:0,(anonymous_0)
FNDA:0,(anonymous_1)
DA:2,0
DA:3,0
DA:4,0
DA:6,0
DA:7,0
DA:8,0
DA:21,0
DA:23,0
DA:24,0
DA:29,0
DA:30,0
DA:31,0
DA:38,0
DA:40,0
DA:41,0
LF:15
LH:0
BRDA:25,0,0,0
BRDA:25,0,1,0
BRDA:42,1,0,0
BRDA:42,1,1,0
BRF:4
BRH:0
end_of_record
TN:
SF:src\utils\character.util.js
FN:1,(anonymous_0)
FNF:1
FNH:1
FNDA:3,(anonymous_0)
DA:1,1
DA:3,3
DA:4,3
DA:5,3
DA:6,60
DA:8,3
LF:6
LH:6
BRDA:1,0,0,0
BRF:1
BRH:0
end_of_record
TN:
SF:src\utils\file.util.js
FN:9,(anonymous_0)
FN:13,(anonymous_1)
FNF:2
FNH:0
FNDA:0,(anonymous_0)
FNDA:0,(anonymous_1)
DA:4,0
DA:5,0
DA:8,0
DA:10,0
DA:11,0
DA:14,0
DA:18,0
LF:7
LH:0
BRF:0
BRH:0
end_of_record
TN:
SF:src\utils\forge.util.js
FN:6,(anonymous_0)
FN:19,(anonymous_1)
FNF:2
FNH:0
FNDA:0,(anonymous_0)
FNDA:0,(anonymous_1)
DA:6,0
DA:7,0
DA:8,0
DA:11,0
DA:19,0
DA:20,0
DA:21,0
DA:30,0
DA:31,0
DA:32,0
DA:36,0
DA:37,0
DA:41,0
DA:42,0
DA:43,0
DA:44,0
DA:46,0
DA:48,0
DA:50,0
DA:51,0
DA:52,0
DA:55,0
DA:56,0
DA:58,0
DA:59,0
DA:60,0
LF:26
LH:0
BRDA:46,0,0,0
BRDA:46,0,1,0
BRF:2
BRH:0
end_of_record
