TN:
SF:src\controllers\auth.controller.js
FN:18,(anonymous_0)
FN:106,(anonymous_1)
FN:159,(anonymous_2)
FN:253,(anonymous_3)
FN:265,(anonymous_4)
FN:323,(anonymous_5)
FN:357,(anonymous_6)
FNF:7
FNH:7
FNDA:3,(anonymous_0)
FNDA:5,(anonymous_1)
FNDA:4,(anonymous_2)
FNDA:2,(anonymous_3)
FNDA:3,(anonymous_4)
FNDA:5,(anonymous_5)
FNDA:5,(anonymous_6)
DA:2,1
DA:4,1
DA:15,1
DA:16,1
DA:18,1
DA:19,3
DA:20,3
DA:21,3
DA:22,3
DA:30,2
DA:34,2
DA:35,1
DA:40,1
DA:47,1
DA:59,1
DA:69,1
DA:76,1
DA:80,1
DA:81,1
DA:87,1
DA:93,1
DA:94,1
DA:95,1
DA:101,1
DA:102,1
DA:103,1
DA:106,1
DA:107,5
DA:108,5
DA:109,5
DA:120,4
DA:121,2
DA:126,2
DA:127,2
DA:128,1
DA:134,1
DA:143,1
DA:149,1
DA:155,1
DA:156,1
DA:159,1
DA:160,4
DA:161,4
DA:162,4
DA:164,4
DA:165,3
DA:185,3
DA:186,2
DA:197,1
DA:209,1
DA:221,1
DA:223,2
DA:224,2
DA:233,2
DA:234,2
DA:235,2
DA:241,2
DA:247,2
DA:248,2
DA:249,2
DA:253,1
DA:254,2
DA:255,2
DA:256,1
DA:261,1
DA:262,1
DA:265,1
DA:266,3
DA:267,3
DA:268,3
DA:271,2
DA:272,1
DA:277,1
DA:287,1
DA:294,1
DA:298,1
DA:299,1
DA:305,1
DA:311,1
DA:312,1
DA:318,1
DA:319,1
DA:323,1
DA:324,5
DA:325,5
DA:326,5
DA:327,1
DA:332,4
DA:333,4
DA:334,1
DA:339,3
DA:342,2
DA:343,1
DA:348,1
DA:349,1
DA:350,1
DA:352,1
DA:353,1
DA:357,1
DA:358,5
DA:359,5
DA:360,5
DA:361,5
DA:362,1
DA:367,4
DA:368,4
DA:369,1
DA:374,3
DA:377,2
DA:378,1
DA:383,1
DA:384,1
DA:385,1
DA:390,1
DA:391,1
LF:115
LH:115
BRDA:34,0,0,1
BRDA:34,0,1,1
BRDA:120,1,0,2
BRDA:120,1,1,2
BRDA:120,2,0,4
BRDA:120,2,1,3
BRDA:127,3,0,1
BRDA:127,3,1,1
BRDA:185,4,0,2
BRDA:185,4,1,1
BRDA:271,5,0,1
BRDA:271,5,1,1
BRDA:326,6,0,1
BRDA:326,6,1,4
BRDA:333,7,0,1
BRDA:333,7,1,3
BRDA:342,8,0,1
BRDA:342,8,1,1
BRDA:361,9,0,1
BRDA:361,9,1,4
BRDA:368,10,0,1
BRDA:368,10,1,3
BRDA:377,11,0,1
BRDA:377,11,1,1
BRF:24
BRH:24
end_of_record
TN:
SF:src\controllers\cart.controller.js
FN:6,(anonymous_0)
FN:35,(anonymous_1)
FN:56,(anonymous_2)
FN:74,(anonymous_3)
FN:85,(anonymous_4)
FN:93,(anonymous_5)
FN:103,(anonymous_6)
FNF:7
FNH:7
FNDA:2,(anonymous_0)
FNDA:2,(anonymous_1)
FNDA:2,(anonymous_2)
FNDA:5,(anonymous_3)
FNDA:3,(anonymous_4)
FNDA:2,(anonymous_5)
FNDA:1,(anonymous_6)
DA:4,1
DA:6,1
DA:7,2
DA:8,2
DA:9,2
DA:24,1
DA:30,1
DA:31,1
DA:35,1
DA:36,2
DA:37,2
DA:38,2
DA:41,1
DA:46,1
DA:51,1
DA:52,1
DA:56,1
DA:57,2
DA:58,2
DA:59,2
DA:63,1
DA:64,1
DA:69,1
DA:70,1
DA:74,1
DA:75,5
DA:76,5
DA:77,5
DA:78,5
DA:83,4
DA:84,3
DA:86,3
DA:87,3
DA:92,2
DA:94,2
DA:100,2
DA:101,1
DA:102,1
DA:104,1
DA:114,4
DA:120,1
DA:121,1
LF:42
LH:42
BRDA:83,0,0,3
BRDA:83,0,1,1
BRDA:87,1,0,2
BRDA:87,1,1,1
BRDA:88,2,0,3
BRDA:88,2,1,3
BRDA:88,2,2,3
BRDA:100,3,0,1
BRDA:100,3,1,1
BRDA:100,4,0,2
BRDA:100,4,1,2
BRF:11
BRH:11
end_of_record
TN:
SF:src\controllers\course.controller.js
FN:5,(anonymous_0)
FN:27,(anonymous_1)
FN:57,(anonymous_2)
FN:83,(anonymous_3)
FN:123,(anonymous_4)
FN:177,(anonymous_5)
FN:179,(anonymous_6)
FN:201,(anonymous_7)
FN:209,(anonymous_8)
FN:244,(anonymous_9)
FN:265,(anonymous_10)
FN:299,(anonymous_11)
FNF:12
FNH:12
FNDA:2,(anonymous_0)
FNDA:3,(anonymous_1)
FNDA:5,(anonymous_2)
FNDA:3,(anonymous_3)
FNDA:7,(anonymous_4)
FNDA:2,(anonymous_5)
FNDA:2,(anonymous_6)
FNDA:3,(anonymous_7)
FNDA:1,(anonymous_8)
FNDA:3,(anonymous_9)
FNDA:4,(anonymous_10)
FNDA:3,(anonymous_11)
DA:2,1
DA:5,1
DA:6,2
DA:7,2
DA:8,2
DA:15,1
DA:22,1
DA:23,1
DA:27,1
DA:28,3
DA:29,3
DA:30,3
DA:47,2
DA:53,1
DA:54,1
DA:57,1
DA:58,5
DA:59,5
DA:60,5
DA:69,4
DA:78,1
DA:79,1
DA:83,1
DA:84,3
DA:85,3
DA:86,3
DA:103,2
DA:104,1
DA:109,1
DA:110,1
DA:119,1
DA:120,1
DA:123,1
DA:124,7
DA:125,7
DA:126,7
DA:143,6
DA:144,1
DA:149,5
DA:150,5
DA:156,5
DA:157,1
DA:159,5
DA:165,5
DA:166,1
DA:169,5
DA:176,5
DA:178,2
DA:180,2
DA:181,1
DA:187,5
DA:196,1
DA:197,1
DA:201,1
DA:202,3
DA:203,3
DA:204,3
DA:209,2
DA:210,2
DA:211,1
DA:216,1
DA:233,1
DA:239,1
DA:240,1
DA:244,1
DA:245,3
DA:246,3
DA:247,1
DA:249,2
DA:254,1
DA:260,1
DA:261,1
DA:265,1
DA:266,4
DA:267,4
DA:268,4
DA:269,4
DA:272,3
DA:273,1
DA:278,2
DA:279,1
DA:284,1
DA:288,2
DA:294,1
DA:295,1
DA:299,1
DA:300,3
DA:301,3
DA:302,3
DA:305,2
DA:306,1
DA:311,1
DA:312,1
DA:317,1
DA:318,1
LF:95
LH:95
BRDA:58,0,0,1
BRDA:58,1,0,1
BRDA:58,2,0,1
BRDA:103,3,0,1
BRDA:103,3,1,1
BRDA:143,4,0,1
BRDA:143,4,1,5
BRDA:156,5,0,1
BRDA:156,5,1,4
BRDA:165,6,0,1
BRDA:165,6,1,4
BRDA:165,7,0,5
BRDA:165,7,1,5
BRDA:180,8,0,1
BRDA:180,8,1,1
BRDA:210,9,0,1
BRDA:210,9,1,1
BRDA:246,10,0,1
BRDA:246,10,1,2
BRDA:272,11,0,1
BRDA:272,11,1,2
BRDA:278,12,0,1
BRDA:278,12,1,1
BRDA:305,13,0,1
BRDA:305,13,1,1
BRF:25
BRH:25
end_of_record
TN:
SF:src\controllers\curriculum.controller.js
FN:6,(anonymous_0)
FN:38,(anonymous_1)
FN:62,(anonymous_2)
FN:79,(anonymous_3)
FN:103,(anonymous_4)
FNF:5
FNH:5
FNDA:4,(anonymous_0)
FNDA:2,(anonymous_1)
FNDA:2,(anonymous_2)
FNDA:3,(anonymous_3)
FNDA:3,(anonymous_4)
DA:2,1
DA:6,1
DA:7,4
DA:8,4
DA:9,4
DA:24,3
DA:33,1
DA:34,1
DA:38,1
DA:39,2
DA:40,2
DA:41,2
DA:51,1
DA:57,1
DA:58,1
DA:62,1
DA:63,2
DA:64,2
DA:68,1
DA:74,1
DA:75,1
DA:79,1
DA:80,3
DA:81,3
DA:82,3
DA:85,2
DA:86,1
DA:91,1
DA:92,1
DA:98,1
DA:99,1
DA:103,1
DA:104,3
DA:105,3
DA:106,3
DA:109,2
DA:110,1
DA:115,1
DA:116,1
DA:121,1
DA:122,1
LF:41
LH:41
BRDA:7,0,0,3
BRDA:7,1,0,3
BRDA:7,2,0,3
BRDA:85,3,0,1
BRDA:85,3,1,1
BRDA:109,4,0,1
BRDA:109,4,1,1
BRF:7
BRH:7
end_of_record
TN:
SF:src\controllers\order.controller.js
FN:5,(anonymous_0)
FN:38,(anonymous_1)
FNF:2
FNH:2
FNDA:4,(anonymous_0)
FNDA:3,(anonymous_1)
DA:2,1
DA:5,1
DA:6,4
DA:7,4
DA:8,4
DA:9,4
DA:25,3
DA:33,1
DA:34,1
DA:38,1
DA:39,3
DA:40,3
DA:41,3
DA:60,2
DA:68,1
DA:69,1
LF:16
LH:16
BRDA:7,0,0,3
BRDA:7,1,0,3
BRDA:7,2,0,3
BRDA:39,3,0,3
BRDA:39,4,0,3
BRDA:39,5,0,3
BRF:6
BRH:6
end_of_record
TN:
SF:src\controllers\profile.controller.js
FN:4,(anonymous_0)
FN:27,(anonymous_1)
FN:55,(anonymous_2)
FN:72,(anonymous_3)
FN:102,(anonymous_4)
FNF:5
FNH:5
FNDA:2,(anonymous_0)
FNDA:3,(anonymous_1)
FNDA:2,(anonymous_2)
FNDA:4,(anonymous_3)
FNDA:2,(anonymous_4)
DA:2,1
DA:4,1
DA:5,2
DA:6,2
DA:16,1
DA:22,1
DA:23,1
DA:27,1
DA:28,3
DA:29,3
DA:30,3
DA:40,2
DA:41,1
DA:44,1
DA:50,1
DA:51,1
DA:55,1
DA:56,2
DA:57,2
DA:61,1
DA:67,1
DA:68,1
DA:72,1
DA:73,4
DA:74,4
DA:75,4
DA:78,3
DA:79,2
DA:81,3
DA:82,2
DA:87,1
DA:91,3
DA:97,1
DA:98,1
DA:102,1
DA:103,2
DA:104,2
DA:105,2
DA:108,1
DA:109,1
DA:114,1
DA:115,1
LF:42
LH:42
BRDA:40,0,0,1
BRDA:40,0,1,1
BRDA:78,1,0,2
BRDA:78,1,1,1
BRDA:81,2,0,2
BRDA:81,2,1,1
BRF:6
BRH:6
end_of_record
TN:
SF:src\controllers\section.controller.js
FN:6,(anonymous_0)
FN:34,(anonymous_1)
FN:69,(anonymous_2)
FN:90,(anonymous_3)
FN:108,(anonymous_4)
FN:130,(anonymous_5)
FNF:6
FNH:6
FNDA:2,(anonymous_0)
FNDA:5,(anonymous_1)
FNDA:3,(anonymous_2)
FNDA:2,(anonymous_3)
FNDA:3,(anonymous_4)
FNDA:3,(anonymous_5)
DA:2,1
DA:6,1
DA:7,2
DA:8,2
DA:9,2
DA:23,1
DA:30,1
DA:31,1
DA:34,1
DA:35,5
DA:36,5
DA:37,5
DA:55,4
DA:64,1
DA:65,1
DA:69,1
DA:70,3
DA:71,3
DA:72,3
DA:73,2
DA:74,1
DA:79,1
DA:85,1
DA:86,1
DA:90,1
DA:91,2
DA:92,2
DA:97,1
DA:103,1
DA:104,1
DA:108,1
DA:109,3
DA:110,3
DA:111,3
DA:112,2
DA:113,1
DA:118,1
DA:119,1
DA:125,1
DA:126,1
DA:130,1
DA:131,3
DA:132,3
DA:133,3
DA:134,2
DA:135,1
DA:140,1
DA:141,1
DA:146,1
DA:147,1
LF:50
LH:50
BRDA:35,0,0,1
BRDA:35,1,0,1
BRDA:35,2,0,1
BRDA:73,3,0,1
BRDA:73,3,1,1
BRDA:112,4,0,1
BRDA:112,4,1,1
BRDA:134,5,0,1
BRDA:134,5,1,1
BRF:9
BRH:9
end_of_record
TN:
SF:src\controllers\transaction.controller.js
FN:10,(anonymous_0)
FN:29,(anonymous_1)
FN:32,(anonymous_2)
FN:75,(anonymous_3)
FN:83,(anonymous_4)
FN:95,(anonymous_5)
FN:135,(anonymous_6)
FN:150,(anonymous_7)
FN:158,(anonymous_8)
FN:167,(anonymous_9)
FN:181,(anonymous_10)
FN:215,(anonymous_11)
FN:225,(anonymous_12)
FN:233,(anonymous_13)
FN:242,(anonymous_14)
FN:263,(anonymous_15)
FNF:16
FNH:16
FNDA:2,(anonymous_0)
FNDA:2,(anonymous_1)
FNDA:2,(anonymous_2)
FNDA:2,(anonymous_3)
FNDA:2,(anonymous_4)
FNDA:4,(anonymous_5)
FNDA:7,(anonymous_6)
FNDA:10,(anonymous_7)
FNDA:6,(anonymous_8)
FNDA:3,(anonymous_9)
FNDA:6,(anonymous_10)
FNDA:5,(anonymous_11)
FNDA:3,(anonymous_12)
FNDA:4,(anonymous_13)
FNDA:2,(anonymous_14)
FNDA:4,(anonymous_15)
DA:7,1
DA:10,1
DA:11,2
DA:12,2
DA:13,2
DA:14,2
DA:28,1
DA:29,2
DA:32,2
DA:39,1
DA:50,1
DA:51,1
DA:63,1
DA:64,1
DA:70,1
DA:71,1
DA:75,1
DA:76,2
DA:77,2
DA:78,2
DA:83,2
DA:84,1
DA:89,1
DA:90,1
DA:95,1
DA:96,4
DA:97,4
DA:98,4
DA:99,4
DA:100,3
DA:105,3
DA:106,3
DA:110,1
DA:112,3
DA:113,3
DA:115,3
DA:119,3
DA:124,3
DA:130,1
DA:131,1
DA:135,1
DA:136,7
DA:138,7
DA:139,7
DA:140,7
DA:148,6
DA:149,5
DA:151,10
DA:152,10
DA:153,10
DA:157,4
DA:159,6
DA:165,6
DA:166,3
DA:168,3
DA:175,10
DA:179,4
DA:180,4
DA:182,6
DA:192,10
DA:193,10
DA:194,10
DA:201,6
DA:209,1
DA:210,1
DA:215,1
DA:216,5
DA:217,5
DA:218,5
DA:223,4
DA:224,3
DA:226,3
DA:227,3
DA:232,2
DA:234,4
DA:240,4
DA:241,2
DA:243,2
DA:253,4
DA:257,1
DA:258,1
DA:263,1
DA:264,4
DA:265,4
DA:266,4
DA:267,3
DA:268,2
DA:269,2
DA:270,2
DA:272,2
DA:274,1
DA:281,3
LF:92
LH:92
BRDA:106,0,0,1
BRDA:106,0,1,2
BRDA:107,1,0,3
BRDA:107,1,1,2
BRDA:112,2,0,1
BRDA:112,2,1,2
BRDA:113,3,0,1
BRDA:113,3,1,2
BRDA:138,4,0,1
BRDA:138,5,0,1
BRDA:138,6,0,1
BRDA:148,7,0,5
BRDA:148,7,1,1
BRDA:153,8,0,4
BRDA:153,8,1,6
BRDA:154,9,0,10
BRDA:154,9,1,10
BRDA:165,10,0,3
BRDA:165,10,1,3
BRDA:165,11,0,6
BRDA:165,11,1,6
BRDA:175,12,0,4
BRDA:175,12,1,6
BRDA:176,13,0,10
BRDA:176,13,1,6
BRDA:192,14,0,2
BRDA:192,14,1,8
BRDA:193,15,0,2
BRDA:193,15,1,8
BRDA:223,16,0,3
BRDA:223,16,1,1
BRDA:227,17,0,2
BRDA:227,17,1,1
BRDA:228,18,0,3
BRDA:228,18,1,3
BRDA:228,18,2,1
BRDA:240,19,0,2
BRDA:240,19,1,2
BRDA:240,20,0,4
BRDA:240,20,1,4
BRF:40
BRH:40
end_of_record
TN:
SF:src\controllers\user.controller.js
FN:16,(anonymous_0)
FN:60,(anonymous_1)
FN:76,(anonymous_2)
FN:98,(anonymous_3)
FN:186,(anonymous_4)
FN:197,(anonymous_5)
FN:202,(anonymous_6)
FN:233,(anonymous_7)
FNF:8
FNH:8
FNDA:4,(anonymous_0)
FNDA:3,(anonymous_1)
FNDA:3,(anonymous_2)
FNDA:4,(anonymous_3)
FNDA:4,(anonymous_4)
FNDA:4,(anonymous_5)
FNDA:6,(anonymous_6)
FNDA:2,(anonymous_7)
DA:2,1
DA:13,1
DA:14,1
DA:16,1
DA:17,4
DA:18,4
DA:19,4
DA:46,3
DA:55,1
DA:56,1
DA:60,1
DA:61,3
DA:62,3
DA:63,3
DA:66,2
DA:72,1
DA:73,1
DA:76,1
DA:77,3
DA:78,3
DA:79,3
DA:80,3
DA:82,3
DA:84,3
DA:97,2
DA:99,4
DA:109,2
DA:113,2
DA:114,1
DA:119,1
DA:126,1
DA:138,1
DA:148,1
DA:155,1
DA:159,1
DA:160,1
DA:166,1
DA:172,1
DA:173,1
DA:174,1
DA:180,1
DA:181,1
DA:182,1
DA:186,1
DA:187,4
DA:188,4
DA:189,4
DA:190,4
DA:193,3
DA:196,3
DA:198,4
DA:201,3
DA:203,6
DA:211,3
DA:212,3
DA:213,2
DA:215,3
DA:222,3
DA:228,1
DA:229,1
DA:233,1
DA:234,2
DA:235,2
DA:236,2
DA:239,1
DA:240,1
DA:245,1
DA:246,1
LF:68
LH:68
BRDA:17,0,0,3
BRDA:17,1,0,3
BRDA:17,2,0,3
BRDA:113,3,0,1
BRDA:113,3,1,1
BRDA:212,4,0,2
BRDA:212,4,1,1
BRDA:216,5,0,3
BRDA:216,5,1,1
BRDA:217,6,0,3
BRDA:217,6,1,1
BRDA:218,7,0,3
BRDA:218,7,1,1
BRDA:219,8,0,3
BRDA:219,8,1,1
BRF:15
BRH:15
end_of_record
TN:
SF:src\services\firebase.service.js
FNF:0
FNH:0
DA:2,1
DA:16,1
LF:2
LH:2
BRF:0
BRH:0
end_of_record
TN:
SF:src\services\generateCharacter.js
FN:1,(anonymous_0)
FNF:1
FNH:1
FNDA:5,(anonymous_0)
DA:1,1
DA:3,5
DA:4,5
DA:6,5
DA:7,72
DA:12,5
LF:6
LH:6
BRDA:1,0,0,3
BRF:1
BRH:1
end_of_record
TN:
SF:src\services\midtrans.service.js
FN:6,(anonymous_0)
FN:30,(anonymous_1)
FN:48,(anonymous_2)
FNF:3
FNH:3
FNDA:3,(anonymous_0)
FNDA:4,(anonymous_1)
FNDA:4,(anonymous_2)
DA:2,1
DA:3,1
DA:4,1
DA:6,1
DA:7,3
DA:8,3
DA:21,1
DA:23,2
DA:24,2
DA:30,1
DA:31,4
DA:32,4
DA:39,1
DA:41,3
DA:42,3
DA:48,1
DA:49,4
DA:50,4
DA:63,1
DA:65,3
LF:20
LH:20
BRDA:25,0,0,2
BRDA:25,0,1,1
BRDA:43,1,0,3
BRDA:43,1,1,2
BRDA:66,2,0,3
BRDA:66,2,1,2
BRF:6
BRH:6
end_of_record
TN:
SF:src\utils\character.util.js
FN:1,(anonymous_0)
FNF:1
FNH:1
FNDA:8,(anonymous_0)
DA:1,2
DA:3,8
DA:4,8
DA:5,8
DA:6,132
DA:8,8
LF:6
LH:6
BRDA:1,0,0,3
BRF:1
BRH:1
end_of_record
TN:
SF:src\utils\file.util.js
FN:9,(anonymous_0)
FN:12,(anonymous_1)
FNF:2
FNH:2
FNDA:1,(anonymous_0)
FNDA:1,(anonymous_1)
DA:4,1
DA:5,1
DA:8,1
DA:10,1
DA:13,1
DA:17,1
LF:6
LH:6
BRF:0
BRH:0
end_of_record
TN:
SF:src\utils\forge.util.js
FN:6,(anonymous_0)
FN:19,(anonymous_1)
FNF:2
FNH:2
FNDA:1,(anonymous_0)
FNDA:3,(anonymous_1)
DA:6,1
DA:7,1
DA:8,1
DA:11,1
DA:19,1
DA:20,3
DA:21,3
DA:30,2
DA:31,2
DA:32,2
DA:36,2
DA:37,2
DA:41,2
DA:42,2
DA:43,2
DA:44,2
DA:46,2
DA:48,1
DA:50,1
DA:51,1
DA:52,1
DA:55,1
DA:56,1
DA:58,1
DA:59,1
LF:25
LH:25
BRDA:46,0,0,1
BRDA:46,0,1,1
BRF:2
BRH:2
end_of_record
TN:
SF:src\utils\postman2openapi.util.js
FN:8,(anonymous_0)
FN:32,(anonymous_1)
FNF:2
FNH:2
FNDA:4,(anonymous_0)
FNDA:1,(anonymous_1)
DA:6,1
DA:8,1
DA:9,4
DA:10,4
DA:11,1
DA:14,1
DA:16,3
DA:19,2
DA:20,1
DA:21,1
DA:25,1
DA:27,2
DA:28,2
DA:32,1
DA:33,1
DA:34,1
DA:36,1
DA:40,1
LF:18
LH:18
BRDA:10,0,0,1
BRDA:10,0,1,3
BRDA:10,1,0,4
BRDA:10,1,1,3
BRF:4
BRH:4
end_of_record
